#
# A fatal error has been detected by the Java Runtime Environment:
#
#  EXCEPTION_ILLEGAL_INSTRUCTION (0xc000001d) at pc=0x0000027ea3d0d0ba, pid=13664, tid=13344
#
# JRE version: Java(TM) SE Runtime Environment (11.0.2+9) (build 11.0.2+9-LTS)
# Java VM: Java HotSpot(TM) 64-Bit Server VM (11.0.2+9-LTS, mixed mode, tiered, compressed oops, g1 gc, windows-amd64)
# Problematic frame:
# J 4884% c2 bt.k(II)V (1316 bytes) @ 0x0000027ea3d0d0ba [0x0000027ea3d0c840+0x000000000000087a]
#
# No core dump will be written. Minidumps are not enabled by default on client versions of Windows
#
# If you would like to submit a bug report, please visit:
#   http://bugreport.java.com/bugreport/crash.jsp
#

---------------  S U M M A R Y ------------

Command Line: -javaagent:C:\Program Files\JetBrains\IntelliJ IDEA 2018.3.4\lib\idea_rt.jar=50305:C:\Program Files\JetBrains\IntelliJ IDEA 2018.3.4\bin -Dfile.encoding=UTF-8 net.runelite.client.RuneLite

Host: AMD FX(tm)-8350 Eight-Core Processor           , 8 cores, 15G,  Windows 10 , 64 bit Build 18362 (10.0.18362.86)
Time: Thu Aug 29 19:46:42 2019 Eastern Daylight Time elapsed time: 10 seconds (0d 0h 0m 10s)

---------------  T H R E A D  ---------------

Current thread (0x0000027eb94f0800):  JavaThread "Thread-2" daemon [_thread_in_Java, id=13344, stack(0x000000a618f00000,0x000000a619000000)]

Stack: [0x000000a618f00000,0x000000a619000000],  sp=0x000000a618fff120,  free space=1020k
Native frames: (J=compiled Java code, j=interpreted, Vv=VM code, C=native code)
C  0x0000027ea3d0d0ba


siginfo: EXCEPTION_ILLEGAL_INSTRUCTION (0xc000001d)


Register to memory mapping:

RIP=0x0000027ea3d0d0ba is at entry_point+2170 in (nmethod*)0x0000027ea3d0c690
RAX=0x0 is NULL
RBX=0x00000000ffffff81 is an unknown value
RCX=0x0000000000000001 is an unknown value
RDX=0x0000000000000101 is an unknown value
RSP=0x000000a618fff120 is pointing into the stack for thread: 0x0000027eb94f0800
RBP=0x0000000000000081 is an unknown value
RSI=0x0000000000000001 is an unknown value
RDI=0x0000000000000001 is an unknown value
R8 =0x0000000000000080 is an unknown value
R9 =0x0 is NULL
R10=0x00000000000000fe is an unknown value
R11=0xffffffffffffff81 is an unknown value
R12=0x0 is NULL
R13=3781967874 is a compressed pointer to object: [I 
{0x000000070b620010} - klass: {type array int}
 - length: 32768
R14=0x0 is NULL
R15=0x0000027eb94f0800 is a thread


Registers:
RAX=0x0000000000000000, RBX=0x00000000ffffff81, RCX=0x0000000000000001, RDX=0x0000000000000101
RSP=0x000000a618fff120, RBP=0x0000000000000081, RSI=0x0000000000000001, RDI=0x0000000000000001
R8 =0x0000000000000080, R9 =0x0000000000000000, R10=0x00000000000000fe, R11=0xffffffffffffff81
R12=0x0000000000000000, R13=0x00000000e16c4002, R14=0x0000000000000000, R15=0x0000027eb94f0800
RIP=0x0000027ea3d0d0ba, EFLAGS=0x0000000000010286

Top of Stack: (sp=0x000000a618fff120)
0x000000a618fff120:   000000a618fff1a0 000000a600000000
0x000000a618fff130:   0000027e9bfa9e67 deaddeaf00000051
0x000000a618fff140:   0000800000000003 000000070b7cade8
0x000000a618fff150:   ffffffff00000001 000000807eedec69
0x000000a618fff160:   e16c800400000000 000000070b640020
0x000000a618fff170:   0000000000008000 0000000000000001
0x000000a618fff180:   0000000000000000 0000000000000000
0x000000a618fff190:   000000a618fff208 0000027e9bfa9e67
0x000000a618fff1a0:   deaddeaf7eedec69 0000000000000000
0x000000a618fff1b0:   000000070b7cade8 000000070b7cade8
0x000000a618fff1c0:   000000a618fff1c0 0000027ec61b5fea
0x000000a618fff1d0:   000000a618fff238 0000027ec61bb148
0x000000a618fff1e0:   0000000000000000 000000070b7cace0
0x000000a618fff1f0:   0000027ec61b6080 000000a618fff1a8
0x000000a618fff200:   000000a618fff220 000000a618fff288
0x000000a618fff210:   0000027e9bfa9e67 0000000000000001 

Instructions: (pc=0x0000027ea3d0d0ba)
0x0000027ea3d0d09a:   24 2c 48 8b 44 24 f8 89 7c 24 30 89 4c 24 34 44
0x0000027ea3d0d0aa:   89 74 24 38 44 89 54 24 3c e8 48 bb 2b f8 0f 0b
0x0000027ea3d0d0ba:   0f 0b 0f 0b 89 44 24 20 41 8b e9 e9 7e fe ff ff
0x0000027ea3d0d0ca:   89 44 24 20 e9 ab fe ff ff ba 7e ff ff ff 4c 89 


Stack slot to memory mapping:
stack at sp + 0 slots: 0x000000a618fff1a0 is pointing into the stack for thread: 0x0000027eb94f0800
stack at sp + 1 slots: 0x000000a600000000 is an unknown value
stack at sp + 2 slots: 0x0000027e9bfa9e67 is at code_begin+2343 in an Interpreter codelet
invoke return entry points  [0x0000027e9bfa9540, 0x0000027e9bfa9f40]  2560 bytes
stack at sp + 3 slots: 0xdeaddeaf00000051 is an unknown value
stack at sp + 4 slots: 0x0000800000000003 is an unknown value
stack at sp + 5 slots: 0x000000070b7cade8 is an oop: bt 
{0x000000070b7cade8} - klass: 'bt'
stack at sp + 6 slots: 0xffffffff00000001 is an unknown value
stack at sp + 7 slots: 0x000000807eedec69 is an unknown value



---------------  P R O C E S S  ---------------

Threads class SMR info:
_java_thread_list=0x0000027ebdd727b0, length=39, elements={
0x0000027eb760d000, 0x0000027eb7616800, 0x0000027eb7f1c800, 0x0000027eb7f1e800,
0x0000027eb7f21800, 0x0000027eb7ec9000, 0x0000027eb7ed2800, 0x0000027eb7ea1000,
0x0000027eb83d7800, 0x0000027eb83d8000, 0x0000027eb91ba800, 0x0000027eb8b0e800,
0x0000027eb8b0c000, 0x0000027eb9627000, 0x0000027eb9cee000, 0x0000027eb96bc800,
0x0000027eb94ea800, 0x0000027eb94ee000, 0x0000027eb94ee800, 0x0000027eb94eb800,
0x0000027eb94ec000, 0x0000027eb94ed000, 0x0000027eb94ef800, 0x0000027eb94f0800,
0x0000027eb94f1000, 0x0000027eb9458800, 0x0000027eb945a000, 0x0000027eb945b800,
0x0000027eb945d800, 0x0000027eb9459000, 0x0000027eb9457800, 0x0000027eb945e000,
0x0000027eb945c800, 0x0000027eb945b000, 0x0000027eb945f000, 0x0000027eb9463000,
0x0000027ec5033000, 0x0000027ebdc95000, 0x0000027eb9462000
}

Java Threads: ( => current thread )
  0x0000027eb760d000 JavaThread "Reference Handler" daemon [_thread_blocked, id=12340, stack(0x000000a616900000,0x000000a616a00000)]
  0x0000027eb7616800 JavaThread "Finalizer" daemon [_thread_blocked, id=14040, stack(0x000000a616a00000,0x000000a616b00000)]
  0x0000027eb7f1c800 JavaThread "Signal Dispatcher" daemon [_thread_blocked, id=5448, stack(0x000000a616b00000,0x000000a616c00000)]
  0x0000027eb7f1e800 JavaThread "Attach Listener" daemon [_thread_blocked, id=9932, stack(0x000000a616c00000,0x000000a616d00000)]
  0x0000027eb7f21800 JavaThread "C2 CompilerThread0" daemon [_thread_blocked, id=4940, stack(0x000000a616d00000,0x000000a616e00000)]
  0x0000027eb7ec9000 JavaThread "C1 CompilerThread0" daemon [_thread_blocked, id=7944, stack(0x000000a616e00000,0x000000a616f00000)]
  0x0000027eb7ed2800 JavaThread "Sweeper thread" daemon [_thread_blocked, id=5096, stack(0x000000a616f00000,0x000000a617000000)]
  0x0000027eb7ea1000 JavaThread "Common-Cleaner" daemon [_thread_blocked, id=6028, stack(0x000000a617000000,0x000000a617100000)]
  0x0000027eb83d7800 JavaThread "Monitor Ctrl-Break" daemon [_thread_in_native, id=416, stack(0x000000a617100000,0x000000a617200000)]
  0x0000027eb83d8000 JavaThread "Service Thread" daemon [_thread_blocked, id=13516, stack(0x000000a617200000,0x000000a617300000)]
  0x0000027eb91ba800 JavaThread "OkHttp ConnectionPool" daemon [_thread_blocked, id=6272, stack(0x000000a617c00000,0x000000a617d00000)]
  0x0000027eb8b0e800 JavaThread "Okio Watchdog" daemon [_thread_blocked, id=208, stack(0x000000a617d00000,0x000000a617e00000)]
  0x0000027eb8b0c000 JavaThread "pool-2-thread-1" [_thread_blocked, id=5624, stack(0x000000a618000000,0x000000a618100000)]
  0x0000027eb9627000 JavaThread "pool-3-thread-1" [_thread_blocked, id=11244, stack(0x000000a617f00000,0x000000a618000000)]
  0x0000027eb9cee000 JavaThread "Java2D Disposer" daemon [_thread_blocked, id=3988, stack(0x000000a618100000,0x000000a618200000)]
  0x0000027eb96bc800 JavaThread "AWT-Windows" daemon [_thread_in_native, id=2868, stack(0x000000a618300000,0x000000a618400000)]
  0x0000027eb94ea800 JavaThread "OkHttp api.runelite.net" [_thread_in_native, id=8636, stack(0x000000a618600000,0x000000a618700000)]
  0x0000027eb94ee000 JavaThread "OkHttp Http2Connection" daemon [_thread_blocked, id=3188, stack(0x000000a618700000,0x000000a618800000)]
  0x0000027eb94ee800 JavaThread "OkHttp Http2Connection" daemon [_thread_blocked, id=8320, stack(0x000000a618800000,0x000000a618900000)]
  0x0000027eb94eb800 JavaThread "AWT-Shutdown" [_thread_blocked, id=9956, stack(0x000000a618200000,0x000000a618300000)]
  0x0000027eb94ec000 JavaThread "AWT-EventQueue-0" [_thread_blocked, id=5424, stack(0x000000a618900000,0x000000a618a00000)]
  0x0000027eb94ed000 JavaThread "Image Fetcher 0" daemon [_thread_blocked, id=5152, stack(0x000000a618d00000,0x000000a618e00000)]
  0x0000027eb94ef800 JavaThread "Thread-1" daemon [_thread_blocked, id=12496, stack(0x000000a618e00000,0x000000a618f00000)]
=>0x0000027eb94f0800 JavaThread "Thread-2" daemon [_thread_in_Java, id=13344, stack(0x000000a618f00000,0x000000a619000000)]
  0x0000027eb94f1000 JavaThread "Thread-3" daemon [_thread_blocked, id=5192, stack(0x000000a617400000,0x000000a617500000)]
  0x0000027eb9458800 JavaThread "Substance heap status" daemon [_thread_blocked, id=7736, stack(0x000000a618c00000,0x000000a618d00000)]
  0x0000027eb945a000 JavaThread "Trident callback thread" daemon [_thread_blocked, id=736, stack(0x000000a619300000,0x000000a619400000)]
  0x0000027eb945b800 JavaThread "Trident pulse source thread" daemon [_thread_blocked, id=9936, stack(0x000000a619400000,0x000000a619500000)]
  0x0000027eb945d800 JavaThread "D3D Screen Updater" daemon [_thread_blocked, id=5960, stack(0x000000a619500000,0x000000a619600000)]
  0x0000027eb9459000 JavaThread "Thread-7" daemon [_thread_in_native, id=9064, stack(0x000000a619800000,0x000000a619900000)]
  0x0000027eb9457800 JavaThread "Thread-8" daemon [_thread_blocked, id=4084, stack(0x000000a619900000,0x000000a619a00000)]
  0x0000027eb945e000 JavaThread "TimerQueue" daemon [_thread_blocked, id=1084, stack(0x000000a619a00000,0x000000a619b00000)]
  0x0000027eb945c800 JavaThread "DestroyJavaVM" [_thread_blocked, id=6024, stack(0x000000a616200000,0x000000a616300000)]
  0x0000027eb945b000 JavaThread "Thread-9" daemon [_thread_blocked, id=10064, stack(0x000000a619b90000,0x000000a619c90000)]
  0x0000027eb945f000 JavaThread "Java Sound Event Dispatcher" daemon [_thread_blocked, id=3548, stack(0x000000a619c90000,0x000000a619d90000)]
  0x0000027eb9463000 JavaThread "pool-4-thread-1" [_thread_blocked, id=1864, stack(0x000000a61a190000,0x000000a61a290000)]
  0x0000027ec5033000 JavaThread "C2 CompilerThread1" daemon [_thread_blocked, id=13616, stack(0x000000a61a390000,0x000000a61a490000)]
  0x0000027ebdc95000 JavaThread "C2 CompilerThread2" daemon [_thread_blocked, id=10828, stack(0x000000a61a490000,0x000000a61a590000)]
  0x0000027eb9462000 JavaThread "Thread-10" daemon [_thread_blocked, id=13540, stack(0x000000a61a590000,0x000000a61a690000)]

Other Threads:
  0x0000027eb7607000 VMThread "VM Thread" [stack: 0x000000a616800000,0x000000a616900000] [id=8180]
  0x0000027eb83d9800 WatcherThread [stack: 0x000000a617300000,0x000000a617400000] [id=8904]
  0x0000027e93c95000 GCTaskThread "GC Thread#0" [stack: 0x000000a616300000,0x000000a616400000] [id=6160]
  0x0000027eb91a8800 GCTaskThread "GC Thread#1" [stack: 0x000000a617600000,0x000000a617700000] [id=6172]
  0x0000027eb90e2800 GCTaskThread "GC Thread#2" [stack: 0x000000a617700000,0x000000a617800000] [id=3540]
  0x0000027eb90e3800 GCTaskThread "GC Thread#3" [stack: 0x000000a617800000,0x000000a617900000] [id=7092]
  0x0000027eb919d000 GCTaskThread "GC Thread#4" [stack: 0x000000a617900000,0x000000a617a00000] [id=12188]
  0x0000027eb919e800 GCTaskThread "GC Thread#5" [stack: 0x000000a617a00000,0x000000a617b00000] [id=1056]
  0x0000027ebb0be800 GCTaskThread "GC Thread#6" [stack: 0x000000a618400000,0x000000a618500000] [id=8240]
  0x0000027ebb176000 GCTaskThread "GC Thread#7" [stack: 0x000000a618500000,0x000000a618600000] [id=7760]
  0x0000027e93cf2800 ConcurrentGCThread "G1 Main Marker" [stack: 0x000000a616400000,0x000000a616500000] [id=4196]
  0x0000027e93cf4800 ConcurrentGCThread "G1 Conc#0" [stack: 0x000000a616500000,0x000000a616600000] [id=9156]
  0x0000027eb913f000 ConcurrentGCThread "G1 Conc#1" [stack: 0x000000a617e00000,0x000000a617f00000] [id=6984]
  0x0000027eb74f0800 ConcurrentGCThread "G1 Refine#0" [stack: 0x000000a616600000,0x000000a616700000] [id=7352]
  0x0000027eb83d4000 ConcurrentGCThread "G1 Refine#1" [stack: 0x000000a617b00000,0x000000a617c00000] [id=4948]
  0x0000027eb74f1800 ConcurrentGCThread "G1 Young RemSet Sampling" [stack: 0x000000a616700000,0x000000a616800000] [id=8796]

Threads with active compile tasks:

VM state:not at safepoint (normal execution)

VM Mutex/Monitor currently owned by a thread: None

Heap address: 0x0000000700800000, size: 4088 MB, Compressed Oops mode: Zero based, Oop shift amount: 3
Narrow klass base: 0x0000000800000000, Narrow klass shift: 0
Compressed class space size: 1073741824 Address: 0x0000000800000000

Heap:
 garbage-first heap   total 262144K, used 121637K [0x0000000700800000, 0x0000000800000000)
  region size 1024K, 88 young (90112K), 8 survivors (8192K)
 Metaspace       used 53256K, capacity 54356K, committed 54704K, reserved 1097728K
  class space    used 6051K, capacity 6531K, committed 6656K, reserved 1048576K
Heap Regions: E=young(eden), S=young(survivor), O=old, HS=humongous(starts), HC=humongous(continues), CS=collection set, F=free, A=archive, TAMS=top-at-mark-start (previous, next)
|   0|0x0000000700800000, 0x0000000700900000, 0x0000000700900000|100%| O|  |TAMS 0x0000000700900000, 0x0000000700800000| Untracked 
|   1|0x0000000700900000, 0x0000000700a00000, 0x0000000700a00000|100%| O|  |TAMS 0x0000000700a00000, 0x0000000700900000| Untracked 
|   2|0x0000000700a00000, 0x0000000700b00000, 0x0000000700b00000|100%| O|  |TAMS 0x0000000700b00000, 0x0000000700a00000| Untracked 
|   3|0x0000000700b00000, 0x0000000700c00000, 0x0000000700c00000|100%| O|  |TAMS 0x0000000700c00000, 0x0000000700b00000| Untracked 
|   4|0x0000000700c00000, 0x0000000700d00000, 0x0000000700d00000|100%| O|  |TAMS 0x0000000700d00000, 0x0000000700c00000| Untracked 
|   5|0x0000000700d00000, 0x0000000700e00000, 0x0000000700e00000|100%| O|  |TAMS 0x0000000700e00000, 0x0000000700d00000| Untracked 
|   6|0x0000000700e00000, 0x0000000700f00000, 0x0000000700f00000|100%|HS|  |TAMS 0x0000000700f00000, 0x0000000700e00000| Complete 
|   7|0x0000000700f00000, 0x0000000701000000, 0x0000000701000000|100%| O|  |TAMS 0x0000000701000000, 0x0000000700f00000| Untracked 
|   8|0x0000000701000000, 0x0000000701100000, 0x0000000701100000|100%| O|  |TAMS 0x0000000701100000, 0x0000000701000000| Untracked 
|   9|0x0000000701100000, 0x0000000701200000, 0x0000000701200000|100%| O|  |TAMS 0x0000000701200000, 0x0000000701100000| Untracked 
|  10|0x0000000701200000, 0x0000000701300000, 0x0000000701300000|100%| O|  |TAMS 0x0000000701300000, 0x0000000701200000| Untracked 
|  11|0x0000000701300000, 0x0000000701400000, 0x0000000701400000|100%| O|  |TAMS 0x0000000701400000, 0x0000000701300000| Untracked 
|  12|0x0000000701400000, 0x0000000701500000, 0x0000000701500000|100%| O|  |TAMS 0x0000000701500000, 0x0000000701400000| Untracked 
|  13|0x0000000701500000, 0x0000000701600000, 0x0000000701600000|100%| O|  |TAMS 0x0000000701600000, 0x0000000701500000| Untracked 
|  14|0x0000000701600000, 0x0000000701700000, 0x0000000701700000|100%| O|  |TAMS 0x0000000701700000, 0x0000000701600000| Untracked 
|  15|0x0000000701700000, 0x0000000701800000, 0x0000000701800000|100%| O|  |TAMS 0x0000000701800000, 0x0000000701700000| Untracked 
|  16|0x0000000701800000, 0x0000000701900000, 0x0000000701900000|100%| O|  |TAMS 0x0000000701866200, 0x0000000701800000| Untracked 
|  17|0x0000000701900000, 0x0000000701a00000, 0x0000000701a00000|100%|HS|  |TAMS 0x0000000701900000, 0x0000000701900000| Complete 
|  18|0x0000000701a00000, 0x0000000701b00000, 0x0000000701b00000|100%|HS|  |TAMS 0x0000000701a00000, 0x0000000701a00000| Complete 
|  19|0x0000000701b00000, 0x0000000701c00000, 0x0000000701c00000|100%|HS|  |TAMS 0x0000000701b00000, 0x0000000701b00000| Complete 
|  20|0x0000000701c00000, 0x0000000701d00000, 0x0000000701d00000|100%|HC|  |TAMS 0x0000000701c00000, 0x0000000701c00000| Complete 
|  21|0x0000000701d00000, 0x0000000701e00000, 0x0000000701e00000|100%|HS|  |TAMS 0x0000000701d00000, 0x0000000701d00000| Complete 
|  22|0x0000000701e00000, 0x0000000701f00000, 0x0000000701f00000|100%|HC|  |TAMS 0x0000000701e00000, 0x0000000701e00000| Complete 
|  23|0x0000000701f00000, 0x0000000702000000, 0x0000000702000000|100%|HS|  |TAMS 0x0000000701f00000, 0x0000000701f00000| Complete 
|  24|0x0000000702000000, 0x0000000702100000, 0x0000000702100000|100%|HC|  |TAMS 0x0000000702000000, 0x0000000702000000| Complete 
|  25|0x0000000702100000, 0x0000000702200000, 0x0000000702200000|100%| O|  |TAMS 0x0000000702100000, 0x0000000702100000| Untracked 
|  26|0x0000000702200000, 0x0000000702300000, 0x0000000702300000|100%| O|  |TAMS 0x0000000702200000, 0x0000000702200000| Untracked 
|  27|0x0000000702300000, 0x00000007023c9400, 0x0000000702400000| 78%| O|  |TAMS 0x0000000702300000, 0x0000000702300000| Untracked 
|  28|0x0000000702400000, 0x0000000702500000, 0x0000000702500000|100%|HS|  |TAMS 0x0000000702400000, 0x0000000702400000| Complete 
|  29|0x0000000702500000, 0x0000000702600000, 0x0000000702600000|100%|HC|  |TAMS 0x0000000702500000, 0x0000000702500000| Complete 
|  30|0x0000000702600000, 0x0000000702700000, 0x0000000702700000|100%|HS|  |TAMS 0x0000000702600000, 0x0000000702600000| Complete 
|  31|0x0000000702700000, 0x0000000702800000, 0x0000000702800000|100%|HS|  |TAMS 0x0000000702700000, 0x0000000702700000| Complete 
|  32|0x0000000702800000, 0x0000000702900000, 0x0000000702900000|100%|HS|  |TAMS 0x0000000702800000, 0x0000000702800000| Complete 
|  33|0x0000000702900000, 0x0000000702900000, 0x0000000702a00000|  0%| F|  |TAMS 0x0000000702900000, 0x0000000702900000| Untracked 
|  34|0x0000000702a00000, 0x0000000702a00000, 0x0000000702b00000|  0%| F|  |TAMS 0x0000000702a00000, 0x0000000702a00000| Untracked 
|  35|0x0000000702b00000, 0x0000000702b00000, 0x0000000702c00000|  0%| F|  |TAMS 0x0000000702b00000, 0x0000000702b00000| Untracked 
|  36|0x0000000702c00000, 0x0000000702c00000, 0x0000000702d00000|  0%| F|  |TAMS 0x0000000702c00000, 0x0000000702c00000| Untracked 
|  37|0x0000000702d00000, 0x0000000702d00000, 0x0000000702e00000|  0%| F|  |TAMS 0x0000000702d00000, 0x0000000702d00000| Untracked 
|  38|0x0000000702e00000, 0x0000000702e00000, 0x0000000702f00000|  0%| F|  |TAMS 0x0000000702e00000, 0x0000000702e00000| Untracked 
|  39|0x0000000702f00000, 0x0000000702f00000, 0x0000000703000000|  0%| F|  |TAMS 0x0000000702f00000, 0x0000000702f00000| Untracked 
|  40|0x0000000703000000, 0x0000000703000000, 0x0000000703100000|  0%| F|  |TAMS 0x0000000703000000, 0x0000000703000000| Untracked 
|  41|0x0000000703100000, 0x0000000703100000, 0x0000000703200000|  0%| F|  |TAMS 0x0000000703100000, 0x0000000703100000| Untracked 
|  42|0x0000000703200000, 0x0000000703200000, 0x0000000703300000|  0%| F|  |TAMS 0x0000000703200000, 0x0000000703200000| Untracked 
|  43|0x0000000703300000, 0x0000000703300000, 0x0000000703400000|  0%| F|  |TAMS 0x0000000703300000, 0x0000000703300000| Untracked 
|  44|0x0000000703400000, 0x0000000703400000, 0x0000000703500000|  0%| F|  |TAMS 0x0000000703400000, 0x0000000703400000| Untracked 
|  45|0x0000000703500000, 0x0000000703500000, 0x0000000703600000|  0%| F|  |TAMS 0x0000000703500000, 0x0000000703500000| Untracked 
|  46|0x0000000703600000, 0x0000000703600000, 0x0000000703700000|  0%| F|  |TAMS 0x0000000703600000, 0x0000000703600000| Untracked 
|  47|0x0000000703700000, 0x0000000703700000, 0x0000000703800000|  0%| F|  |TAMS 0x0000000703700000, 0x0000000703700000| Untracked 
|  48|0x0000000703800000, 0x0000000703800000, 0x0000000703900000|  0%| F|  |TAMS 0x0000000703800000, 0x0000000703800000| Untracked 
|  49|0x0000000703900000, 0x0000000703900000, 0x0000000703a00000|  0%| F|  |TAMS 0x0000000703900000, 0x0000000703900000| Untracked 
|  50|0x0000000703a00000, 0x0000000703a00000, 0x0000000703b00000|  0%| F|  |TAMS 0x0000000703a00000, 0x0000000703a00000| Untracked 
|  51|0x0000000703b00000, 0x0000000703b00000, 0x0000000703c00000|  0%| F|  |TAMS 0x0000000703b00000, 0x0000000703b00000| Untracked 
|  52|0x0000000703c00000, 0x0000000703c00000, 0x0000000703d00000|  0%| F|  |TAMS 0x0000000703c00000, 0x0000000703c00000| Untracked 
|  53|0x0000000703d00000, 0x0000000703d00000, 0x0000000703e00000|  0%| F|  |TAMS 0x0000000703d00000, 0x0000000703d00000| Untracked 
|  54|0x0000000703e00000, 0x0000000703e00000, 0x0000000703f00000|  0%| F|  |TAMS 0x0000000703e00000, 0x0000000703e00000| Untracked 
|  55|0x0000000703f00000, 0x0000000703f00000, 0x0000000704000000|  0%| F|  |TAMS 0x0000000703f00000, 0x0000000703f00000| Untracked 
|  56|0x0000000704000000, 0x0000000704000000, 0x0000000704100000|  0%| F|  |TAMS 0x0000000704000000, 0x0000000704000000| Untracked 
|  57|0x0000000704100000, 0x0000000704100000, 0x0000000704200000|  0%| F|  |TAMS 0x0000000704100000, 0x0000000704100000| Untracked 
|  58|0x0000000704200000, 0x0000000704200000, 0x0000000704300000|  0%| F|  |TAMS 0x0000000704200000, 0x0000000704200000| Untracked 
|  59|0x0000000704300000, 0x0000000704300000, 0x0000000704400000|  0%| F|  |TAMS 0x0000000704300000, 0x0000000704300000| Untracked 
|  60|0x0000000704400000, 0x0000000704400000, 0x0000000704500000|  0%| F|  |TAMS 0x0000000704400000, 0x0000000704400000| Untracked 
|  61|0x0000000704500000, 0x0000000704500000, 0x0000000704600000|  0%| F|  |TAMS 0x0000000704500000, 0x0000000704500000| Untracked 
|  62|0x0000000704600000, 0x0000000704600000, 0x0000000704700000|  0%| F|  |TAMS 0x0000000704600000, 0x0000000704600000| Untracked 
|  63|0x0000000704700000, 0x0000000704700000, 0x0000000704800000|  0%| F|  |TAMS 0x0000000704700000, 0x0000000704700000| Untracked 
|  64|0x0000000704800000, 0x0000000704800000, 0x0000000704900000|  0%| F|  |TAMS 0x0000000704800000, 0x0000000704800000| Untracked 
|  65|0x0000000704900000, 0x0000000704900000, 0x0000000704a00000|  0%| F|  |TAMS 0x0000000704900000, 0x0000000704900000| Untracked 
|  66|0x0000000704a00000, 0x0000000704a00000, 0x0000000704b00000|  0%| F|  |TAMS 0x0000000704a00000, 0x0000000704a00000| Untracked 
|  67|0x0000000704b00000, 0x0000000704b00000, 0x0000000704c00000|  0%| F|  |TAMS 0x0000000704b00000, 0x0000000704b00000| Untracked 
|  68|0x0000000704c00000, 0x0000000704c00000, 0x0000000704d00000|  0%| F|  |TAMS 0x0000000704c00000, 0x0000000704c00000| Untracked 
|  69|0x0000000704d00000, 0x0000000704d00000, 0x0000000704e00000|  0%| F|  |TAMS 0x0000000704d00000, 0x0000000704d00000| Untracked 
|  70|0x0000000704e00000, 0x0000000704e00000, 0x0000000704f00000|  0%| F|  |TAMS 0x0000000704e00000, 0x0000000704e00000| Untracked 
|  71|0x0000000704f00000, 0x0000000704f00000, 0x0000000705000000|  0%| F|  |TAMS 0x0000000704f00000, 0x0000000704f00000| Untracked 
|  72|0x0000000705000000, 0x0000000705000000, 0x0000000705100000|  0%| F|  |TAMS 0x0000000705000000, 0x0000000705000000| Untracked 
|  73|0x0000000705100000, 0x0000000705100000, 0x0000000705200000|  0%| F|  |TAMS 0x0000000705100000, 0x0000000705100000| Untracked 
|  74|0x0000000705200000, 0x0000000705200000, 0x0000000705300000|  0%| F|  |TAMS 0x0000000705200000, 0x0000000705200000| Untracked 
|  75|0x0000000705300000, 0x0000000705300000, 0x0000000705400000|  0%| F|  |TAMS 0x0000000705300000, 0x0000000705300000| Untracked 
|  76|0x0000000705400000, 0x0000000705400000, 0x0000000705500000|  0%| F|  |TAMS 0x0000000705400000, 0x0000000705400000| Untracked 
|  77|0x0000000705500000, 0x0000000705500000, 0x0000000705600000|  0%| F|  |TAMS 0x0000000705500000, 0x0000000705500000| Untracked 
|  78|0x0000000705600000, 0x0000000705600000, 0x0000000705700000|  0%| F|  |TAMS 0x0000000705600000, 0x0000000705600000| Untracked 
|  79|0x0000000705700000, 0x0000000705700000, 0x0000000705800000|  0%| F|  |TAMS 0x0000000705700000, 0x0000000705700000| Untracked 
|  80|0x0000000705800000, 0x0000000705800000, 0x0000000705900000|  0%| F|  |TAMS 0x0000000705800000, 0x0000000705800000| Untracked 
|  81|0x0000000705900000, 0x0000000705900000, 0x0000000705a00000|  0%| F|  |TAMS 0x0000000705900000, 0x0000000705900000| Untracked 
|  82|0x0000000705a00000, 0x0000000705a00000, 0x0000000705b00000|  0%| F|  |TAMS 0x0000000705a00000, 0x0000000705a00000| Untracked 
|  83|0x0000000705b00000, 0x0000000705b00000, 0x0000000705c00000|  0%| F|  |TAMS 0x0000000705b00000, 0x0000000705b00000| Untracked 
|  84|0x0000000705c00000, 0x0000000705c00000, 0x0000000705d00000|  0%| F|  |TAMS 0x0000000705c00000, 0x0000000705c00000| Untracked 
|  85|0x0000000705d00000, 0x0000000705d00000, 0x0000000705e00000|  0%| F|  |TAMS 0x0000000705d00000, 0x0000000705d00000| Untracked 
|  86|0x0000000705e00000, 0x0000000705e00000, 0x0000000705f00000|  0%| F|  |TAMS 0x0000000705e00000, 0x0000000705e00000| Untracked 
|  87|0x0000000705f00000, 0x0000000705f00000, 0x0000000706000000|  0%| F|  |TAMS 0x0000000705f00000, 0x0000000705f00000| Untracked 
|  88|0x0000000706000000, 0x0000000706000000, 0x0000000706100000|  0%| F|  |TAMS 0x0000000706000000, 0x0000000706000000| Untracked 
|  89|0x0000000706100000, 0x0000000706100000, 0x0000000706200000|  0%| F|  |TAMS 0x0000000706100000, 0x0000000706100000| Untracked 
|  90|0x0000000706200000, 0x0000000706200000, 0x0000000706300000|  0%| F|  |TAMS 0x0000000706200000, 0x0000000706200000| Untracked 
|  91|0x0000000706300000, 0x0000000706300000, 0x0000000706400000|  0%| F|  |TAMS 0x0000000706300000, 0x0000000706300000| Untracked 
|  92|0x0000000706400000, 0x0000000706400000, 0x0000000706500000|  0%| F|  |TAMS 0x0000000706400000, 0x0000000706400000| Untracked 
|  93|0x0000000706500000, 0x0000000706500000, 0x0000000706600000|  0%| F|  |TAMS 0x0000000706500000, 0x0000000706500000| Untracked 
|  94|0x0000000706600000, 0x0000000706600000, 0x0000000706700000|  0%| F|  |TAMS 0x0000000706600000, 0x0000000706600000| Untracked 
|  95|0x0000000706700000, 0x0000000706700000, 0x0000000706800000|  0%| F|  |TAMS 0x0000000706700000, 0x0000000706700000| Untracked 
|  96|0x0000000706800000, 0x0000000706800000, 0x0000000706900000|  0%| F|  |TAMS 0x0000000706800000, 0x0000000706800000| Untracked 
|  97|0x0000000706900000, 0x0000000706900000, 0x0000000706a00000|  0%| F|  |TAMS 0x0000000706900000, 0x0000000706900000| Untracked 
|  98|0x0000000706a00000, 0x0000000706a00000, 0x0000000706b00000|  0%| F|  |TAMS 0x0000000706a00000, 0x0000000706a00000| Untracked 
|  99|0x0000000706b00000, 0x0000000706b00000, 0x0000000706c00000|  0%| F|  |TAMS 0x0000000706b00000, 0x0000000706b00000| Untracked 
| 100|0x0000000706c00000, 0x0000000706c00000, 0x0000000706d00000|  0%| F|  |TAMS 0x0000000706c00000, 0x0000000706c00000| Untracked 
| 101|0x0000000706d00000, 0x0000000706d00000, 0x0000000706e00000|  0%| F|  |TAMS 0x0000000706d00000, 0x0000000706d00000| Untracked 
| 102|0x0000000706e00000, 0x0000000706e00000, 0x0000000706f00000|  0%| F|  |TAMS 0x0000000706e00000, 0x0000000706e00000| Untracked 
| 103|0x0000000706f00000, 0x0000000706f00000, 0x0000000707000000|  0%| F|  |TAMS 0x0000000706f00000, 0x0000000706f00000| Untracked 
| 104|0x0000000707000000, 0x0000000707000000, 0x0000000707100000|  0%| F|  |TAMS 0x0000000707000000, 0x0000000707000000| Untracked 
| 105|0x0000000707100000, 0x0000000707100000, 0x0000000707200000|  0%| F|  |TAMS 0x0000000707100000, 0x0000000707100000| Untracked 
| 106|0x0000000707200000, 0x0000000707200000, 0x0000000707300000|  0%| F|  |TAMS 0x0000000707200000, 0x0000000707200000| Untracked 
| 107|0x0000000707300000, 0x0000000707300000, 0x0000000707400000|  0%| F|  |TAMS 0x0000000707300000, 0x0000000707300000| Untracked 
| 108|0x0000000707400000, 0x0000000707400000, 0x0000000707500000|  0%| F|  |TAMS 0x0000000707400000, 0x0000000707400000| Untracked 
| 109|0x0000000707500000, 0x0000000707500000, 0x0000000707600000|  0%| F|  |TAMS 0x0000000707500000, 0x0000000707500000| Untracked 
| 110|0x0000000707600000, 0x0000000707600000, 0x0000000707700000|  0%| F|  |TAMS 0x0000000707600000, 0x0000000707600000| Untracked 
| 111|0x0000000707700000, 0x0000000707700000, 0x0000000707800000|  0%| F|  |TAMS 0x0000000707700000, 0x0000000707700000| Untracked 
| 112|0x0000000707800000, 0x0000000707800000, 0x0000000707900000|  0%| F|  |TAMS 0x0000000707800000, 0x0000000707800000| Untracked 
| 113|0x0000000707900000, 0x0000000707900000, 0x0000000707a00000|  0%| F|  |TAMS 0x0000000707900000, 0x0000000707900000| Untracked 
| 114|0x0000000707a00000, 0x0000000707a00000, 0x0000000707b00000|  0%| F|  |TAMS 0x0000000707a00000, 0x0000000707a00000| Untracked 
| 115|0x0000000707b00000, 0x0000000707b00000, 0x0000000707c00000|  0%| F|  |TAMS 0x0000000707b00000, 0x0000000707b00000| Untracked 
| 116|0x0000000707c00000, 0x0000000707c00000, 0x0000000707d00000|  0%| F|  |TAMS 0x0000000707c00000, 0x0000000707c00000| Untracked 
| 117|0x0000000707d00000, 0x0000000707d00000, 0x0000000707e00000|  0%| F|  |TAMS 0x0000000707d00000, 0x0000000707d00000| Untracked 
| 118|0x0000000707e00000, 0x0000000707e00000, 0x0000000707f00000|  0%| F|  |TAMS 0x0000000707e00000, 0x0000000707e00000| Untracked 
| 119|0x0000000707f00000, 0x0000000707f00000, 0x0000000708000000|  0%| F|  |TAMS 0x0000000707f00000, 0x0000000707f00000| Untracked 
| 120|0x0000000708000000, 0x0000000708000000, 0x0000000708100000|  0%| F|  |TAMS 0x0000000708000000, 0x0000000708000000| Untracked 
| 121|0x0000000708100000, 0x0000000708100000, 0x0000000708200000|  0%| F|  |TAMS 0x0000000708100000, 0x0000000708100000| Untracked 
| 122|0x0000000708200000, 0x0000000708200000, 0x0000000708300000|  0%| F|  |TAMS 0x0000000708200000, 0x0000000708200000| Untracked 
| 123|0x0000000708300000, 0x0000000708300000, 0x0000000708400000|  0%| F|  |TAMS 0x0000000708300000, 0x0000000708300000| Untracked 
| 124|0x0000000708400000, 0x0000000708400000, 0x0000000708500000|  0%| F|  |TAMS 0x0000000708400000, 0x0000000708400000| Untracked 
| 125|0x0000000708500000, 0x0000000708500000, 0x0000000708600000|  0%| F|  |TAMS 0x0000000708500000, 0x0000000708500000| Untracked 
| 126|0x0000000708600000, 0x0000000708600000, 0x0000000708700000|  0%| F|  |TAMS 0x0000000708600000, 0x0000000708600000| Untracked 
| 127|0x0000000708700000, 0x0000000708700000, 0x0000000708800000|  0%| F|  |TAMS 0x0000000708700000, 0x0000000708700000| Untracked 
| 128|0x0000000708800000, 0x0000000708800000, 0x0000000708900000|  0%| F|  |TAMS 0x0000000708800000, 0x0000000708800000| Untracked 
| 129|0x0000000708900000, 0x0000000708900000, 0x0000000708a00000|  0%| F|  |TAMS 0x0000000708900000, 0x0000000708900000| Untracked 
| 130|0x0000000708a00000, 0x0000000708a00000, 0x0000000708b00000|  0%| F|  |TAMS 0x0000000708a00000, 0x0000000708a00000| Untracked 
| 131|0x0000000708b00000, 0x0000000708b00000, 0x0000000708c00000|  0%| F|  |TAMS 0x0000000708b00000, 0x0000000708b00000| Untracked 
| 132|0x0000000708c00000, 0x0000000708c00000, 0x0000000708d00000|  0%| F|  |TAMS 0x0000000708c00000, 0x0000000708c00000| Untracked 
| 133|0x0000000708d00000, 0x0000000708d00000, 0x0000000708e00000|  0%| F|  |TAMS 0x0000000708d00000, 0x0000000708d00000| Untracked 
| 134|0x0000000708e00000, 0x0000000708e00000, 0x0000000708f00000|  0%| F|  |TAMS 0x0000000708e00000, 0x0000000708e00000| Untracked 
| 135|0x0000000708f00000, 0x0000000708f00000, 0x0000000709000000|  0%| F|  |TAMS 0x0000000708f00000, 0x0000000708f00000| Untracked 
| 136|0x0000000709000000, 0x0000000709000000, 0x0000000709100000|  0%| F|  |TAMS 0x0000000709000000, 0x0000000709000000| Untracked 
| 137|0x0000000709100000, 0x0000000709100000, 0x0000000709200000|  0%| F|  |TAMS 0x0000000709100000, 0x0000000709100000| Untracked 
| 138|0x0000000709200000, 0x0000000709200000, 0x0000000709300000|  0%| F|  |TAMS 0x0000000709200000, 0x0000000709200000| Untracked 
| 139|0x0000000709300000, 0x0000000709300000, 0x0000000709400000|  0%| F|  |TAMS 0x0000000709300000, 0x0000000709300000| Untracked 
| 140|0x0000000709400000, 0x0000000709400000, 0x0000000709500000|  0%| F|  |TAMS 0x0000000709400000, 0x0000000709400000| Untracked 
| 141|0x0000000709500000, 0x0000000709500000, 0x0000000709600000|  0%| F|  |TAMS 0x0000000709500000, 0x0000000709500000| Untracked 
| 142|0x0000000709600000, 0x0000000709600000, 0x0000000709700000|  0%| F|  |TAMS 0x0000000709600000, 0x0000000709600000| Untracked 
| 143|0x0000000709700000, 0x0000000709700000, 0x0000000709800000|  0%| F|  |TAMS 0x0000000709700000, 0x0000000709700000| Untracked 
| 144|0x0000000709800000, 0x0000000709800000, 0x0000000709900000|  0%| F|  |TAMS 0x0000000709800000, 0x0000000709800000| Untracked 
| 145|0x0000000709900000, 0x0000000709900000, 0x0000000709a00000|  0%| F|  |TAMS 0x0000000709900000, 0x0000000709900000| Untracked 
| 146|0x0000000709a00000, 0x0000000709a00000, 0x0000000709b00000|  0%| F|  |TAMS 0x0000000709a00000, 0x0000000709a00000| Untracked 
| 147|0x0000000709b00000, 0x0000000709b00000, 0x0000000709c00000|  0%| F|  |TAMS 0x0000000709b00000, 0x0000000709b00000| Untracked 
| 148|0x0000000709c00000, 0x0000000709c00000, 0x0000000709d00000|  0%| F|  |TAMS 0x0000000709c00000, 0x0000000709c00000| Untracked 
| 149|0x0000000709d00000, 0x0000000709d00000, 0x0000000709e00000|  0%| F|  |TAMS 0x0000000709d00000, 0x0000000709d00000| Untracked 
| 150|0x0000000709e00000, 0x0000000709e00000, 0x0000000709f00000|  0%| F|  |TAMS 0x0000000709e00000, 0x0000000709e00000| Untracked 
| 151|0x0000000709f00000, 0x0000000709f00000, 0x000000070a000000|  0%| F|  |TAMS 0x0000000709f00000, 0x0000000709f00000| Untracked 
| 152|0x000000070a000000, 0x000000070a000000, 0x000000070a100000|  0%| F|  |TAMS 0x000000070a000000, 0x000000070a000000| Untracked 
| 153|0x000000070a100000, 0x000000070a100000, 0x000000070a200000|  0%| F|  |TAMS 0x000000070a100000, 0x000000070a100000| Untracked 
| 154|0x000000070a200000, 0x000000070a200000, 0x000000070a300000|  0%| F|  |TAMS 0x000000070a200000, 0x000000070a200000| Untracked 
| 155|0x000000070a300000, 0x000000070a300000, 0x000000070a400000|  0%| F|  |TAMS 0x000000070a300000, 0x000000070a300000| Untracked 
| 156|0x000000070a400000, 0x000000070a400000, 0x000000070a500000|  0%| F|  |TAMS 0x000000070a400000, 0x000000070a400000| Untracked 
| 157|0x000000070a500000, 0x000000070a500000, 0x000000070a600000|  0%| F|  |TAMS 0x000000070a500000, 0x000000070a500000| Untracked 
| 158|0x000000070a600000, 0x000000070a600000, 0x000000070a700000|  0%| F|  |TAMS 0x000000070a600000, 0x000000070a600000| Untracked 
| 159|0x000000070a700000, 0x000000070a700000, 0x000000070a800000|  0%| F|  |TAMS 0x000000070a700000, 0x000000070a700000| Untracked 
| 160|0x000000070a800000, 0x000000070a800000, 0x000000070a900000|  0%| F|  |TAMS 0x000000070a800000, 0x000000070a800000| Untracked 
| 161|0x000000070a900000, 0x000000070a900000, 0x000000070aa00000|  0%| F|  |TAMS 0x000000070a900000, 0x000000070a900000| Untracked 
| 162|0x000000070aa00000, 0x000000070aa00000, 0x000000070ab00000|  0%| F|  |TAMS 0x000000070aa00000, 0x000000070aa00000| Untracked 
| 163|0x000000070ab00000, 0x000000070ab00000, 0x000000070ac00000|  0%| F|  |TAMS 0x000000070ab00000, 0x000000070ab00000| Untracked 
| 164|0x000000070ac00000, 0x000000070ac00000, 0x000000070ad00000|  0%| F|  |TAMS 0x000000070ac00000, 0x000000070ac00000| Untracked 
| 165|0x000000070ad00000, 0x000000070ad00000, 0x000000070ae00000|  0%| F|  |TAMS 0x000000070ad00000, 0x000000070ad00000| Untracked 
| 166|0x000000070ae00000, 0x000000070ae00000, 0x000000070af00000|  0%| F|  |TAMS 0x000000070ae00000, 0x000000070ae00000| Untracked 
| 167|0x000000070af00000, 0x000000070af00000, 0x000000070b000000|  0%| F|  |TAMS 0x000000070af00000, 0x000000070af00000| Untracked 
| 168|0x000000070b000000, 0x000000070b080800, 0x000000070b100000| 50%| E|  |TAMS 0x000000070b000000, 0x000000070b000000| Complete 
| 169|0x000000070b100000, 0x000000070b200000, 0x000000070b200000|100%| E|CS|TAMS 0x000000070b100000, 0x000000070b100000| Complete 
| 170|0x000000070b200000, 0x000000070b300000, 0x000000070b300000|100%| E|CS|TAMS 0x000000070b200000, 0x000000070b200000| Complete 
| 171|0x000000070b300000, 0x000000070b400000, 0x000000070b400000|100%| E|CS|TAMS 0x000000070b300000, 0x000000070b300000| Complete 
| 172|0x000000070b400000, 0x000000070b500000, 0x000000070b500000|100%| E|CS|TAMS 0x000000070b400000, 0x000000070b400000| Complete 
| 173|0x000000070b500000, 0x000000070b600000, 0x000000070b600000|100%| E|CS|TAMS 0x000000070b500000, 0x000000070b500000| Complete 
| 174|0x000000070b600000, 0x000000070b700000, 0x000000070b700000|100%| E|  |TAMS 0x000000070b600000, 0x000000070b600000| Complete 
| 175|0x000000070b700000, 0x000000070b800000, 0x000000070b800000|100%| E|CS|TAMS 0x000000070b700000, 0x000000070b700000| Complete 
| 176|0x000000070b800000, 0x000000070b900000, 0x000000070b900000|100%| E|CS|TAMS 0x000000070b800000, 0x000000070b800000| Complete 
| 177|0x000000070b900000, 0x000000070ba00000, 0x000000070ba00000|100%| E|CS|TAMS 0x000000070b900000, 0x000000070b900000| Complete 
| 178|0x000000070ba00000, 0x000000070bb00000, 0x000000070bb00000|100%| E|CS|TAMS 0x000000070ba00000, 0x000000070ba00000| Complete 
| 179|0x000000070bb00000, 0x000000070bc00000, 0x000000070bc00000|100%| E|CS|TAMS 0x000000070bb00000, 0x000000070bb00000| Complete 
| 180|0x000000070bc00000, 0x000000070bd00000, 0x000000070bd00000|100%| E|CS|TAMS 0x000000070bc00000, 0x000000070bc00000| Complete 
| 181|0x000000070bd00000, 0x000000070be00000, 0x000000070be00000|100%| E|CS|TAMS 0x000000070bd00000, 0x000000070bd00000| Complete 
| 182|0x000000070be00000, 0x000000070bf00000, 0x000000070bf00000|100%| E|CS|TAMS 0x000000070be00000, 0x000000070be00000| Complete 
| 183|0x000000070bf00000, 0x000000070c000000, 0x000000070c000000|100%| E|CS|TAMS 0x000000070bf00000, 0x000000070bf00000| Complete 
| 184|0x000000070c000000, 0x000000070c100000, 0x000000070c100000|100%| E|CS|TAMS 0x000000070c000000, 0x000000070c000000| Complete 
| 185|0x000000070c100000, 0x000000070c200000, 0x000000070c200000|100%| E|CS|TAMS 0x000000070c100000, 0x000000070c100000| Complete 
| 186|0x000000070c200000, 0x000000070c300000, 0x000000070c300000|100%| E|CS|TAMS 0x000000070c200000, 0x000000070c200000| Complete 
| 187|0x000000070c300000, 0x000000070c400000, 0x000000070c400000|100%| E|CS|TAMS 0x000000070c300000, 0x000000070c300000| Complete 
| 188|0x000000070c400000, 0x000000070c500000, 0x000000070c500000|100%| E|CS|TAMS 0x000000070c400000, 0x000000070c400000| Complete 
| 189|0x000000070c500000, 0x000000070c600000, 0x000000070c600000|100%| E|CS|TAMS 0x000000070c500000, 0x000000070c500000| Complete 
| 190|0x000000070c600000, 0x000000070c700000, 0x000000070c700000|100%| E|CS|TAMS 0x000000070c600000, 0x000000070c600000| Complete 
| 191|0x000000070c700000, 0x000000070c800000, 0x000000070c800000|100%| S|CS|TAMS 0x000000070c700000, 0x000000070c700000| Complete 
| 192|0x000000070c800000, 0x000000070c900000, 0x000000070c900000|100%| S|CS|TAMS 0x000000070c800000, 0x000000070c800000| Complete 
| 193|0x000000070c900000, 0x000000070ca00000, 0x000000070ca00000|100%| S|CS|TAMS 0x000000070c900000, 0x000000070c900000| Complete 
| 194|0x000000070ca00000, 0x000000070cb00000, 0x000000070cb00000|100%| S|CS|TAMS 0x000000070ca00000, 0x000000070ca00000| Complete 
| 195|0x000000070cb00000, 0x000000070cc00000, 0x000000070cc00000|100%| S|CS|TAMS 0x000000070cb00000, 0x000000070cb00000| Complete 
| 196|0x000000070cc00000, 0x000000070cd00000, 0x000000070cd00000|100%| S|CS|TAMS 0x000000070cc00000, 0x000000070cc00000| Complete 
| 197|0x000000070cd00000, 0x000000070ce00000, 0x000000070ce00000|100%| S|CS|TAMS 0x000000070cd00000, 0x000000070cd00000| Complete 
| 198|0x000000070ce00000, 0x000000070cf00000, 0x000000070cf00000|100%| S|CS|TAMS 0x000000070ce00000, 0x000000070ce00000| Complete 
| 199|0x000000070cf00000, 0x000000070d000000, 0x000000070d000000|100%| E|CS|TAMS 0x000000070cf00000, 0x000000070cf00000| Complete 
| 200|0x000000070d000000, 0x000000070d100000, 0x000000070d100000|100%| E|CS|TAMS 0x000000070d000000, 0x000000070d000000| Complete 
| 201|0x000000070d100000, 0x000000070d200000, 0x000000070d200000|100%| E|CS|TAMS 0x000000070d100000, 0x000000070d100000| Complete 
| 202|0x000000070d200000, 0x000000070d300000, 0x000000070d300000|100%| E|CS|TAMS 0x000000070d200000, 0x000000070d200000| Complete 
| 203|0x000000070d300000, 0x000000070d400000, 0x000000070d400000|100%| E|CS|TAMS 0x000000070d300000, 0x000000070d300000| Complete 
| 204|0x000000070d400000, 0x000000070d500000, 0x000000070d500000|100%| E|CS|TAMS 0x000000070d400000, 0x000000070d400000| Complete 
| 205|0x000000070d500000, 0x000000070d600000, 0x000000070d600000|100%| E|CS|TAMS 0x000000070d500000, 0x000000070d500000| Complete 
| 206|0x000000070d600000, 0x000000070d700000, 0x000000070d700000|100%| E|CS|TAMS 0x000000070d600000, 0x000000070d600000| Complete 
| 207|0x000000070d700000, 0x000000070d800000, 0x000000070d800000|100%| E|CS|TAMS 0x000000070d700000, 0x000000070d700000| Complete 
| 208|0x000000070d800000, 0x000000070d900000, 0x000000070d900000|100%| E|CS|TAMS 0x000000070d800000, 0x000000070d800000| Complete 
| 209|0x000000070d900000, 0x000000070da00000, 0x000000070da00000|100%| E|CS|TAMS 0x000000070d900000, 0x000000070d900000| Complete 
| 210|0x000000070da00000, 0x000000070db00000, 0x000000070db00000|100%| E|CS|TAMS 0x000000070da00000, 0x000000070da00000| Complete 
| 211|0x000000070db00000, 0x000000070dc00000, 0x000000070dc00000|100%| E|CS|TAMS 0x000000070db00000, 0x000000070db00000| Complete 
| 212|0x000000070dc00000, 0x000000070dd00000, 0x000000070dd00000|100%| E|CS|TAMS 0x000000070dc00000, 0x000000070dc00000| Complete 
| 213|0x000000070dd00000, 0x000000070de00000, 0x000000070de00000|100%| E|CS|TAMS 0x000000070dd00000, 0x000000070dd00000| Complete 
| 214|0x000000070de00000, 0x000000070df00000, 0x000000070df00000|100%| E|CS|TAMS 0x000000070de00000, 0x000000070de00000| Complete 
| 215|0x000000070df00000, 0x000000070e000000, 0x000000070e000000|100%| E|CS|TAMS 0x000000070df00000, 0x000000070df00000| Complete 
| 216|0x000000070e000000, 0x000000070e100000, 0x000000070e100000|100%| E|CS|TAMS 0x000000070e000000, 0x000000070e000000| Complete 
| 217|0x000000070e100000, 0x000000070e200000, 0x000000070e200000|100%| E|CS|TAMS 0x000000070e100000, 0x000000070e100000| Complete 
| 218|0x000000070e200000, 0x000000070e300000, 0x000000070e300000|100%| E|CS|TAMS 0x000000070e200000, 0x000000070e200000| Complete 
| 219|0x000000070e300000, 0x000000070e400000, 0x000000070e400000|100%| E|CS|TAMS 0x000000070e300000, 0x000000070e300000| Complete 
| 220|0x000000070e400000, 0x000000070e500000, 0x000000070e500000|100%| E|CS|TAMS 0x000000070e400000, 0x000000070e400000| Complete 
| 221|0x000000070e500000, 0x000000070e600000, 0x000000070e600000|100%| E|CS|TAMS 0x000000070e500000, 0x000000070e500000| Complete 
| 222|0x000000070e600000, 0x000000070e700000, 0x000000070e700000|100%| E|CS|TAMS 0x000000070e600000, 0x000000070e600000| Complete 
| 223|0x000000070e700000, 0x000000070e800000, 0x000000070e800000|100%| E|CS|TAMS 0x000000070e700000, 0x000000070e700000| Complete 
| 224|0x000000070e800000, 0x000000070e900000, 0x000000070e900000|100%| E|CS|TAMS 0x000000070e800000, 0x000000070e800000| Complete 
| 225|0x000000070e900000, 0x000000070ea00000, 0x000000070ea00000|100%| E|CS|TAMS 0x000000070e900000, 0x000000070e900000| Complete 
| 226|0x000000070ea00000, 0x000000070eb00000, 0x000000070eb00000|100%| E|CS|TAMS 0x000000070ea00000, 0x000000070ea00000| Complete 
| 227|0x000000070eb00000, 0x000000070ec00000, 0x000000070ec00000|100%| E|CS|TAMS 0x000000070eb00000, 0x000000070eb00000| Complete 
| 228|0x000000070ec00000, 0x000000070ed00000, 0x000000070ed00000|100%| E|CS|TAMS 0x000000070ec00000, 0x000000070ec00000| Complete 
| 229|0x000000070ed00000, 0x000000070ee00000, 0x000000070ee00000|100%| E|CS|TAMS 0x000000070ed00000, 0x000000070ed00000| Complete 
| 230|0x000000070ee00000, 0x000000070ef00000, 0x000000070ef00000|100%| E|CS|TAMS 0x000000070ee00000, 0x000000070ee00000| Complete 
| 231|0x000000070ef00000, 0x000000070f000000, 0x000000070f000000|100%| E|CS|TAMS 0x000000070ef00000, 0x000000070ef00000| Complete 
| 232|0x000000070f000000, 0x000000070f100000, 0x000000070f100000|100%| E|CS|TAMS 0x000000070f000000, 0x000000070f000000| Complete 
| 233|0x000000070f100000, 0x000000070f200000, 0x000000070f200000|100%| E|CS|TAMS 0x000000070f100000, 0x000000070f100000| Complete 
| 234|0x000000070f200000, 0x000000070f300000, 0x000000070f300000|100%| E|CS|TAMS 0x000000070f200000, 0x000000070f200000| Complete 
| 235|0x000000070f300000, 0x000000070f400000, 0x000000070f400000|100%| E|CS|TAMS 0x000000070f300000, 0x000000070f300000| Complete 
| 236|0x000000070f400000, 0x000000070f500000, 0x000000070f500000|100%| E|CS|TAMS 0x000000070f400000, 0x000000070f400000| Complete 
| 237|0x000000070f500000, 0x000000070f600000, 0x000000070f600000|100%| E|CS|TAMS 0x000000070f500000, 0x000000070f500000| Complete 
| 238|0x000000070f600000, 0x000000070f700000, 0x000000070f700000|100%| E|CS|TAMS 0x000000070f600000, 0x000000070f600000| Complete 
| 239|0x000000070f700000, 0x000000070f800000, 0x000000070f800000|100%| E|CS|TAMS 0x000000070f700000, 0x000000070f700000| Complete 
| 240|0x000000070f800000, 0x000000070f900000, 0x000000070f900000|100%| E|CS|TAMS 0x000000070f800000, 0x000000070f800000| Complete 
| 241|0x000000070f900000, 0x000000070fa00000, 0x000000070fa00000|100%| E|CS|TAMS 0x000000070f900000, 0x000000070f900000| Complete 
| 242|0x000000070fa00000, 0x000000070fb00000, 0x000000070fb00000|100%| E|CS|TAMS 0x000000070fa00000, 0x000000070fa00000| Complete 
| 243|0x000000070fb00000, 0x000000070fc00000, 0x000000070fc00000|100%| E|CS|TAMS 0x000000070fb00000, 0x000000070fb00000| Complete 
| 244|0x000000070fc00000, 0x000000070fd00000, 0x000000070fd00000|100%| E|CS|TAMS 0x000000070fc00000, 0x000000070fc00000| Complete 
| 245|0x000000070fd00000, 0x000000070fe00000, 0x000000070fe00000|100%| E|CS|TAMS 0x000000070fd00000, 0x000000070fd00000| Complete 
| 246|0x000000070fe00000, 0x000000070ff00000, 0x000000070ff00000|100%| E|CS|TAMS 0x000000070fe00000, 0x000000070fe00000| Complete 
| 247|0x000000070ff00000, 0x0000000710000000, 0x0000000710000000|100%| E|CS|TAMS 0x000000070ff00000, 0x000000070ff00000| Complete 
| 248|0x0000000710000000, 0x0000000710100000, 0x0000000710100000|100%| E|CS|TAMS 0x0000000710000000, 0x0000000710000000| Complete 
| 249|0x0000000710100000, 0x0000000710200000, 0x0000000710200000|100%| E|CS|TAMS 0x0000000710100000, 0x0000000710100000| Complete 
| 250|0x0000000710200000, 0x0000000710300000, 0x0000000710300000|100%| E|CS|TAMS 0x0000000710200000, 0x0000000710200000| Complete 
| 251|0x0000000710300000, 0x0000000710400000, 0x0000000710400000|100%| E|CS|TAMS 0x0000000710300000, 0x0000000710300000| Complete 
| 252|0x0000000710400000, 0x0000000710500000, 0x0000000710500000|100%| E|CS|TAMS 0x0000000710400000, 0x0000000710400000| Complete 
| 253|0x0000000710500000, 0x0000000710600000, 0x0000000710600000|100%| E|CS|TAMS 0x0000000710500000, 0x0000000710500000| Complete 
| 254|0x0000000710600000, 0x0000000710700000, 0x0000000710700000|100%| E|CS|TAMS 0x0000000710600000, 0x0000000710600000| Complete 
| 255|0x0000000710700000, 0x0000000710800000, 0x0000000710800000|100%| E|CS|TAMS 0x0000000710700000, 0x0000000710700000| Complete 

Card table byte_map: [0x0000027eabad0000,0x0000027eac2d0000] _byte_map_base: 0x0000027ea82cc000

Marking Bits (Prev, Next): (CMBitMap*) 0x0000027e93ce19e8, (CMBitMap*) 0x0000027e93ce1a20
 Prev Bits: [0x0000027eacad0000, 0x0000027eb0ab0000)
 Next Bits: [0x0000027eb0ab0000, 0x0000027eb4a90000)

Polling page: 0x0000027e91b50000

Metaspace:

Usage:
  Non-class:     46.70 MB capacity,    46.10 MB ( 99%) used,   479.07 KB (  1%) free+waste,   141.25 KB ( <1%) overhead. 
      Class:      6.38 MB capacity,     5.91 MB ( 93%) used,   411.74 KB (  6%) free+waste,    67.56 KB (  1%) overhead. 
       Both:     53.08 MB capacity,    52.01 MB ( 98%) used,   890.81 KB (  2%) free+waste,   208.81 KB ( <1%) overhead. 

Virtual space:
  Non-class space:       48.00 MB reserved,      46.92 MB ( 98%) committed 
      Class space:        1.00 GB reserved,       6.50 MB ( <1%) committed 
             Both:        1.05 GB reserved,      53.42 MB (  5%) committed 

Chunk freelists:
   Non-Class:  3.88 KB
       Class:  3.63 KB
        Both:  7.50 KB

CodeHeap 'non-profiled nmethods': size=120000Kb used=2694Kb max_used=2694Kb free=117305Kb
 bounds [0x0000027ea3a70000, 0x0000027ea3d20000, 0x0000027eaafa0000]
CodeHeap 'profiled nmethods': size=120000Kb used=11159Kb max_used=11159Kb free=108840Kb
 bounds [0x0000027e9c540000, 0x0000027e9d030000, 0x0000027ea3a70000]
CodeHeap 'non-nmethods': size=5760Kb used=1436Kb max_used=1467Kb free=4323Kb
 bounds [0x0000027e9bfa0000, 0x0000027e9c210000, 0x0000027e9c540000]
 total_blobs=7110 nmethods=4869 adapters=815
 compilation: enabled
              stopped_count=0, restarted_count=0
 full_count=0

Compilation events (10 events):
Event: 10.567 Thread 0x0000027eb7ec9000 4889       1       org.pushingpixels.substance.internal.colorscheme.ShiftColorScheme::getDarkColor (5 bytes)
Event: 10.567 Thread 0x0000027eb7ec9000 nmethod 4889 0x0000027ea3d0c310 code [0x0000027ea3d0c4c0, 0x0000027ea3d0c5d8]
Event: 10.569 Thread 0x0000027eb7f21800 nmethod 4884% 0x0000027ea3d0c690 code [0x0000027ea3d0c840, 0x0000027ea3d0d1f8]
Event: 10.572 Thread 0x0000027eb7ec9000 4891   !   3       aw::i (60 bytes)
Event: 10.573 Thread 0x0000027eb7ec9000 nmethod 4891 0x0000027e9d019010 code [0x0000027e9d0192a0, 0x0000027e9d019d10]
Event: 10.573 Thread 0x0000027eb7ec9000 4890  s!   3       dd::o (720 bytes)
Event: 10.573 Thread 0x0000027ec5033000 4892   !   4       bt::k (1316 bytes)
Event: 10.575 Thread 0x0000027eb7ec9000 nmethod 4890 0x0000027e9d01a110 code [0x0000027e9d01a5c0, 0x0000027e9d01cce0]
Event: 10.592 Thread 0x0000027ebdc95000 4893   !   4       p::s (765 bytes)
Event: 10.593 Thread 0x0000027ebdc95000 nmethod 4893 0x0000027ea3d0d590 code [0x0000027ea3d0d720, 0x0000027ea3d0d798]

GC Heap History (10 events):
Event: 1.098 GC heap before
{Heap before GC invocations=0 (full 0):
 garbage-first heap   total 262144K, used 24576K [0x0000000700800000, 0x0000000800000000)
  region size 1024K, 24 young (24576K), 0 survivors (0K)
 Metaspace       used 16772K, capacity 17073K, committed 17280K, reserved 1064960K
  class space    used 1786K, capacity 1885K, committed 1920K, reserved 1048576K
}
Event: 1.106 GC heap after
{Heap after GC invocations=1 (full 0):
 garbage-first heap   total 262144K, used 4702K [0x0000000700800000, 0x0000000800000000)
  region size 1024K, 3 young (3072K), 3 survivors (3072K)
 Metaspace       used 16772K, capacity 17073K, committed 17280K, reserved 1064960K
  class space    used 1786K, capacity 1885K, committed 1920K, reserved 1048576K
}
Event: 1.708 GC heap before
{Heap before GC invocations=1 (full 0):
 garbage-first heap   total 262144K, used 18014K [0x0000000700800000, 0x0000000800000000)
  region size 1024K, 17 young (17408K), 3 survivors (3072K)
 Metaspace       used 20899K, capacity 21195K, committed 21296K, reserved 1069056K
  class space    used 2289K, capacity 2399K, committed 2432K, reserved 1048576K
}
Event: 1.715 GC heap after
{Heap after GC invocations=2 (full 0):
 garbage-first heap   total 262144K, used 6152K [0x0000000700800000, 0x0000000800000000)
  region size 1024K, 2 young (2048K), 2 survivors (2048K)
 Metaspace       used 20899K, capacity 21195K, committed 21296K, reserved 1069056K
  class space    used 2289K, capacity 2399K, committed 2432K, reserved 1048576K
}
Event: 3.774 GC heap before
{Heap before GC invocations=3 (full 0):
 garbage-first heap   total 262144K, used 49160K [0x0000000700800000, 0x0000000800000000)
  region size 1024K, 43 young (44032K), 2 survivors (2048K)
 Metaspace       used 32573K, capacity 33137K, committed 33200K, reserved 1079296K
  class space    used 3378K, capacity 3569K, committed 3584K, reserved 1048576K
}
Event: 3.783 GC heap after
{Heap after GC invocations=4 (full 0):
 garbage-first heap   total 262144K, used 16700K [0x0000000700800000, 0x0000000800000000)
  region size 1024K, 6 young (6144K), 6 survivors (6144K)
 Metaspace       used 32573K, capacity 33137K, committed 33200K, reserved 1079296K
  class space    used 3378K, capacity 3569K, committed 3584K, reserved 1048576K
}
Event: 5.323 GC heap before
{Heap before GC invocations=4 (full 0):
 garbage-first heap   total 262144K, used 24892K [0x0000000700800000, 0x0000000800000000)
  region size 1024K, 15 young (15360K), 6 survivors (6144K)
 Metaspace       used 35292K, capacity 35837K, committed 35888K, reserved 1081344K
  class space    used 3757K, capacity 3955K, committed 3968K, reserved 1048576K
}
Event: 5.329 GC heap after
{Heap after GC invocations=5 (full 0):
 garbage-first heap   total 262144K, used 18014K [0x0000000700800000, 0x0000000800000000)
  region size 1024K, 2 young (2048K), 2 survivors (2048K)
 Metaspace       used 35292K, capacity 35837K, committed 35888K, reserved 1081344K
  class space    used 3757K, capacity 3955K, committed 3968K, reserved 1048576K
}
Event: 9.136 GC heap before
{Heap before GC invocations=6 (full 0):
 garbage-first heap   total 262144K, used 81502K [0x0000000700800000, 0x0000000800000000)
  region size 1024K, 57 young (58368K), 2 survivors (2048K)
 Metaspace       used 51510K, capacity 52675K, committed 52784K, reserved 1095680K
  class space    used 5958K, capacity 6463K, committed 6528K, reserved 1048576K
}
Event: 9.145 GC heap after
{Heap after GC invocations=7 (full 0):
 garbage-first heap   total 262144K, used 32549K [0x0000000700800000, 0x0000000800000000)
  region size 1024K, 8 young (8192K), 8 survivors (8192K)
 Metaspace       used 51510K, capacity 52675K, committed 52784K, reserved 1095680K
  class space    used 5958K, capacity 6463K, committed 6528K, reserved 1048576K
}

Deoptimization events (10 events):
Event: 10.392 Thread 0x0000027eb94f0800 Uncommon trap: reason=profile_predicate action=maybe_recompile pc=0x0000027ea3d03d70 method=bt.k(II)V @ 1142 c2
Event: 10.401 Thread 0x0000027eb94ec000 Uncommon trap: reason=unstable_if action=reinterpret pc=0x0000027ea3cacdd8 method=org.pushingpixels.substance.internal.utils.SubstanceColorUtilities.OECF_sRGB(D)D @ 5 c2
Event: 10.401 Thread 0x0000027eb94ec000 Uncommon trap: reason=unstable_if action=reinterpret pc=0x0000027ea3c83164 method=org.pushingpixels.substance.internal.utils.SubstanceColorUtilities.OECF_sRGB(D)D @ 5 c2
Event: 10.401 Thread 0x0000027eb94ec000 Uncommon trap: reason=unstable_if action=reinterpret pc=0x0000027ea3cab7a4 method=org.pushingpixels.substance.internal.utils.SubstanceColorUtilities.OECF_sRGB(D)D @ 5 c2
Event: 10.432 Thread 0x0000027eb94f0800 Uncommon trap: reason=profile_predicate action=maybe_recompile pc=0x0000027ea3cfe644 method=bt.k(II)V @ 919 c2
Event: 10.432 Thread 0x0000027eb94f0800 Uncommon trap: reason=profile_predicate action=maybe_recompile pc=0x0000027ea3d03d70 method=bt.k(II)V @ 1142 c2
Event: 10.472 Thread 0x0000027eb94f0800 Uncommon trap: reason=profile_predicate action=maybe_recompile pc=0x0000027ea3d05168 method=bt.k(II)V @ 1142 c2
Event: 10.512 Thread 0x0000027eb94f0800 Uncommon trap: reason=profile_predicate action=maybe_recompile pc=0x0000027ea3d07420 method=bt.k(II)V @ 882 c2
Event: 10.551 Thread 0x0000027eb94f0800 Uncommon trap: reason=profile_predicate action=maybe_recompile pc=0x0000027ea3d0ae64 method=bt.k(II)V @ 882 c2
Event: 10.593 Thread 0x0000027eb94f0800 Uncommon trap: reason=profile_predicate action=maybe_recompile pc=0x0000027ea3d07420 method=bt.k(II)V @ 882 c2

Classes redefined (0 events):
No events

Internal exceptions (10 events):
Event: 8.451 Thread 0x0000027eb945a000 Exception <a 'java/lang/NoSuchMethodError'{0x000000070e564720}: java.lang.invoke.DirectMethodHandle$Holder.invokeSpecial(Ljava/lang/Object;Ljava/lang/Object;Ljava/lang/Object;Ljava/lang/Object;FF)V> (0x000000070e564720) thrown at [t:/workspace/open/src/ho
Event: 8.494 Thread 0x0000027eb945a000 Exception <a 'java/lang/NoSuchMethodError'{0x000000070e57f940}: java.lang.invoke.DirectMethodHandle$Holder.invokeStatic(Ljava/lang/Object;Ljava/lang/Object;Ljava/lang/Object;FF)Ljava/lang/Object;> (0x000000070e57f940) thrown at [t:/workspace/open/src/hots
Event: 8.495 Thread 0x0000027eb945a000 Exception <a 'java/lang/NoSuchMethodError'{0x000000070e582c40}: java.lang.invoke.DirectMethodHandle$Holder.invokeSpecial(Ljava/lang/Object;Ljava/lang/Object;Ljava/lang/Object;Ljava/lang/Object;FF)Ljava/lang/Object;> (0x000000070e582c40) thrown at [t:/work
Event: 8.498 Thread 0x0000027eb94ec000 Implicit null exception at 0x0000027ea3bfad9c to 0x0000027ea3bfaf0e
Event: 8.837 Thread 0x0000027eb94ec000 Implicit null exception at 0x0000027ea3b47476 to 0x0000027ea3b4769e
Event: 8.886 Thread 0x0000027eb94ed000 Implicit null exception at 0x0000027ea3aa1074 to 0x0000027ea3aa15d6
Event: 8.886 Thread 0x0000027eb94ed000 Implicit null exception at 0x0000027ea3ab10f4 to 0x0000027ea3ab163e
Event: 9.011 Thread 0x0000027eb94ec000 Exception <a 'java/lang/NoSuchMethodError'{0x000000070d31e580}: java.lang.invoke.DirectMethodHandle$Holder.invokeStatic(Ljava/lang/Object;Ljava/lang/Object;Ljava/lang/Object;Ljava/lang/Object;)V> (0x000000070d31e580) thrown at [t:/workspace/open/src/hotsp
Event: 9.054 Thread 0x0000027e93c7d000 Exception <a 'java/lang/NoSuchMethodError'{0x000000070daa9018}: java.lang.invoke.DirectMethodHandle$Holder.invokeStaticInit(Ljava/lang/Object;Ljava/lang/Object;Ljava/lang/Object;)Ljava/lang/Object;> (0x000000070daa9018) thrown at [t:/workspace/open/src/ho
Event: 9.353 Thread 0x0000027eb94f0800 Exception <a 'java/lang/NullPointerException'{0x000000070e8241c8}> (0x000000070e8241c8) thrown at [t:/workspace/open/src/hotspot/share/interpreter/linkResolver.cpp, line 1354]

Events (10 events):
Event: 10.472 Thread 0x0000027eb94f0800 DEOPT UNPACKING pc=0x0000027e9bfc8caf sp=0x000000a618fff0a0 mode 2
Event: 10.512 Thread 0x0000027eb94f0800 Uncommon trap: trap_request=0xffffffbe fr.pc=0x0000027ea3d07420 relative=0x0000000000001800
Event: 10.512 Thread 0x0000027eb94f0800 DEOPT PACKING pc=0x0000027ea3d07420 sp=0x000000a618fff100
Event: 10.512 Thread 0x0000027eb94f0800 DEOPT UNPACKING pc=0x0000027e9bfc8caf sp=0x000000a618fff0a0 mode 2
Event: 10.551 Thread 0x0000027eb94f0800 Uncommon trap: trap_request=0xffffffbe fr.pc=0x0000027ea3d0ae64 relative=0x0000000000001804
Event: 10.551 Thread 0x0000027eb94f0800 DEOPT PACKING pc=0x0000027ea3d0ae64 sp=0x000000a618fff0f0
Event: 10.551 Thread 0x0000027eb94f0800 DEOPT UNPACKING pc=0x0000027e9bfc8caf sp=0x000000a618fff0a0 mode 2
Event: 10.593 Thread 0x0000027eb94f0800 Uncommon trap: trap_request=0xffffffbe fr.pc=0x0000027ea3d07420 relative=0x0000000000001800
Event: 10.593 Thread 0x0000027eb94f0800 DEOPT PACKING pc=0x0000027ea3d07420 sp=0x000000a618fff100
Event: 10.593 Thread 0x0000027eb94f0800 DEOPT UNPACKING pc=0x0000027e9bfc8caf sp=0x000000a618fff0a0 mode 2


Dynamic libraries:
0x00007ff710f40000 - 0x00007ff710f87000 	C:\Program Files\Java\jdk-11.0.2\bin\java.exe
0x00007fff25b20000 - 0x00007fff25d10000 	C:\WINDOWS\SYSTEM32\ntdll.dll
0x00007fff25680000 - 0x00007fff25732000 	C:\WINDOWS\System32\KERNEL32.DLL
0x00007fff23260000 - 0x00007fff23503000 	C:\WINDOWS\System32\KERNELBASE.dll
0x00007fff248d0000 - 0x00007fff24973000 	C:\WINDOWS\System32\ADVAPI32.dll
0x00007fff24ad0000 - 0x00007fff24b6e000 	C:\WINDOWS\System32\msvcrt.dll
0x00007fff23d30000 - 0x00007fff23dc7000 	C:\WINDOWS\System32\sechost.dll
0x00007fff25560000 - 0x00007fff25680000 	C:\WINDOWS\System32\RPCRT4.dll
0x00007fff24ee0000 - 0x00007fff25073000 	C:\WINDOWS\System32\USER32.dll
0x00007fff22ab0000 - 0x00007fff22ad1000 	C:\WINDOWS\System32\win32u.dll
0x00007fff23ea0000 - 0x00007fff23ec6000 	C:\WINDOWS\System32\GDI32.dll
0x00007fff236b0000 - 0x00007fff23844000 	C:\WINDOWS\System32\gdi32full.dll
0x00007fff23850000 - 0x00007fff238ee000 	C:\WINDOWS\System32\msvcp_win.dll
0x00007fff23590000 - 0x00007fff2368a000 	C:\WINDOWS\System32\ucrtbase.dll
0x00007fff071f0000 - 0x00007fff07475000 	C:\WINDOWS\WinSxS\amd64_microsoft.windows.common-controls_6595b64144ccf1df_6.0.18362.295_none_e6c3acbd13101292\COMCTL32.dll
0x00007fff1de50000 - 0x00007fff1de5a000 	C:\WINDOWS\SYSTEM32\VERSION.dll
0x00007fff25740000 - 0x00007fff25a76000 	C:\WINDOWS\System32\combase.dll
0x00007fff23510000 - 0x00007fff23590000 	C:\WINDOWS\System32\bcryptPrimitives.dll
0x00007fff24b70000 - 0x00007fff24b9e000 	C:\WINDOWS\System32\IMM32.DLL
0x00007fff14080000 - 0x00007fff14096000 	C:\Program Files\Java\jdk-11.0.2\bin\vcruntime140.dll
0x00007fff031d0000 - 0x00007fff0327a000 	C:\Program Files\Java\jdk-11.0.2\bin\msvcp140.dll
0x00007ffef0b20000 - 0x00007ffef1647000 	C:\Program Files\Java\jdk-11.0.2\bin\server\jvm.dll
0x00007fff24d70000 - 0x00007fff24d78000 	C:\WINDOWS\System32\PSAPI.DLL
0x00007fff1f750000 - 0x00007fff1f759000 	C:\WINDOWS\SYSTEM32\WSOCK32.dll
0x00007fff1b8e0000 - 0x00007fff1b904000 	C:\WINDOWS\SYSTEM32\WINMM.dll
0x00007fff24a00000 - 0x00007fff24a6f000 	C:\WINDOWS\System32\WS2_32.dll
0x00007fff1b8b0000 - 0x00007fff1b8dd000 	C:\WINDOWS\SYSTEM32\WINMMBASE.dll
0x00007fff23b50000 - 0x00007fff23b9a000 	C:\WINDOWS\System32\cfgmgr32.dll
0x00007fff22a70000 - 0x00007fff22a81000 	C:\WINDOWS\System32\kernel.appcore.dll
0x00007fff1ae50000 - 0x00007fff1ae61000 	C:\Program Files\Java\jdk-11.0.2\bin\verify.dll
0x00007fff1b030000 - 0x00007fff1b224000 	C:\WINDOWS\SYSTEM32\DBGHELP.DLL
0x00007fff1b000000 - 0x00007fff1b02a000 	C:\WINDOWS\SYSTEM32\dbgcore.DLL
0x00007fff10a70000 - 0x00007fff10a99000 	C:\Program Files\Java\jdk-11.0.2\bin\java.dll
0x00007fff0efa0000 - 0x00007fff0efcf000 	C:\Program Files\Java\jdk-11.0.2\bin\instrument.dll
0x00007fff12d70000 - 0x00007fff12d86000 	C:\Program Files\Java\jdk-11.0.2\bin\zip.dll
0x00007fff18dc0000 - 0x00007fff18dca000 	C:\Program Files\Java\jdk-11.0.2\bin\jimage.dll
0x00007fff241e0000 - 0x00007fff248c2000 	C:\WINDOWS\System32\SHELL32.dll
0x00007fff23bd0000 - 0x00007fff23c79000 	C:\WINDOWS\System32\shcore.dll
0x00007fff22ae0000 - 0x00007fff2325c000 	C:\WINDOWS\System32\windows.storage.dll
0x00007fff22a00000 - 0x00007fff22a1f000 	C:\WINDOWS\System32\profapi.dll
0x00007fff22a20000 - 0x00007fff22a6a000 	C:\WINDOWS\System32\powrprof.dll
0x00007fff229f0000 - 0x00007fff22a00000 	C:\WINDOWS\System32\UMPDC.dll
0x00007fff249a0000 - 0x00007fff249f2000 	C:\WINDOWS\System32\shlwapi.dll
0x00007fff23690000 - 0x00007fff236a7000 	C:\WINDOWS\System32\cryptsp.dll
0x00007fff13260000 - 0x00007fff13279000 	C:\Program Files\Java\jdk-11.0.2\bin\net.dll
0x00007fff1a340000 - 0x00007fff1a430000 	C:\WINDOWS\SYSTEM32\WINHTTP.dll
0x00007fff0f850000 - 0x00007fff0fa26000 	C:\WINDOWS\SYSTEM32\urlmon.dll
0x00007fff10c30000 - 0x00007fff10ed6000 	C:\WINDOWS\SYSTEM32\iertutil.dll
0x00007fff22430000 - 0x00007fff2243c000 	C:\WINDOWS\SYSTEM32\CRYPTBASE.DLL
0x00007fff22260000 - 0x00007fff222c7000 	C:\WINDOWS\system32\mswsock.dll
0x00007fff13240000 - 0x00007fff13253000 	C:\Program Files\Java\jdk-11.0.2\bin\nio.dll
0x00007fff0f6f0000 - 0x00007fff0f70a000 	C:\Program Files\JetBrains\IntelliJ IDEA 2018.3.4\bin\breakgen64.dll
0x00007fff111a0000 - 0x00007fff111ad000 	C:\Program Files\Java\jdk-11.0.2\bin\sunmscapi.dll
0x00007fff238f0000 - 0x00007fff23a39000 	C:\WINDOWS\System32\CRYPT32.dll
0x00007fff22a90000 - 0x00007fff22aa2000 	C:\WINDOWS\System32\MSASN1.dll
0x00007fff22530000 - 0x00007fff22556000 	C:\WINDOWS\SYSTEM32\ncrypt.dll
0x00007fff23ba0000 - 0x00007fff23bc6000 	C:\WINDOWS\System32\bcrypt.dll
0x00007fff224f0000 - 0x00007fff2252b000 	C:\WINDOWS\SYSTEM32\NTASN1.dll
0x00007fff0ef70000 - 0x00007fff0ef97000 	C:\Program Files\Java\jdk-11.0.2\bin\sunec.dll
0x00007fff21dd0000 - 0x00007fff21e03000 	C:\WINDOWS\system32\rsaenh.dll
0x00007fff22910000 - 0x00007fff22935000 	C:\WINDOWS\SYSTEM32\USERENV.dll
0x00007fff21f70000 - 0x00007fff21faa000 	C:\WINDOWS\SYSTEM32\IPHLPAPI.DLL
0x00007fff24bb0000 - 0x00007fff24bb8000 	C:\WINDOWS\System32\NSI.dll
0x00007fff16a40000 - 0x00007fff16a56000 	C:\WINDOWS\SYSTEM32\dhcpcsvc6.DLL
0x00007fff16970000 - 0x00007fff1698c000 	C:\WINDOWS\SYSTEM32\dhcpcsvc.DLL
0x00007fff21fb0000 - 0x00007fff2207a000 	C:\WINDOWS\SYSTEM32\DNSAPI.dll
0x00007fff14eb0000 - 0x00007fff14eba000 	C:\Windows\System32\rasadhlp.dll
0x00007fff15d20000 - 0x00007fff15d97000 	C:\WINDOWS\System32\fwpuclnt.dll
0x00007fff0eef0000 - 0x00007fff0ef32000 	C:\Users\Poppro\AppData\Local\Temp\jna--1898676516\jna11380827227388977847.dll
0x00007fff0ee50000 - 0x00007fff0eeec000 	C:\Users\Poppro\AppData\Local\Temp\jna--1898676516\jna15009834659540867029.dll
0x00007fff02d80000 - 0x00007fff02f1f000 	C:\Program Files\Java\jdk-11.0.2\bin\awt.dll
0x00007fff23dd0000 - 0x00007fff23e94000 	C:\WINDOWS\System32\OLEAUT32.dll
0x00007fff1fbb0000 - 0x00007fff20170000 	C:\WINDOWS\SYSTEM32\d2d1.dll
0x00007fff20f90000 - 0x00007fff2101f000 	C:\WINDOWS\SYSTEM32\apphelp.dll
0x00007fff212d0000 - 0x00007fff21369000 	C:\WINDOWS\system32\uxtheme.dll
0x00007fff23f50000 - 0x00007fff24086000 	C:\WINDOWS\System32\MSCTF.dll
0x00007fff24d80000 - 0x00007fff24ed6000 	C:\WINDOWS\System32\ole32.dll
0x00007fff213a0000 - 0x00007fff213cd000 	C:\WINDOWS\system32\DWMAPI.DLL
0x00007fff12ef0000 - 0x00007fff12f70000 	C:\Program Files\Java\jdk-11.0.2\bin\freetype.dll
0x00007fff12e80000 - 0x00007fff12eef000 	C:\Program Files\Java\jdk-11.0.2\bin\fontmanager.dll
0x00007fff09110000 - 0x00007fff0925f000 	C:\WINDOWS\system32\opengl32.dll
0x00007fff0a420000 - 0x00007fff0a44c000 	C:\WINDOWS\SYSTEM32\GLU32.dll
0x00007fff21660000 - 0x00007fff21680000 	C:\WINDOWS\SYSTEM32\dxcore.dll
0x00007fff19be0000 - 0x00007fff19da6000 	C:\WINDOWS\system32\d3d9.dll
0x00007fff1de60000 - 0x00007fff1df4e000 	C:\WINDOWS\System32\DriverStore\FileRepository\nv_dispi.inf_amd64_7a8e74171e1b8492\nvldumdx.dll
0x00007fff23af0000 - 0x00007fff23b4c000 	C:\WINDOWS\System32\WINTRUST.DLL
0x00007fff24980000 - 0x00007fff2499d000 	C:\WINDOWS\System32\imagehlp.dll
0x00007ffede820000 - 0x00007ffedfbe0000 	C:\WINDOWS\System32\DriverStore\FileRepository\nv_dispi.inf_amd64_7a8e74171e1b8492\nvd3dumx.dll
0x00007fff1b7e0000 - 0x00007fff1b8a4000 	C:\Program Files (x86)\NVIDIA Corporation\3D Vision\nvSCPAPI64.dll
0x00007fff250f0000 - 0x00007fff25560000 	C:\WINDOWS\System32\SETUPAPI.dll
0x00007fff03490000 - 0x00007fff03737000 	C:\WINDOWS\system32\nvspcap64.dll
0x00007fff21b60000 - 0x00007fff21b91000 	C:\WINDOWS\SYSTEM32\ntmarta.dll
0x00007fff21610000 - 0x00007fff21632000 	C:\WINDOWS\SYSTEM32\gpapi.dll
0x00007fff162a0000 - 0x00007fff162cf000 	C:\WINDOWS\SYSTEM32\cryptnet.dll
0x00007fff23c80000 - 0x00007fff23d22000 	C:\WINDOWS\System32\clbcatq.dll
0x00007fff1ed60000 - 0x00007fff1ef0f000 	C:\WINDOWS\SYSTEM32\WindowsCodecs.dll
0x00007fff02620000 - 0x00007fff0265a000 	C:\WINDOWS\system32\dataexchange.dll
0x00007fff20830000 - 0x00007fff20a0b000 	C:\WINDOWS\system32\dcomp.dll
0x00007fff20170000 - 0x00007fff203cb000 	C:\WINDOWS\system32\d3d11.dll
0x00007fff216f0000 - 0x00007fff217da000 	C:\WINDOWS\system32\dxgi.dll
0x00007fff1e9e0000 - 0x00007fff1ec3a000 	C:\WINDOWS\system32\twinapi.appcore.dll
0x00007fff1e9b0000 - 0x00007fff1e9d9000 	C:\WINDOWS\system32\RMCLIENT.dll
0x00007fff1e890000 - 0x00007fff1e93e000 	C:\WINDOWS\SYSTEM32\mscms.dll
0x00007fff1e870000 - 0x00007fff1e887000 	C:\WINDOWS\SYSTEM32\ColorAdapterClient.dll
0x00007fff02360000 - 0x00007fff023a3000 	C:\WINDOWS\SYSTEM32\icm32.dll
0x00007fff0f4f0000 - 0x00007fff0f58e000 	C:\WINDOWS\System32\TextInputFramework.dll
0x00007fff1f070000 - 0x00007fff1f39a000 	C:\WINDOWS\System32\CoreUIComponents.dll
0x00007fff20d80000 - 0x00007fff20e54000 	C:\WINDOWS\System32\CoreMessaging.dll
0x00007fff1ef10000 - 0x00007fff1f063000 	C:\WINDOWS\SYSTEM32\wintypes.dll
0x00007fff03150000 - 0x00007fff031cf000 	C:\Program Files\Java\jdk-11.0.2\bin\mlib_image.dll
0x00007fff14db0000 - 0x00007fff14db9000 	C:\Program Files\Java\jdk-11.0.2\bin\management.dll
0x00007fff132c0000 - 0x00007fff132cc000 	C:\Program Files\Java\jdk-11.0.2\bin\management_ext.dll
0x00007fff0e830000 - 0x00007fff0e842000 	C:\Program Files\Java\jdk-11.0.2\bin\jsound.dll
0x00007ffef0440000 - 0x00007ffef04d9000 	C:\WINDOWS\SYSTEM32\DSOUND.dll
0x00007fff159b0000 - 0x00007fff15a28000 	C:\WINDOWS\System32\MMDevApi.dll
0x00007fff227f0000 - 0x00007fff2281a000 	C:\WINDOWS\System32\DEVOBJ.dll
0x00007ffee9c10000 - 0x00007ffee9c54000 	C:\WINDOWS\SYSTEM32\wdmaud.drv
0x00007fff1f700000 - 0x00007fff1f70a000 	C:\WINDOWS\SYSTEM32\AVRT.dll
0x00007fff193c0000 - 0x00007fff193c9000 	C:\WINDOWS\SYSTEM32\ksuser.dll
0x00007fff07830000 - 0x00007fff0798d000 	C:\WINDOWS\SYSTEM32\AUDIOSES.DLL
0x00007fff0bf90000 - 0x00007fff0bf9d000 	C:\WINDOWS\SYSTEM32\msacm32.drv
0x00007fff06b20000 - 0x00007fff06b3c000 	C:\WINDOWS\SYSTEM32\MSACM32.dll
0x00007fff0bb40000 - 0x00007fff0bb4a000 	C:\WINDOWS\SYSTEM32\midimap.dll
0x00007fff195a0000 - 0x00007fff195b4000 	C:\WINDOWS\SYSTEM32\resourcepolicyclient.dll
0x00007fff0f590000 - 0x00007fff0f6e1000 	C:\Windows\System32\Windows.UI.dll
0x00007fff0f3e0000 - 0x00007fff0f4e2000 	C:\Windows\System32\InputHost.dll
0x00007fff1f3a0000 - 0x00007fff1f48f000 	C:\Windows\System32\PROPSYS.dll
0x00007fff0e800000 - 0x00007fff0e82d000 	C:\Program Files\Java\jdk-11.0.2\bin\javajpeg.dll

dbghelp: loaded successfully - version: 4.0.5 - missing functions: none
symbol engine: initialized successfully - sym options: 0x614 - pdb path: .;C:\Program Files\Java\jdk-11.0.2\bin;C:\WINDOWS\SYSTEM32;C:\WINDOWS\WinSxS\amd64_microsoft.windows.common-controls_6595b64144ccf1df_6.0.18362.295_none_e6c3acbd13101292;C:\Program Files\Java\jdk-11.0.2\bin\server;C:\Program Files\JetBrains\IntelliJ IDEA 2018.3.4\bin;C:\Users\Poppro\AppData\Local\Temp\jna--1898676516;C:\WINDOWS\System32\DriverStore\FileRepository\nv_dispi.inf_amd64_7a8e74171e1b8492;C:\Program Files (x86)\NVIDIA Corporation\3D Vision

VM Arguments:
jvm_args: -javaagent:C:\Program Files\JetBrains\IntelliJ IDEA 2018.3.4\lib\idea_rt.jar=50305:C:\Program Files\JetBrains\IntelliJ IDEA 2018.3.4\bin -Dfile.encoding=UTF-8 
java_command: net.runelite.client.RuneLite
java_class_path (initial): C:\Users\Poppro\Desktop\runelite\runelite-client\target\classes;C:\Users\Poppro\.m2\repository\org\slf4j\slf4j-api\1.7.25\slf4j-api-1.7.25.jar;C:\Users\Poppro\.m2\repository\ch\qos\logback\logback-classic\1.2.3\logback-classic-1.2.3.jar;C:\Users\Poppro\.m2\repository\ch\qos\logback\logback-core\1.2.3\logback-core-1.2.3.jar;C:\Users\Poppro\.m2\repository\net\sf\jopt-simple\jopt-simple\5.0.1\jopt-simple-5.0.1.jar;C:\Users\Poppro\.m2\repository\com\google\guava\guava\23.2-jre\guava-23.2-jre.jar;C:\Users\Poppro\.m2\repository\com\google\code\findbugs\jsr305\1.3.9\jsr305-1.3.9.jar;C:\Users\Poppro\.m2\repository\com\google\errorprone\error_prone_annotations\2.0.18\error_prone_annotations-2.0.18.jar;C:\Users\Poppro\.m2\repository\com\google\j2objc\j2objc-annotations\1.1\j2objc-annotations-1.1.jar;C:\Users\Poppro\.m2\repository\org\codehaus\mojo\animal-sniffer-annotations\1.14\animal-sniffer-annotations-1.14.jar;C:\Users\Poppro\.m2\repository\com\google\inject\guice\4.1.0\guice-4.1.0-no_aop.jar;C:\Users\Poppro\.m2\repository\javax\inject\javax.inject\1\javax.inject-1.jar;C:\Users\Poppro\.m2\repository\aopalliance\aopalliance\1.0\aopalliance-1.0.jar;C:\Users\Poppro\.m2\repository\com\google\code\gson\gson\2.8.5\gson-2.8.5.jar;C:\Users\Poppro\.m2\repository\net\runelite\pushingpixels\substance\8.0.02\substance-8.0.02.jar;C:\Users\Poppro\.m2\repository\net\runelite\pushingpixels\trident\1.5.00\trident-1.5.00.jar;C:\Users\Poppro\.m2\repository\org\apache\commons\commons-text\1.2\commons-text-1.2.jar;C:\Users\Poppro\.m2\repository\org\apache\commons\commons-lang3\3.7\commons-lang3-3.7.jar;C:\Users\Poppro\.m2\repository\org\jogamp\jogl\jogl-all\2.3.2\jogl-all-2.3.2.jar;C:\Users\Poppro\.m2\repository\org\jogamp\jogl\jogl-all\2.3.2\jogl-all-2.3.2-natives-windows-amd64.jar;C:\Users\Poppro\.m2\repository\org\jogamp\jogl\jogl-all\2.3.2\jogl-all-2.3.2-natives-windows-i586.jar;C:\Users\Poppro\.m2\repository\org\jogamp\jogl\jogl-all\2.3.2\jogl-all-2.3.2-nativ
Launcher Type: SUN_STANDARD

[Global flags]
     intx CICompilerCount                          = 4                                         {product} {ergonomic}
     uint ConcGCThreads                            = 2                                         {product} {ergonomic}
     uint G1ConcRefinementThreads                  = 8                                         {product} {ergonomic}
   size_t G1HeapRegionSize                         = 1048576                                   {product} {ergonomic}
    uintx GCDrainStackTargetSize                   = 64                                        {product} {ergonomic}
   size_t InitialHeapSize                          = 268435456                                 {product} {ergonomic}
   size_t MarkStackSize                            = 4194304                                   {product} {ergonomic}
   size_t MaxHeapSize                              = 4286578688                                {product} {ergonomic}
   size_t MaxNewSize                               = 2571108352                                {product} {ergonomic}
   size_t MinHeapDeltaBytes                        = 1048576                                   {product} {ergonomic}
    uintx NonNMethodCodeHeapSize                   = 5835340                                {pd product} {ergonomic}
    uintx NonProfiledCodeHeapSize                  = 122911450                              {pd product} {ergonomic}
    uintx ProfiledCodeHeapSize                     = 122911450                              {pd product} {ergonomic}
    uintx ReservedCodeCacheSize                    = 251658240                              {pd product} {ergonomic}
     bool SegmentedCodeCache                       = true                                      {product} {ergonomic}
     bool UseCompressedClassPointers               = true                                 {lp64_product} {ergonomic}
     bool UseCompressedOops                        = true                                 {lp64_product} {ergonomic}
     bool UseG1GC                                  = true                                      {product} {ergonomic}
     bool UseLargePagesIndividualAllocation        = false                                  {pd product} {ergonomic}

Logging:
Log output configuration:
 #0: stdout all=warning uptime,level,tags
 #1: stderr all=off uptime,level,tags

Environment Variables:
PATH=C:\Program Files (x86)\Common Files\Oracle\Java\javapath;C:\WINDOWS\system32;C:\WINDOWS;C:\WINDOWS\System32\Wbem;C:\WINDOWS\System32\WindowsPowerShell\v1.0\;C:\WINDOWS\System32\OpenSSH\;C:\Program Files\Git\cmd;C:\Program Files\PuTTY\;C:\Program Files\CMake\bin;C:\Program Files\nodejs\;C:\Program Files (x86)\NVIDIA Corporation\PhysX\Common;C:\Program Files\NVIDIA Corporation\NVIDIA NvDLISR;C:\Program Files\Amazon\AWSCLI\bin\;%SystemRoot%\system32;%SystemRoot%;%SystemRoot%\System32\Wbem;%SYSTEMROOT%\System32\WindowsPowerShell\v1.0\;%SYSTEMROOT%\System32\OpenSSH\;C:\Users\Poppro\AppData\Local\Microsoft\WindowsApps;C:\Users\Poppro\AppData\Local\atom\bin;C:\Users\Poppro\AppData\Roaming\npm;;%USERPROFILE%\AppData\Local\Microsoft\WindowsApps
USERNAME=Poppro
OS=Windows_NT
PROCESSOR_IDENTIFIER=AMD64 Family 21 Model 2 Stepping 0, AuthenticAMD



---------------  S Y S T E M  ---------------

OS: Windows 10 , 64 bit Build 18362 (10.0.18362.86)

CPU:total 8 (initial active 8) (8 cores per cpu, 1 threads per core) family 21 model 2 stepping 0, cmov, cx8, fxsr, mmx, sse, sse2, sse3, ssse3, sse4.1, sse4.2, popcnt, avx, aes, clmul, mmxext, 3dnowpref, lzcnt, sse4a, tsc, tscinvbit, tscinv, bmi1, fma

Memory: 4k page, system-wide physical 16344M (9222M free)
TotalPageFile size 19288M (AvailPageFile size 10158M)
current process WorkingSet (physical memory assigned to process): 283M, peak: 316M
current process commit charge ("private bytes"): 474M, peak: 509M

vm_info: Java HotSpot(TM) 64-Bit Server VM (11.0.2+9-LTS) for windows-amd64 JRE (11.0.2+9-LTS), built on Jan 18 2019 05:24:10 by "mach5one" with MS VC++ 15.5 (VS2017)

END.
