#
# A fatal error has been detected by the Java Runtime Environment:
#
#  EXCEPTION_ILLEGAL_INSTRUCTION (0xc000001d) at pc=0x0000018e179c91ba, pid=159936, tid=161640
#
# JRE version: Java(TM) SE Runtime Environment (11.0.2+9) (build 11.0.2+9-LTS)
# Java VM: Java HotSpot(TM) 64-Bit Server VM (11.0.2+9-LTS, mixed mode, tiered, compressed oops, g1 gc, windows-amd64)
# Problematic frame:
# J 7751% c2 cw.g(II)V (1297 bytes) @ 0x0000018e179c91ba [0x0000018e179c8a40+0x000000000000077a]
#
# No core dump will be written. Minidumps are not enabled by default on client versions of Windows
#
# If you would like to submit a bug report, please visit:
#   http://bugreport.java.com/bugreport/crash.jsp
#

---------------  S U M M A R Y ------------

Command Line: -ea -javaagent:C:\Program Files\JetBrains\IntelliJ IDEA 2018.3.4\lib\idea_rt.jar=18211:C:\Program Files\JetBrains\IntelliJ IDEA 2018.3.4\bin -Dfile.encoding=UTF-8 net.runelite.client.RuneLite --developer-mode

Host: AMD FX(tm)-8350 Eight-Core Processor           , 8 cores, 15G,  Windows 10 , 64 bit Build 18362 (10.0.18362.959)
Time: Wed Jul 29 23:50:59 2020 Eastern Daylight Time elapsed time: 25 seconds (0d 0h 0m 25s)

---------------  T H R E A D  ---------------

Current thread (0x0000018e2d848800):  JavaThread "Client" daemon [_thread_in_Java, id=161640, stack(0x00000063ca8a0000,0x00000063ca9a0000)]

Stack: [0x00000063ca8a0000,0x00000063ca9a0000],  sp=0x00000063ca99f0f0,  free space=1020k
Native frames: (J=compiled Java code, j=interpreted, Vv=VM code, C=native code)
C  0x0000018e179c91ba


siginfo: EXCEPTION_ILLEGAL_INSTRUCTION (0xc000001d)


Register to memory mapping:

RIP=0x0000018e179c91ba is at entry_point+1914 in (nmethod*)0x0000018e179c8890
RAX=0x000000000000807f is an unknown value
RBX=0x0 is NULL
RCX=0x0000000000000081 is an unknown value
RDX=0x0000000000000080 is an unknown value
RSP=0x00000063ca99f0f0 is pointing into the stack for thread: 0x0000018e2d848800
RBP=0x0000000000000001 is an unknown value
RSI=0x0000000000000001 is an unknown value
RDI=0x00000000000000fe is an unknown value
R8 =0xffffffffffffff81 is an unknown value
R9 =0x0000000000000001 is an unknown value
R10=0x0000000000000001 is an unknown value
R11=0x00000000ffffff81 is an unknown value
R12=0x0 is NULL
R13=0x00000007096acce0 is an oop: [I 
{0x00000007096acce0} - klass: {type array int}
 - length: 32768
R14=0x00000007096acce0 is an oop: [I 
{0x00000007096acce0} - klass: {type array int}
 - length: 32768
R15=0x0000018e2d848800 is a thread


Registers:
RAX=0x000000000000807f, RBX=0x0000000000000000, RCX=0x0000000000000081, RDX=0x0000000000000080
RSP=0x00000063ca99f0f0, RBP=0x0000000000000001, RSI=0x0000000000000001, RDI=0x00000000000000fe
R8 =0xffffffffffffff81, R9 =0x0000000000000001, R10=0x0000000000000001, R11=0x00000000ffffff81
R12=0x0000000000000000, R13=0x00000007096acce0, R14=0x00000007096acce0, R15=0x0000018e2d848800
RIP=0x0000018e179c91ba, EFLAGS=0x0000000000010286

Top of Stack: (sp=0x00000063ca99f0f0)
0x00000063ca99f0f0:   0000018e2fa93a18 0000000000000000
0x00000063ca99f100:   00000063ca99f180 00000063ca99f1e0
0x00000063ca99f110:   0000800000000003 ffffffff00000080
0x00000063ca99f120:   00000001edcbfa96 0000000000000000
0x00000063ca99f130:   e12a0000e12d599c 000000070969a738
0x00000063ca99f140:   0000000709500000 0000000000008000
0x00000063ca99f150:   00000007096acce0 00000007096acce0
0x00000063ca99f160:   000000000000000a 0000000000007f80
0x00000063ca99f170:   00000063ca99f1e0 0000018e0fa99e67
0x00000063ca99f180:   00000000edcbfa96 0000000000000001
0x00000063ca99f190:   000000070969a738 00000063ca99f198
0x00000063ca99f1a0:   0000018e2fa96677 00000063ca99f238
0x00000063ca99f1b0:   0000018e3a7ea2e8 0000000000000000
0x00000063ca99f1c0:   0000000702448440 0000018e2fa96720
0x00000063ca99f1d0:   00000063ca99f180 00000063ca99f220
0x00000063ca99f1e0:   00000063ca99f288 0000018e0fa99e67 

Instructions: (pc=0x0000018e179c91ba)
0x0000018e179c919a:   38 e8 60 fa 0e f8 0f 0b ba 4d ff ff ff 44 89 54
0x0000018e179c91aa:   24 28 44 89 5c 24 2c 66 90 e8 48 fa 0e f8 0f 0b
0x0000018e179c91ba:   0f 0b 89 44 24 24 89 5c 24 20 e9 0d ff ff ff 45
0x0000018e179c91ca:   33 db ba 7e ff ff ff 4c 89 5c 24 20 48 89 44 24 


Stack slot to memory mapping:
stack at sp + 0 slots: {method} {0x0000018e2fa93a20} 'g' '(II)V' in 'cw'
stack at sp + 1 slots: 0x0 is NULL
stack at sp + 2 slots: 0x00000063ca99f180 is pointing into the stack for thread: 0x0000018e2d848800
stack at sp + 3 slots: 0x00000063ca99f1e0 is pointing into the stack for thread: 0x0000018e2d848800
stack at sp + 4 slots: 0x0000800000000003 is an unknown value
stack at sp + 5 slots: 0xffffffff00000080 is an unknown value
stack at sp + 6 slots: 0x00000001edcbfa96 is an unknown value
stack at sp + 7 slots: 0x0 is NULL



---------------  P R O C E S S  ---------------

Threads class SMR info:
_java_thread_list=0x0000018e3c74bb40, length=38, elements={
0x0000018e2b9e3000, 0x0000018e2b9e4000, 0x0000018e2ba51800, 0x0000018e2ba53800,
0x0000018e2ba55800, 0x0000018e2b9fe800, 0x0000018e2ba01800, 0x0000018e2bbbc800,
0x0000018e2bfb2800, 0x0000018e2bfb3800, 0x0000018e2ca31800, 0x0000018e2caed800,
0x0000018e2caeb800, 0x0000018e2cae2800, 0x0000018e2d542800, 0x0000018e2d610000,
0x0000018e2d69a000, 0x0000018e2d719800, 0x0000018e2d846000, 0x0000018e2d847800,
0x0000018e2d84a000, 0x0000018e2d845000, 0x0000018e2d849000, 0x0000018e2d84b000,
0x0000018e2d848800, 0x0000018e2d846800, 0x0000018e2f081800, 0x0000018e2f082800,
0x0000018e2f080000, 0x0000018e2f07d800, 0x0000018e2f07f800, 0x0000018e2f081000,
0x0000018e2f083800, 0x0000018e2f084000, 0x0000018e2f07e800, 0x0000018e2f089000,
0x0000018e2f086800, 0x0000018e2f088000
}

Java Threads: ( => current thread )
  0x0000018e2b9e3000 JavaThread "Reference Handler" daemon [_thread_blocked, id=160572, stack(0x00000063c8100000,0x00000063c8200000)]
  0x0000018e2b9e4000 JavaThread "Finalizer" daemon [_thread_blocked, id=159096, stack(0x00000063c8200000,0x00000063c8300000)]
  0x0000018e2ba51800 JavaThread "Signal Dispatcher" daemon [_thread_blocked, id=160520, stack(0x00000063c8300000,0x00000063c8400000)]
  0x0000018e2ba53800 JavaThread "Attach Listener" daemon [_thread_blocked, id=160540, stack(0x00000063c8400000,0x00000063c8500000)]
  0x0000018e2ba55800 JavaThread "C2 CompilerThread0" daemon [_thread_blocked, id=155452, stack(0x00000063c8500000,0x00000063c8600000)]
  0x0000018e2b9fe800 JavaThread "C1 CompilerThread0" daemon [_thread_blocked, id=153400, stack(0x00000063c8600000,0x00000063c8700000)]
  0x0000018e2ba01800 JavaThread "Sweeper thread" daemon [_thread_blocked, id=158028, stack(0x00000063c8700000,0x00000063c8800000)]
  0x0000018e2bbbc800 JavaThread "Common-Cleaner" daemon [_thread_blocked, id=152968, stack(0x00000063c8800000,0x00000063c8900000)]
  0x0000018e2bfb2800 JavaThread "Monitor Ctrl-Break" daemon [_thread_in_native, id=155052, stack(0x00000063c8a00000,0x00000063c8b00000)]
  0x0000018e2bfb3800 JavaThread "Service Thread" daemon [_thread_blocked, id=157788, stack(0x00000063c8b00000,0x00000063c8c00000)]
  0x0000018e2ca31800 JavaThread "Java2D Disposer" daemon [_thread_blocked, id=160068, stack(0x00000063c9100000,0x00000063c9200000)]
  0x0000018e2caed800 JavaThread "AWT-Shutdown" [_thread_blocked, id=160300, stack(0x00000063c9200000,0x00000063c9300000)]
  0x0000018e2caeb800 JavaThread "AWT-Windows" daemon [_thread_in_native, id=159716, stack(0x00000063c9300000,0x00000063c9400000)]
  0x0000018e2cae2800 JavaThread "AWT-EventQueue-0" [_thread_blocked, id=160840, stack(0x00000063c9400000,0x00000063c9500000)]
  0x0000018e2d542800 JavaThread "TimerQueue" daemon [_thread_blocked, id=160960, stack(0x00000063c9810000,0x00000063c9910000)]
  0x0000018e2d610000 JavaThread "D3D Screen Updater" daemon [_thread_blocked, id=160968, stack(0x00000063c9910000,0x00000063c9a10000)]
  0x0000018e2d69a000 JavaThread "OkHttp ConnectionPool" daemon [_thread_blocked, id=161116, stack(0x00000063c9d20000,0x00000063c9e20000)]
  0x0000018e2d719800 JavaThread "Okio Watchdog" daemon [_thread_blocked, id=161120, stack(0x00000063c9e20000,0x00000063c9f20000)]
  0x0000018e2d846000 JavaThread "pool-2-thread-1" [_thread_blocked, id=161160, stack(0x00000063c9f20000,0x00000063ca020000)]
  0x0000018e2d847800 JavaThread "pool-3-thread-1" [_thread_blocked, id=161508, stack(0x00000063ca2a0000,0x00000063ca3a0000)]
  0x0000018e2d84a000 JavaThread "OkHttp api.runelite.net" [_thread_in_native, id=161552, stack(0x00000063ca5a0000,0x00000063ca6a0000)]
  0x0000018e2d845000 JavaThread "OkHttp Http2Connection" daemon [_thread_blocked, id=161560, stack(0x00000063ca6a0000,0x00000063ca7a0000)]
  0x0000018e2d849000 JavaThread "OkHttp Http2Connection" daemon [_thread_blocked, id=161564, stack(0x00000063ca7a0000,0x00000063ca8a0000)]
  0x0000018e2d84b000 JavaThread "Thread-1" daemon [_thread_blocked, id=161636, stack(0x00000063ca4a0000,0x00000063ca5a0000)]
=>0x0000018e2d848800 JavaThread "Client" daemon [_thread_in_Java, id=161640, stack(0x00000063ca8a0000,0x00000063ca9a0000)]
  0x0000018e2d846800 JavaThread "Thread-3" daemon [_thread_blocked, id=161644, stack(0x00000063ca9a0000,0x00000063caaa0000)]
  0x0000018e2f081800 JavaThread "Substance heap status" daemon [_thread_blocked, id=161652, stack(0x00000063caaa0000,0x00000063caba0000)]
  0x0000018e2f082800 JavaThread "Thread-5" daemon [_thread_in_native, id=161668, stack(0x00000063cada0000,0x00000063caea0000)]
  0x0000018e2f080000 JavaThread "Thread-6" daemon [_thread_blocked, id=161672, stack(0x00000063caea0000,0x00000063cafa0000)]
  0x0000018e2f07d800 JavaThread "Trident callback thread" daemon [_thread_blocked, id=161680, stack(0x00000063cafa0000,0x00000063cb0a0000)]
  0x0000018e2f07f800 JavaThread "Trident pulse source thread" daemon [_thread_blocked, id=161684, stack(0x00000063cb0a0000,0x00000063cb1a0000)]
  0x0000018e2f081000 JavaThread "Thread-9" daemon [_thread_blocked, id=161712, stack(0x00000063cb1a0000,0x00000063cb2a0000)]
  0x0000018e2f083800 JavaThread "Java Sound Event Dispatcher" daemon [_thread_blocked, id=161752, stack(0x00000063cb7a0000,0x00000063cb8a0000)]
  0x0000018e2f084000 JavaThread "pool-4-thread-1" [_thread_blocked, id=161764, stack(0x00000063cbaa0000,0x00000063cbba0000)]
  0x0000018e2f07e800 JavaThread "pool-5-thread-1" [_thread_blocked, id=161768, stack(0x00000063cbba0000,0x00000063cbca0000)]
  0x0000018e2f089000 JavaThread "DestroyJavaVM" [_thread_blocked, id=159852, stack(0x00000063c7a00000,0x00000063c7b00000)]
  0x0000018e2f086800 JavaThread "Thread-10" daemon [_thread_blocked, id=160956, stack(0x00000063cb6a0000,0x00000063cb7a0000)]
  0x0000018e2f088000 JavaThread "Client-SharedResourceRunner" daemon [_thread_blocked, id=161432, stack(0x00000063ca3a0000,0x00000063ca4a0000)]

Other Threads:
  0x0000018e2b9be800 VMThread "VM Thread" [stack: 0x00000063c8000000,0x00000063c8100000] [id=158464]
  0x0000018e2bfbd800 WatcherThread [stack: 0x00000063c8c00000,0x00000063c8d00000] [id=159468]
  0x0000018e07785800 GCTaskThread "GC Thread#0" [stack: 0x00000063c7b00000,0x00000063c7c00000] [id=159056]
  0x0000018e2ca07000 GCTaskThread "GC Thread#1" [stack: 0x00000063c8900000,0x00000063c8a00000] [id=159120]
  0x0000018e2ca07800 GCTaskThread "GC Thread#2" [stack: 0x00000063c8d00000,0x00000063c8e00000] [id=159124]
  0x0000018e2ca08800 GCTaskThread "GC Thread#3" [stack: 0x00000063c8e00000,0x00000063c8f00000] [id=159108]
  0x0000018e2ca09000 GCTaskThread "GC Thread#4" [stack: 0x00000063c8f00000,0x00000063c9000000] [id=156904]
  0x0000018e2ca0a800 GCTaskThread "GC Thread#5" [stack: 0x00000063c9000000,0x00000063c9100000] [id=160072]
  0x0000018e368ad000 GCTaskThread "GC Thread#6" [stack: 0x00000063ca020000,0x00000063ca120000] [id=161192]
  0x0000018e2d7bf800 GCTaskThread "GC Thread#7" [stack: 0x00000063ca120000,0x00000063ca220000] [id=161196]
  0x0000018e077e3000 ConcurrentGCThread "G1 Main Marker" [stack: 0x00000063c7c00000,0x00000063c7d00000] [id=159092]
  0x0000018e077e4800 ConcurrentGCThread "G1 Conc#0" [stack: 0x00000063c7d00000,0x00000063c7e00000] [id=160576]
  0x0000018e2d534000 ConcurrentGCThread "G1 Conc#1" [stack: 0x00000063c9710000,0x00000063c9810000] [id=160936]
  0x0000018e2b022800 ConcurrentGCThread "G1 Refine#0" [stack: 0x00000063c7e00000,0x00000063c7f00000] [id=147856]
  0x0000018e2efda800 ConcurrentGCThread "G1 Refine#1" [stack: 0x00000063cb4a0000,0x00000063cb5a0000] [id=161724]
  0x0000018e2b023800 ConcurrentGCThread "G1 Young RemSet Sampling" [stack: 0x00000063c7f00000,0x00000063c8000000] [id=158000]

Threads with active compile tasks:

VM state:not at safepoint (normal execution)

VM Mutex/Monitor currently owned by a thread: None

Heap address: 0x0000000700800000, size: 4088 MB, Compressed Oops mode: Zero based, Oop shift amount: 3
Narrow klass base: 0x0000000800000000, Narrow klass shift: 0
Compressed class space size: 1073741824 Address: 0x0000000800000000

Heap:
 garbage-first heap   total 315392K, used 113444K [0x0000000700800000, 0x0000000800000000)
  region size 1024K, 57 young (58368K), 11 survivors (11264K)
 Metaspace       used 72020K, capacity 74377K, committed 74672K, reserved 1116160K
  class space    used 7854K, capacity 8834K, committed 8960K, reserved 1048576K
Heap Regions: E=young(eden), S=young(survivor), O=old, HS=humongous(starts), HC=humongous(continues), CS=collection set, F=free, A=archive, TAMS=top-at-mark-start (previous, next)
|   0|0x0000000700800000, 0x0000000700900000, 0x0000000700900000|100%| O|  |TAMS 0x0000000700900000, 0x0000000700800000| Untracked 
|   1|0x0000000700900000, 0x0000000700a00000, 0x0000000700a00000|100%| O|  |TAMS 0x0000000700a00000, 0x0000000700900000| Untracked 
|   2|0x0000000700a00000, 0x0000000700b00000, 0x0000000700b00000|100%| O|  |TAMS 0x0000000700b00000, 0x0000000700a00000| Untracked 
|   3|0x0000000700b00000, 0x0000000700c00000, 0x0000000700c00000|100%| O|  |TAMS 0x0000000700c00000, 0x0000000700b00000| Untracked 
|   4|0x0000000700c00000, 0x0000000700d00000, 0x0000000700d00000|100%| O|  |TAMS 0x0000000700d00000, 0x0000000700c00000| Untracked 
|   5|0x0000000700d00000, 0x0000000700e00000, 0x0000000700e00000|100%| O|  |TAMS 0x0000000700e00000, 0x0000000700d00000| Untracked 
|   6|0x0000000700e00000, 0x0000000700f00000, 0x0000000700f00000|100%| O|  |TAMS 0x0000000700f00000, 0x0000000700e00000| Untracked 
|   7|0x0000000700f00000, 0x0000000701000000, 0x0000000701000000|100%| O|  |TAMS 0x0000000700f2cc00, 0x0000000700f00000| Untracked 
|   8|0x0000000701000000, 0x0000000701100000, 0x0000000701100000|100%|HS|  |TAMS 0x0000000701000000, 0x0000000701000000| Complete 
|   9|0x0000000701100000, 0x0000000701200000, 0x0000000701200000|100%|HS|  |TAMS 0x0000000701100000, 0x0000000701100000| Complete 
|  10|0x0000000701200000, 0x0000000701300000, 0x0000000701300000|100%|HS|  |TAMS 0x0000000701200000, 0x0000000701200000| Complete 
|  11|0x0000000701300000, 0x0000000701400000, 0x0000000701400000|100%|HC|  |TAMS 0x0000000701300000, 0x0000000701300000| Complete 
|  12|0x0000000701400000, 0x0000000701500000, 0x0000000701500000|100%|HS|  |TAMS 0x0000000701400000, 0x0000000701400000| Complete 
|  13|0x0000000701500000, 0x0000000701600000, 0x0000000701600000|100%|HC|  |TAMS 0x0000000701500000, 0x0000000701500000| Complete 
|  14|0x0000000701600000, 0x0000000701700000, 0x0000000701700000|100%|HS|  |TAMS 0x0000000701600000, 0x0000000701600000| Complete 
|  15|0x0000000701700000, 0x0000000701700000, 0x0000000701800000|  0%| F|  |TAMS 0x0000000701700000, 0x0000000701700000| Untracked 
|  16|0x0000000701800000, 0x0000000701900000, 0x0000000701900000|100%| O|  |TAMS 0x0000000701800000, 0x0000000701800000| Untracked 
|  17|0x0000000701900000, 0x0000000701a00000, 0x0000000701a00000|100%| O|  |TAMS 0x0000000701900000, 0x0000000701900000| Untracked 
|  18|0x0000000701a00000, 0x0000000701b00000, 0x0000000701b00000|100%| O|  |TAMS 0x0000000701a00000, 0x0000000701a00000| Untracked 
|  19|0x0000000701b00000, 0x0000000701c00000, 0x0000000701c00000|100%| O|  |TAMS 0x0000000701b00000, 0x0000000701b00000| Untracked 
|  20|0x0000000701c00000, 0x0000000701d00000, 0x0000000701d00000|100%| O|  |TAMS 0x0000000701c00000, 0x0000000701c00000| Untracked 
|  21|0x0000000701d00000, 0x0000000701e00000, 0x0000000701e00000|100%| O|  |TAMS 0x0000000701d00000, 0x0000000701d00000| Untracked 
|  22|0x0000000701e00000, 0x0000000701f00000, 0x0000000701f00000|100%| O|  |TAMS 0x0000000701e00000, 0x0000000701e00000| Untracked 
|  23|0x0000000701f00000, 0x0000000702000000, 0x0000000702000000|100%| O|  |TAMS 0x0000000701f00000, 0x0000000701f00000| Untracked 
|  24|0x0000000702000000, 0x0000000702100000, 0x0000000702100000|100%| O|  |TAMS 0x0000000702000000, 0x0000000702000000| Untracked 
|  25|0x0000000702100000, 0x0000000702200000, 0x0000000702200000|100%| O|  |TAMS 0x0000000702100000, 0x0000000702100000| Untracked 
|  26|0x0000000702200000, 0x0000000702300000, 0x0000000702300000|100%| O|  |TAMS 0x0000000702200000, 0x0000000702200000| Untracked 
|  27|0x0000000702300000, 0x0000000702400000, 0x0000000702400000|100%| O|  |TAMS 0x0000000702300000, 0x0000000702300000| Untracked 
|  28|0x0000000702400000, 0x0000000702500000, 0x0000000702500000|100%| O|  |TAMS 0x0000000702400000, 0x0000000702400000| Untracked 
|  29|0x0000000702500000, 0x0000000702600000, 0x0000000702600000|100%| O|  |TAMS 0x0000000702500000, 0x0000000702500000| Untracked 
|  30|0x0000000702600000, 0x0000000702700000, 0x0000000702700000|100%| O|  |TAMS 0x0000000702600000, 0x0000000702600000| Untracked 
|  31|0x0000000702700000, 0x0000000702800000, 0x0000000702800000|100%| O|  |TAMS 0x0000000702700000, 0x0000000702700000| Untracked 
|  32|0x0000000702800000, 0x0000000702900000, 0x0000000702900000|100%| O|  |TAMS 0x0000000702800000, 0x0000000702800000| Untracked 
|  33|0x0000000702900000, 0x0000000702a00000, 0x0000000702a00000|100%| O|  |TAMS 0x0000000702900000, 0x0000000702900000| Untracked 
|  34|0x0000000702a00000, 0x0000000702b00000, 0x0000000702b00000|100%| O|  |TAMS 0x0000000702a00000, 0x0000000702a00000| Untracked 
|  35|0x0000000702b00000, 0x0000000702c00000, 0x0000000702c00000|100%| O|  |TAMS 0x0000000702b00000, 0x0000000702b00000| Untracked 
|  36|0x0000000702c00000, 0x0000000702d00000, 0x0000000702d00000|100%| O|  |TAMS 0x0000000702c00000, 0x0000000702c00000| Untracked 
|  37|0x0000000702d00000, 0x0000000702e00000, 0x0000000702e00000|100%| O|  |TAMS 0x0000000702d00000, 0x0000000702d00000| Untracked 
|  38|0x0000000702e00000, 0x0000000702f00000, 0x0000000702f00000|100%| O|  |TAMS 0x0000000702e00000, 0x0000000702e00000| Untracked 
|  39|0x0000000702f00000, 0x0000000703000000, 0x0000000703000000|100%| O|  |TAMS 0x0000000702f00000, 0x0000000702f00000| Untracked 
|  40|0x0000000703000000, 0x0000000703100000, 0x0000000703100000|100%| O|  |TAMS 0x0000000703000000, 0x0000000703000000| Untracked 
|  41|0x0000000703100000, 0x0000000703200000, 0x0000000703200000|100%| O|  |TAMS 0x0000000703100000, 0x0000000703100000| Untracked 
|  42|0x0000000703200000, 0x0000000703300000, 0x0000000703300000|100%| O|  |TAMS 0x0000000703200000, 0x0000000703200000| Untracked 
|  43|0x0000000703300000, 0x0000000703400000, 0x0000000703400000|100%| O|  |TAMS 0x0000000703300000, 0x0000000703300000| Untracked 
|  44|0x0000000703400000, 0x0000000703500000, 0x0000000703500000|100%| O|  |TAMS 0x0000000703400000, 0x0000000703400000| Untracked 
|  45|0x0000000703500000, 0x0000000703600000, 0x0000000703600000|100%| O|  |TAMS 0x0000000703500000, 0x0000000703500000| Untracked 
|  46|0x0000000703600000, 0x0000000703700000, 0x0000000703700000|100%| O|  |TAMS 0x0000000703600000, 0x0000000703600000| Untracked 
|  47|0x0000000703700000, 0x0000000703800000, 0x0000000703800000|100%| O|  |TAMS 0x0000000703700000, 0x0000000703700000| Untracked 
|  48|0x0000000703800000, 0x0000000703900000, 0x0000000703900000|100%| O|  |TAMS 0x0000000703800000, 0x0000000703800000| Untracked 
|  49|0x0000000703900000, 0x0000000703a00000, 0x0000000703a00000|100%| O|  |TAMS 0x0000000703900000, 0x0000000703900000| Untracked 
|  50|0x0000000703a00000, 0x0000000703b00000, 0x0000000703b00000|100%| O|  |TAMS 0x0000000703a00000, 0x0000000703a00000| Untracked 
|  51|0x0000000703b00000, 0x0000000703c00000, 0x0000000703c00000|100%| O|  |TAMS 0x0000000703b00000, 0x0000000703b00000| Untracked 
|  52|0x0000000703c00000, 0x0000000703d00000, 0x0000000703d00000|100%| O|  |TAMS 0x0000000703c00000, 0x0000000703c00000| Untracked 
|  53|0x0000000703d00000, 0x0000000703e00000, 0x0000000703e00000|100%| O|  |TAMS 0x0000000703d00000, 0x0000000703d00000| Untracked 
|  54|0x0000000703e00000, 0x0000000703f00000, 0x0000000703f00000|100%| O|  |TAMS 0x0000000703e00000, 0x0000000703e00000| Untracked 
|  55|0x0000000703f00000, 0x0000000703f72a00, 0x0000000704000000| 44%| O|  |TAMS 0x0000000703f00000, 0x0000000703f00000| Untracked 
|  56|0x0000000704000000, 0x0000000704100000, 0x0000000704100000|100%|HS|  |TAMS 0x0000000704000000, 0x0000000704000000| Complete 
|  57|0x0000000704100000, 0x0000000704200000, 0x0000000704200000|100%|HC|  |TAMS 0x0000000704100000, 0x0000000704100000| Complete 
|  58|0x0000000704200000, 0x0000000704200000, 0x0000000704300000|  0%| F|  |TAMS 0x0000000704200000, 0x0000000704200000| Untracked 
|  59|0x0000000704300000, 0x0000000704300000, 0x0000000704400000|  0%| F|  |TAMS 0x0000000704300000, 0x0000000704300000| Untracked 
|  60|0x0000000704400000, 0x0000000704400000, 0x0000000704500000|  0%| F|  |TAMS 0x0000000704400000, 0x0000000704400000| Untracked 
|  61|0x0000000704500000, 0x0000000704500000, 0x0000000704600000|  0%| F|  |TAMS 0x0000000704500000, 0x0000000704500000| Untracked 
|  62|0x0000000704600000, 0x0000000704600000, 0x0000000704700000|  0%| F|  |TAMS 0x0000000704600000, 0x0000000704600000| Untracked 
|  63|0x0000000704700000, 0x0000000704700000, 0x0000000704800000|  0%| F|  |TAMS 0x0000000704700000, 0x0000000704700000| Untracked 
|  64|0x0000000704800000, 0x0000000704800000, 0x0000000704900000|  0%| F|  |TAMS 0x0000000704800000, 0x0000000704800000| Untracked 
|  65|0x0000000704900000, 0x0000000704900000, 0x0000000704a00000|  0%| F|  |TAMS 0x0000000704900000, 0x0000000704900000| Untracked 
|  66|0x0000000704a00000, 0x0000000704a00000, 0x0000000704b00000|  0%| F|  |TAMS 0x0000000704a00000, 0x0000000704a00000| Untracked 
|  67|0x0000000704b00000, 0x0000000704b00000, 0x0000000704c00000|  0%| F|  |TAMS 0x0000000704b00000, 0x0000000704b00000| Untracked 
|  68|0x0000000704c00000, 0x0000000704c00000, 0x0000000704d00000|  0%| F|  |TAMS 0x0000000704c00000, 0x0000000704c00000| Untracked 
|  69|0x0000000704d00000, 0x0000000704d00000, 0x0000000704e00000|  0%| F|  |TAMS 0x0000000704d00000, 0x0000000704d00000| Untracked 
|  70|0x0000000704e00000, 0x0000000704e00000, 0x0000000704f00000|  0%| F|  |TAMS 0x0000000704e00000, 0x0000000704e00000| Untracked 
|  71|0x0000000704f00000, 0x0000000704f00000, 0x0000000705000000|  0%| F|  |TAMS 0x0000000704f00000, 0x0000000704f00000| Untracked 
|  72|0x0000000705000000, 0x0000000705000000, 0x0000000705100000|  0%| F|  |TAMS 0x0000000705000000, 0x0000000705000000| Untracked 
|  73|0x0000000705100000, 0x0000000705100000, 0x0000000705200000|  0%| F|  |TAMS 0x0000000705100000, 0x0000000705100000| Untracked 
|  74|0x0000000705200000, 0x0000000705200000, 0x0000000705300000|  0%| F|  |TAMS 0x0000000705200000, 0x0000000705200000| Untracked 
|  75|0x0000000705300000, 0x0000000705300000, 0x0000000705400000|  0%| F|  |TAMS 0x0000000705300000, 0x0000000705300000| Untracked 
|  76|0x0000000705400000, 0x0000000705400000, 0x0000000705500000|  0%| F|  |TAMS 0x0000000705400000, 0x0000000705400000| Untracked 
|  77|0x0000000705500000, 0x0000000705500000, 0x0000000705600000|  0%| F|  |TAMS 0x0000000705500000, 0x0000000705500000| Untracked 
|  78|0x0000000705600000, 0x0000000705600000, 0x0000000705700000|  0%| F|  |TAMS 0x0000000705600000, 0x0000000705600000| Untracked 
|  79|0x0000000705700000, 0x0000000705700000, 0x0000000705800000|  0%| F|  |TAMS 0x0000000705700000, 0x0000000705700000| Untracked 
|  80|0x0000000705800000, 0x0000000705800000, 0x0000000705900000|  0%| F|  |TAMS 0x0000000705800000, 0x0000000705800000| Untracked 
|  81|0x0000000705900000, 0x0000000705900000, 0x0000000705a00000|  0%| F|  |TAMS 0x0000000705900000, 0x0000000705900000| Untracked 
|  82|0x0000000705a00000, 0x0000000705a00000, 0x0000000705b00000|  0%| F|  |TAMS 0x0000000705a00000, 0x0000000705a00000| Untracked 
|  83|0x0000000705b00000, 0x0000000705b00000, 0x0000000705c00000|  0%| F|  |TAMS 0x0000000705b00000, 0x0000000705b00000| Untracked 
|  84|0x0000000705c00000, 0x0000000705c00000, 0x0000000705d00000|  0%| F|  |TAMS 0x0000000705c00000, 0x0000000705c00000| Untracked 
|  85|0x0000000705d00000, 0x0000000705d00000, 0x0000000705e00000|  0%| F|  |TAMS 0x0000000705d00000, 0x0000000705d00000| Untracked 
|  86|0x0000000705e00000, 0x0000000705e00000, 0x0000000705f00000|  0%| F|  |TAMS 0x0000000705e00000, 0x0000000705e00000| Untracked 
|  87|0x0000000705f00000, 0x0000000705f00000, 0x0000000706000000|  0%| F|  |TAMS 0x0000000705f00000, 0x0000000705f00000| Untracked 
|  88|0x0000000706000000, 0x0000000706000000, 0x0000000706100000|  0%| F|  |TAMS 0x0000000706000000, 0x0000000706000000| Untracked 
|  89|0x0000000706100000, 0x0000000706100000, 0x0000000706200000|  0%| F|  |TAMS 0x0000000706100000, 0x0000000706100000| Untracked 
|  90|0x0000000706200000, 0x0000000706200000, 0x0000000706300000|  0%| F|  |TAMS 0x0000000706200000, 0x0000000706200000| Untracked 
|  91|0x0000000706300000, 0x0000000706300000, 0x0000000706400000|  0%| F|  |TAMS 0x0000000706300000, 0x0000000706300000| Untracked 
|  92|0x0000000706400000, 0x0000000706400000, 0x0000000706500000|  0%| F|  |TAMS 0x0000000706400000, 0x0000000706400000| Untracked 
|  93|0x0000000706500000, 0x0000000706500000, 0x0000000706600000|  0%| F|  |TAMS 0x0000000706500000, 0x0000000706500000| Untracked 
|  94|0x0000000706600000, 0x0000000706600000, 0x0000000706700000|  0%| F|  |TAMS 0x0000000706600000, 0x0000000706600000| Untracked 
|  95|0x0000000706700000, 0x0000000706700000, 0x0000000706800000|  0%| F|  |TAMS 0x0000000706700000, 0x0000000706700000| Untracked 
|  96|0x0000000706800000, 0x0000000706800000, 0x0000000706900000|  0%| F|  |TAMS 0x0000000706800000, 0x0000000706800000| Untracked 
|  97|0x0000000706900000, 0x0000000706900000, 0x0000000706a00000|  0%| F|  |TAMS 0x0000000706900000, 0x0000000706900000| Untracked 
|  98|0x0000000706a00000, 0x0000000706a00000, 0x0000000706b00000|  0%| F|  |TAMS 0x0000000706a00000, 0x0000000706a00000| Untracked 
|  99|0x0000000706b00000, 0x0000000706b00000, 0x0000000706c00000|  0%| F|  |TAMS 0x0000000706b00000, 0x0000000706b00000| Untracked 
| 100|0x0000000706c00000, 0x0000000706c00000, 0x0000000706d00000|  0%| F|  |TAMS 0x0000000706c00000, 0x0000000706c00000| Untracked 
| 101|0x0000000706d00000, 0x0000000706d00000, 0x0000000706e00000|  0%| F|  |TAMS 0x0000000706d00000, 0x0000000706d00000| Untracked 
| 102|0x0000000706e00000, 0x0000000706e00000, 0x0000000706f00000|  0%| F|  |TAMS 0x0000000706e00000, 0x0000000706e00000| Untracked 
| 103|0x0000000706f00000, 0x0000000706f00000, 0x0000000707000000|  0%| F|  |TAMS 0x0000000706f00000, 0x0000000706f00000| Untracked 
| 104|0x0000000707000000, 0x0000000707000000, 0x0000000707100000|  0%| F|  |TAMS 0x0000000707000000, 0x0000000707000000| Untracked 
| 105|0x0000000707100000, 0x0000000707100000, 0x0000000707200000|  0%| F|  |TAMS 0x0000000707100000, 0x0000000707100000| Untracked 
| 106|0x0000000707200000, 0x0000000707200000, 0x0000000707300000|  0%| F|  |TAMS 0x0000000707200000, 0x0000000707200000| Untracked 
| 107|0x0000000707300000, 0x0000000707300000, 0x0000000707400000|  0%| F|  |TAMS 0x0000000707300000, 0x0000000707300000| Untracked 
| 108|0x0000000707400000, 0x0000000707400000, 0x0000000707500000|  0%| F|  |TAMS 0x0000000707400000, 0x0000000707400000| Untracked 
| 109|0x0000000707500000, 0x0000000707500000, 0x0000000707600000|  0%| F|  |TAMS 0x0000000707500000, 0x0000000707500000| Untracked 
| 110|0x0000000707600000, 0x0000000707600000, 0x0000000707700000|  0%| F|  |TAMS 0x0000000707600000, 0x0000000707600000| Untracked 
| 111|0x0000000707700000, 0x0000000707700000, 0x0000000707800000|  0%| F|  |TAMS 0x0000000707700000, 0x0000000707700000| Untracked 
| 112|0x0000000707800000, 0x0000000707800000, 0x0000000707900000|  0%| F|  |TAMS 0x0000000707800000, 0x0000000707800000| Untracked 
| 113|0x0000000707900000, 0x0000000707900000, 0x0000000707a00000|  0%| F|  |TAMS 0x0000000707900000, 0x0000000707900000| Untracked 
| 114|0x0000000707a00000, 0x0000000707a00000, 0x0000000707b00000|  0%| F|  |TAMS 0x0000000707a00000, 0x0000000707a00000| Untracked 
| 115|0x0000000707b00000, 0x0000000707b00000, 0x0000000707c00000|  0%| F|  |TAMS 0x0000000707b00000, 0x0000000707b00000| Untracked 
| 116|0x0000000707c00000, 0x0000000707c00000, 0x0000000707d00000|  0%| F|  |TAMS 0x0000000707c00000, 0x0000000707c00000| Untracked 
| 117|0x0000000707d00000, 0x0000000707d00000, 0x0000000707e00000|  0%| F|  |TAMS 0x0000000707d00000, 0x0000000707d00000| Untracked 
| 118|0x0000000707e00000, 0x0000000707e00000, 0x0000000707f00000|  0%| F|  |TAMS 0x0000000707e00000, 0x0000000707e00000| Untracked 
| 119|0x0000000707f00000, 0x0000000707f00000, 0x0000000708000000|  0%| F|  |TAMS 0x0000000707f00000, 0x0000000707f00000| Untracked 
| 120|0x0000000708000000, 0x0000000708000000, 0x0000000708100000|  0%| F|  |TAMS 0x0000000708000000, 0x0000000708000000| Untracked 
| 121|0x0000000708100000, 0x0000000708100000, 0x0000000708200000|  0%| F|  |TAMS 0x0000000708100000, 0x0000000708100000| Untracked 
| 122|0x0000000708200000, 0x0000000708200000, 0x0000000708300000|  0%| F|  |TAMS 0x0000000708200000, 0x0000000708200000| Untracked 
| 123|0x0000000708300000, 0x0000000708300000, 0x0000000708400000|  0%| F|  |TAMS 0x0000000708300000, 0x0000000708300000| Untracked 
| 124|0x0000000708400000, 0x0000000708400000, 0x0000000708500000|  0%| F|  |TAMS 0x0000000708400000, 0x0000000708400000| Untracked 
| 125|0x0000000708500000, 0x0000000708500000, 0x0000000708600000|  0%| F|  |TAMS 0x0000000708500000, 0x0000000708500000| Untracked 
| 126|0x0000000708600000, 0x0000000708600000, 0x0000000708700000|  0%| F|  |TAMS 0x0000000708600000, 0x0000000708600000| Untracked 
| 127|0x0000000708700000, 0x0000000708700000, 0x0000000708800000|  0%| F|  |TAMS 0x0000000708700000, 0x0000000708700000| Untracked 
| 128|0x0000000708800000, 0x0000000708800000, 0x0000000708900000|  0%| F|  |TAMS 0x0000000708800000, 0x0000000708800000| Untracked 
| 129|0x0000000708900000, 0x0000000708900000, 0x0000000708a00000|  0%| F|  |TAMS 0x0000000708900000, 0x0000000708900000| Untracked 
| 130|0x0000000708a00000, 0x0000000708a00000, 0x0000000708b00000|  0%| F|  |TAMS 0x0000000708a00000, 0x0000000708a00000| Untracked 
| 131|0x0000000708b00000, 0x0000000708b00000, 0x0000000708c00000|  0%| F|  |TAMS 0x0000000708b00000, 0x0000000708b00000| Untracked 
| 132|0x0000000708c00000, 0x0000000708c00000, 0x0000000708d00000|  0%| F|  |TAMS 0x0000000708c00000, 0x0000000708c00000| Untracked 
| 133|0x0000000708d00000, 0x0000000708d00000, 0x0000000708e00000|  0%| F|  |TAMS 0x0000000708d00000, 0x0000000708d00000| Untracked 
| 134|0x0000000708e00000, 0x0000000708e00000, 0x0000000708f00000|  0%| F|  |TAMS 0x0000000708e00000, 0x0000000708e00000| Untracked 
| 135|0x0000000708f00000, 0x0000000708f00000, 0x0000000709000000|  0%| F|  |TAMS 0x0000000708f00000, 0x0000000708f00000| Untracked 
| 136|0x0000000709000000, 0x0000000709000000, 0x0000000709100000|  0%| F|  |TAMS 0x0000000709000000, 0x0000000709000000| Untracked 
| 137|0x0000000709100000, 0x0000000709156670, 0x0000000709200000| 33%| S|CS|TAMS 0x0000000709100000, 0x0000000709100000| Complete 
| 138|0x0000000709200000, 0x0000000709300000, 0x0000000709300000|100%| S|CS|TAMS 0x0000000709200000, 0x0000000709200000| Complete 
| 139|0x0000000709300000, 0x0000000709400000, 0x0000000709400000|100%| S|CS|TAMS 0x0000000709300000, 0x0000000709300000| Complete 
| 140|0x0000000709400000, 0x0000000709500000, 0x0000000709500000|100%| S|CS|TAMS 0x0000000709400000, 0x0000000709400000| Complete 
| 141|0x0000000709500000, 0x0000000709600000, 0x0000000709600000|100%| S|CS|TAMS 0x0000000709500000, 0x0000000709500000| Complete 
| 142|0x0000000709600000, 0x0000000709700000, 0x0000000709700000|100%| S|CS|TAMS 0x0000000709600000, 0x0000000709600000| Complete 
| 143|0x0000000709700000, 0x0000000709800000, 0x0000000709800000|100%| S|CS|TAMS 0x0000000709700000, 0x0000000709700000| Complete 
| 144|0x0000000709800000, 0x0000000709900000, 0x0000000709900000|100%| S|CS|TAMS 0x0000000709800000, 0x0000000709800000| Complete 
| 145|0x0000000709900000, 0x0000000709a00000, 0x0000000709a00000|100%| S|CS|TAMS 0x0000000709900000, 0x0000000709900000| Complete 
| 146|0x0000000709a00000, 0x0000000709b00000, 0x0000000709b00000|100%| S|CS|TAMS 0x0000000709a00000, 0x0000000709a00000| Complete 
| 147|0x0000000709b00000, 0x0000000709c00000, 0x0000000709c00000|100%| S|CS|TAMS 0x0000000709b00000, 0x0000000709b00000| Complete 
| 148|0x0000000709c00000, 0x0000000709c00000, 0x0000000709d00000|  0%| F|  |TAMS 0x0000000709c00000, 0x0000000709c00000| Untracked 
| 149|0x0000000709d00000, 0x0000000709d00000, 0x0000000709e00000|  0%| F|  |TAMS 0x0000000709d00000, 0x0000000709d00000| Untracked 
| 150|0x0000000709e00000, 0x0000000709e00000, 0x0000000709f00000|  0%| F|  |TAMS 0x0000000709e00000, 0x0000000709e00000| Untracked 
| 151|0x0000000709f00000, 0x0000000709f00000, 0x000000070a000000|  0%| F|  |TAMS 0x0000000709f00000, 0x0000000709f00000| Untracked 
| 152|0x000000070a000000, 0x000000070a000000, 0x000000070a100000|  0%| F|  |TAMS 0x000000070a000000, 0x000000070a000000| Untracked 
| 153|0x000000070a100000, 0x000000070a100000, 0x000000070a200000|  0%| F|  |TAMS 0x000000070a100000, 0x000000070a100000| Untracked 
| 154|0x000000070a200000, 0x000000070a200000, 0x000000070a300000|  0%| F|  |TAMS 0x000000070a200000, 0x000000070a200000| Untracked 
| 155|0x000000070a300000, 0x000000070a300000, 0x000000070a400000|  0%| F|  |TAMS 0x000000070a300000, 0x000000070a300000| Untracked 
| 156|0x000000070a400000, 0x000000070a400000, 0x000000070a500000|  0%| F|  |TAMS 0x000000070a400000, 0x000000070a400000| Untracked 
| 157|0x000000070a500000, 0x000000070a500000, 0x000000070a600000|  0%| F|  |TAMS 0x000000070a500000, 0x000000070a500000| Untracked 
| 158|0x000000070a600000, 0x000000070a600000, 0x000000070a700000|  0%| F|  |TAMS 0x000000070a600000, 0x000000070a600000| Untracked 
| 159|0x000000070a700000, 0x000000070a700000, 0x000000070a800000|  0%| F|  |TAMS 0x000000070a700000, 0x000000070a700000| Untracked 
| 160|0x000000070a800000, 0x000000070a800000, 0x000000070a900000|  0%| F|  |TAMS 0x000000070a800000, 0x000000070a800000| Untracked 
| 161|0x000000070a900000, 0x000000070a900000, 0x000000070aa00000|  0%| F|  |TAMS 0x000000070a900000, 0x000000070a900000| Untracked 
| 162|0x000000070aa00000, 0x000000070aa00000, 0x000000070ab00000|  0%| F|  |TAMS 0x000000070aa00000, 0x000000070aa00000| Untracked 
| 163|0x000000070ab00000, 0x000000070ab00000, 0x000000070ac00000|  0%| F|  |TAMS 0x000000070ab00000, 0x000000070ab00000| Untracked 
| 164|0x000000070ac00000, 0x000000070ac00000, 0x000000070ad00000|  0%| F|  |TAMS 0x000000070ac00000, 0x000000070ac00000| Untracked 
| 165|0x000000070ad00000, 0x000000070ad00000, 0x000000070ae00000|  0%| F|  |TAMS 0x000000070ad00000, 0x000000070ad00000| Untracked 
| 166|0x000000070ae00000, 0x000000070ae00000, 0x000000070af00000|  0%| F|  |TAMS 0x000000070ae00000, 0x000000070ae00000| Untracked 
| 167|0x000000070af00000, 0x000000070af00000, 0x000000070b000000|  0%| F|  |TAMS 0x000000070af00000, 0x000000070af00000| Untracked 
| 168|0x000000070b000000, 0x000000070b000000, 0x000000070b100000|  0%| F|  |TAMS 0x000000070b000000, 0x000000070b000000| Untracked 
| 169|0x000000070b100000, 0x000000070b100000, 0x000000070b200000|  0%| F|  |TAMS 0x000000070b100000, 0x000000070b100000| Untracked 
| 170|0x000000070b200000, 0x000000070b200000, 0x000000070b300000|  0%| F|  |TAMS 0x000000070b200000, 0x000000070b200000| Untracked 
| 171|0x000000070b300000, 0x000000070b300000, 0x000000070b400000|  0%| F|  |TAMS 0x000000070b300000, 0x000000070b300000| Untracked 
| 172|0x000000070b400000, 0x000000070b400000, 0x000000070b500000|  0%| F|  |TAMS 0x000000070b400000, 0x000000070b400000| Untracked 
| 173|0x000000070b500000, 0x000000070b500000, 0x000000070b600000|  0%| F|  |TAMS 0x000000070b500000, 0x000000070b500000| Untracked 
| 174|0x000000070b600000, 0x000000070b600000, 0x000000070b700000|  0%| F|  |TAMS 0x000000070b600000, 0x000000070b600000| Untracked 
| 175|0x000000070b700000, 0x000000070b700000, 0x000000070b800000|  0%| F|  |TAMS 0x000000070b700000, 0x000000070b700000| Untracked 
| 176|0x000000070b800000, 0x000000070b800000, 0x000000070b900000|  0%| F|  |TAMS 0x000000070b800000, 0x000000070b800000| Untracked 
| 177|0x000000070b900000, 0x000000070b900000, 0x000000070ba00000|  0%| F|  |TAMS 0x000000070b900000, 0x000000070b900000| Untracked 
| 178|0x000000070ba00000, 0x000000070ba00000, 0x000000070bb00000|  0%| F|  |TAMS 0x000000070ba00000, 0x000000070ba00000| Untracked 
| 179|0x000000070bb00000, 0x000000070bb00000, 0x000000070bc00000|  0%| F|  |TAMS 0x000000070bb00000, 0x000000070bb00000| Untracked 
| 180|0x000000070bc00000, 0x000000070bc00000, 0x000000070bd00000|  0%| F|  |TAMS 0x000000070bc00000, 0x000000070bc00000| Untracked 
| 181|0x000000070bd00000, 0x000000070bd00000, 0x000000070be00000|  0%| F|  |TAMS 0x000000070bd00000, 0x000000070bd00000| Untracked 
| 182|0x000000070be00000, 0x000000070be00000, 0x000000070bf00000|  0%| F|  |TAMS 0x000000070be00000, 0x000000070be00000| Untracked 
| 183|0x000000070bf00000, 0x000000070bf00000, 0x000000070c000000|  0%| F|  |TAMS 0x000000070bf00000, 0x000000070bf00000| Untracked 
| 184|0x000000070c000000, 0x000000070c000000, 0x000000070c100000|  0%| F|  |TAMS 0x000000070c000000, 0x000000070c000000| Untracked 
| 185|0x000000070c100000, 0x000000070c100000, 0x000000070c200000|  0%| F|  |TAMS 0x000000070c100000, 0x000000070c100000| Untracked 
| 186|0x000000070c200000, 0x000000070c200000, 0x000000070c300000|  0%| F|  |TAMS 0x000000070c200000, 0x000000070c200000| Untracked 
| 187|0x000000070c300000, 0x000000070c300000, 0x000000070c400000|  0%| F|  |TAMS 0x000000070c300000, 0x000000070c300000| Untracked 
| 188|0x000000070c400000, 0x000000070c400000, 0x000000070c500000|  0%| F|  |TAMS 0x000000070c400000, 0x000000070c400000| Untracked 
| 189|0x000000070c500000, 0x000000070c500000, 0x000000070c600000|  0%| F|  |TAMS 0x000000070c500000, 0x000000070c500000| Untracked 
| 190|0x000000070c600000, 0x000000070c600000, 0x000000070c700000|  0%| F|  |TAMS 0x000000070c600000, 0x000000070c600000| Untracked 
| 191|0x000000070c700000, 0x000000070c700000, 0x000000070c800000|  0%| F|  |TAMS 0x000000070c700000, 0x000000070c700000| Untracked 
| 192|0x000000070c800000, 0x000000070c800000, 0x000000070c900000|  0%| F|  |TAMS 0x000000070c800000, 0x000000070c800000| Untracked 
| 193|0x000000070c900000, 0x000000070c900000, 0x000000070ca00000|  0%| F|  |TAMS 0x000000070c900000, 0x000000070c900000| Untracked 
| 194|0x000000070ca00000, 0x000000070ca00000, 0x000000070cb00000|  0%| F|  |TAMS 0x000000070ca00000, 0x000000070ca00000| Untracked 
| 195|0x000000070cb00000, 0x000000070cb00000, 0x000000070cc00000|  0%| F|  |TAMS 0x000000070cb00000, 0x000000070cb00000| Untracked 
| 196|0x000000070cc00000, 0x000000070cc00000, 0x000000070cd00000|  0%| F|  |TAMS 0x000000070cc00000, 0x000000070cc00000| Untracked 
| 197|0x000000070cd00000, 0x000000070cd00000, 0x000000070ce00000|  0%| F|  |TAMS 0x000000070cd00000, 0x000000070cd00000| Untracked 
| 198|0x000000070ce00000, 0x000000070ce00000, 0x000000070cf00000|  0%| F|  |TAMS 0x000000070ce00000, 0x000000070ce00000| Untracked 
| 199|0x000000070cf00000, 0x000000070cf00000, 0x000000070d000000|  0%| F|  |TAMS 0x000000070cf00000, 0x000000070cf00000| Untracked 
| 200|0x000000070d000000, 0x000000070d000000, 0x000000070d100000|  0%| F|  |TAMS 0x000000070d000000, 0x000000070d000000| Untracked 
| 201|0x000000070d100000, 0x000000070d100000, 0x000000070d200000|  0%| F|  |TAMS 0x000000070d100000, 0x000000070d100000| Untracked 
| 202|0x000000070d200000, 0x000000070d200000, 0x000000070d300000|  0%| F|  |TAMS 0x000000070d200000, 0x000000070d200000| Untracked 
| 203|0x000000070d300000, 0x000000070d300000, 0x000000070d400000|  0%| F|  |TAMS 0x000000070d300000, 0x000000070d300000| Untracked 
| 204|0x000000070d400000, 0x000000070d400000, 0x000000070d500000|  0%| F|  |TAMS 0x000000070d400000, 0x000000070d400000| Untracked 
| 205|0x000000070d500000, 0x000000070d500000, 0x000000070d600000|  0%| F|  |TAMS 0x000000070d500000, 0x000000070d500000| Untracked 
| 206|0x000000070d600000, 0x000000070d600000, 0x000000070d700000|  0%| F|  |TAMS 0x000000070d600000, 0x000000070d600000| Untracked 
| 207|0x000000070d700000, 0x000000070d700000, 0x000000070d800000|  0%| F|  |TAMS 0x000000070d700000, 0x000000070d700000| Untracked 
| 208|0x000000070d800000, 0x000000070d800000, 0x000000070d900000|  0%| F|  |TAMS 0x000000070d800000, 0x000000070d800000| Untracked 
| 209|0x000000070d900000, 0x000000070d900000, 0x000000070da00000|  0%| F|  |TAMS 0x000000070d900000, 0x000000070d900000| Untracked 
| 210|0x000000070da00000, 0x000000070da00000, 0x000000070db00000|  0%| F|  |TAMS 0x000000070da00000, 0x000000070da00000| Untracked 
| 211|0x000000070db00000, 0x000000070db00000, 0x000000070dc00000|  0%| F|  |TAMS 0x000000070db00000, 0x000000070db00000| Untracked 
| 212|0x000000070dc00000, 0x000000070dc00000, 0x000000070dd00000|  0%| F|  |TAMS 0x000000070dc00000, 0x000000070dc00000| Untracked 
| 213|0x000000070dd00000, 0x000000070dd00000, 0x000000070de00000|  0%| F|  |TAMS 0x000000070dd00000, 0x000000070dd00000| Untracked 
| 214|0x000000070de00000, 0x000000070de00000, 0x000000070df00000|  0%| F|  |TAMS 0x000000070de00000, 0x000000070de00000| Untracked 
| 215|0x000000070df00000, 0x000000070df00000, 0x000000070e000000|  0%| F|  |TAMS 0x000000070df00000, 0x000000070df00000| Untracked 
| 216|0x000000070e000000, 0x000000070e000000, 0x000000070e100000|  0%| F|  |TAMS 0x000000070e000000, 0x000000070e000000| Untracked 
| 217|0x000000070e100000, 0x000000070e100000, 0x000000070e200000|  0%| F|  |TAMS 0x000000070e100000, 0x000000070e100000| Untracked 
| 218|0x000000070e200000, 0x000000070e200000, 0x000000070e300000|  0%| F|  |TAMS 0x000000070e200000, 0x000000070e200000| Untracked 
| 219|0x000000070e300000, 0x000000070e300000, 0x000000070e400000|  0%| F|  |TAMS 0x000000070e300000, 0x000000070e300000| Untracked 
| 220|0x000000070e400000, 0x000000070e400000, 0x000000070e500000|  0%| F|  |TAMS 0x000000070e400000, 0x000000070e400000| Untracked 
| 221|0x000000070e500000, 0x000000070e500000, 0x000000070e600000|  0%| F|  |TAMS 0x000000070e500000, 0x000000070e500000| Untracked 
| 222|0x000000070e600000, 0x000000070e600000, 0x000000070e700000|  0%| F|  |TAMS 0x000000070e600000, 0x000000070e600000| Untracked 
| 223|0x000000070e700000, 0x000000070e700000, 0x000000070e800000|  0%| F|  |TAMS 0x000000070e700000, 0x000000070e700000| Untracked 
| 224|0x000000070e800000, 0x000000070e800000, 0x000000070e900000|  0%| F|  |TAMS 0x000000070e800000, 0x000000070e800000| Untracked 
| 225|0x000000070e900000, 0x000000070e900000, 0x000000070ea00000|  0%| F|  |TAMS 0x000000070e900000, 0x000000070e900000| Untracked 
| 226|0x000000070ea00000, 0x000000070ea00000, 0x000000070eb00000|  0%| F|  |TAMS 0x000000070ea00000, 0x000000070ea00000| Untracked 
| 227|0x000000070eb00000, 0x000000070eb00000, 0x000000070ec00000|  0%| F|  |TAMS 0x000000070eb00000, 0x000000070eb00000| Untracked 
| 228|0x000000070ec00000, 0x000000070ec00000, 0x000000070ed00000|  0%| F|  |TAMS 0x000000070ec00000, 0x000000070ec00000| Untracked 
| 229|0x000000070ed00000, 0x000000070ed00000, 0x000000070ee00000|  0%| F|  |TAMS 0x000000070ed00000, 0x000000070ed00000| Untracked 
| 230|0x000000070ee00000, 0x000000070ee00000, 0x000000070ef00000|  0%| F|  |TAMS 0x000000070ee00000, 0x000000070ee00000| Untracked 
| 231|0x000000070ef00000, 0x000000070ef00000, 0x000000070f000000|  0%| F|  |TAMS 0x000000070ef00000, 0x000000070ef00000| Untracked 
| 232|0x000000070f000000, 0x000000070f000000, 0x000000070f100000|  0%| F|  |TAMS 0x000000070f000000, 0x000000070f000000| Untracked 
| 233|0x000000070f100000, 0x000000070f100000, 0x000000070f200000|  0%| F|  |TAMS 0x000000070f100000, 0x000000070f100000| Untracked 
| 234|0x000000070f200000, 0x000000070f200000, 0x000000070f300000|  0%| F|  |TAMS 0x000000070f200000, 0x000000070f200000| Untracked 
| 235|0x000000070f300000, 0x000000070f300000, 0x000000070f400000|  0%| F|  |TAMS 0x000000070f300000, 0x000000070f300000| Untracked 
| 236|0x000000070f400000, 0x000000070f400000, 0x000000070f500000|  0%| F|  |TAMS 0x000000070f400000, 0x000000070f400000| Untracked 
| 237|0x000000070f500000, 0x000000070f500000, 0x000000070f600000|  0%| F|  |TAMS 0x000000070f500000, 0x000000070f500000| Untracked 
| 238|0x000000070f600000, 0x000000070f600000, 0x000000070f700000|  0%| F|  |TAMS 0x000000070f600000, 0x000000070f600000| Untracked 
| 239|0x000000070f700000, 0x000000070f700000, 0x000000070f800000|  0%| F|  |TAMS 0x000000070f700000, 0x000000070f700000| Untracked 
| 240|0x000000070f800000, 0x000000070f800000, 0x000000070f900000|  0%| F|  |TAMS 0x000000070f800000, 0x000000070f800000| Untracked 
| 241|0x000000070f900000, 0x000000070f900000, 0x000000070fa00000|  0%| F|  |TAMS 0x000000070f900000, 0x000000070f900000| Untracked 
| 242|0x000000070fa00000, 0x000000070fa00000, 0x000000070fb00000|  0%| F|  |TAMS 0x000000070fa00000, 0x000000070fa00000| Untracked 
| 243|0x000000070fb00000, 0x000000070fb00000, 0x000000070fc00000|  0%| F|  |TAMS 0x000000070fb00000, 0x000000070fb00000| Untracked 
| 244|0x000000070fc00000, 0x000000070fc00000, 0x000000070fd00000|  0%| F|  |TAMS 0x000000070fc00000, 0x000000070fc00000| Untracked 
| 245|0x000000070fd00000, 0x000000070fd00000, 0x000000070fe00000|  0%| F|  |TAMS 0x000000070fd00000, 0x000000070fd00000| Untracked 
| 246|0x000000070fe00000, 0x000000070fe00000, 0x000000070ff00000|  0%| F|  |TAMS 0x000000070fe00000, 0x000000070fe00000| Untracked 
| 247|0x000000070ff00000, 0x000000070ff00000, 0x0000000710000000|  0%| F|  |TAMS 0x000000070ff00000, 0x000000070ff00000| Untracked 
| 248|0x0000000710000000, 0x0000000710000000, 0x0000000710100000|  0%| F|  |TAMS 0x0000000710000000, 0x0000000710000000| Untracked 
| 249|0x0000000710100000, 0x0000000710100000, 0x0000000710200000|  0%| F|  |TAMS 0x0000000710100000, 0x0000000710100000| Untracked 
| 250|0x0000000710200000, 0x0000000710200000, 0x0000000710300000|  0%| F|  |TAMS 0x0000000710200000, 0x0000000710200000| Untracked 
| 251|0x0000000710300000, 0x0000000710300000, 0x0000000710400000|  0%| F|  |TAMS 0x0000000710300000, 0x0000000710300000| Untracked 
| 252|0x0000000710400000, 0x0000000710400000, 0x0000000710500000|  0%| F|  |TAMS 0x0000000710400000, 0x0000000710400000| Untracked 
| 253|0x0000000710500000, 0x0000000710500000, 0x0000000710600000|  0%| F|  |TAMS 0x0000000710500000, 0x0000000710500000| Untracked 
| 254|0x0000000710600000, 0x0000000710600000, 0x0000000710700000|  0%| F|  |TAMS 0x0000000710600000, 0x0000000710600000| Untracked 
| 255|0x0000000710700000, 0x0000000710700000, 0x0000000710800000|  0%| F|  |TAMS 0x0000000710700000, 0x0000000710700000| Untracked 
| 256|0x0000000710800000, 0x0000000710800000, 0x0000000710900000|  0%| F|  |TAMS 0x0000000710800000, 0x0000000710800000| Untracked 
| 257|0x0000000710900000, 0x0000000710900000, 0x0000000710a00000|  0%| F|  |TAMS 0x0000000710900000, 0x0000000710900000| Untracked 
| 258|0x0000000710a00000, 0x0000000710a00000, 0x0000000710b00000|  0%| F|  |TAMS 0x0000000710a00000, 0x0000000710a00000| Untracked 
| 259|0x0000000710b00000, 0x0000000710b00000, 0x0000000710c00000|  0%| F|  |TAMS 0x0000000710b00000, 0x0000000710b00000| Untracked 
| 260|0x0000000710c00000, 0x0000000710c00000, 0x0000000710d00000|  0%| F|  |TAMS 0x0000000710c00000, 0x0000000710c00000| Untracked 
| 261|0x0000000710d00000, 0x0000000710d00000, 0x0000000710e00000|  0%| F|  |TAMS 0x0000000710d00000, 0x0000000710d00000| Untracked 
| 262|0x0000000710e00000, 0x0000000710e6fcd8, 0x0000000710f00000| 43%| E|  |TAMS 0x0000000710e00000, 0x0000000710e00000| Complete 
| 263|0x0000000710f00000, 0x0000000711000000, 0x0000000711000000|100%| E|CS|TAMS 0x0000000710f00000, 0x0000000710f00000| Complete 
| 264|0x0000000711000000, 0x0000000711100000, 0x0000000711100000|100%| E|CS|TAMS 0x0000000711000000, 0x0000000711000000| Complete 
| 265|0x0000000711100000, 0x0000000711200000, 0x0000000711200000|100%| E|CS|TAMS 0x0000000711100000, 0x0000000711100000| Complete 
| 266|0x0000000711200000, 0x0000000711300000, 0x0000000711300000|100%| E|CS|TAMS 0x0000000711200000, 0x0000000711200000| Complete 
| 267|0x0000000711300000, 0x0000000711400000, 0x0000000711400000|100%| E|CS|TAMS 0x0000000711300000, 0x0000000711300000| Complete 
| 268|0x0000000711400000, 0x0000000711500000, 0x0000000711500000|100%| E|CS|TAMS 0x0000000711400000, 0x0000000711400000| Complete 
| 269|0x0000000711500000, 0x0000000711600000, 0x0000000711600000|100%| E|CS|TAMS 0x0000000711500000, 0x0000000711500000| Complete 
| 270|0x0000000711600000, 0x0000000711700000, 0x0000000711700000|100%| E|CS|TAMS 0x0000000711600000, 0x0000000711600000| Complete 
| 271|0x0000000711700000, 0x0000000711800000, 0x0000000711800000|100%| E|CS|TAMS 0x0000000711700000, 0x0000000711700000| Complete 
| 272|0x0000000711800000, 0x0000000711900000, 0x0000000711900000|100%| E|CS|TAMS 0x0000000711800000, 0x0000000711800000| Complete 
| 273|0x0000000711900000, 0x0000000711a00000, 0x0000000711a00000|100%| E|  |TAMS 0x0000000711900000, 0x0000000711900000| Complete 
| 274|0x0000000711a00000, 0x0000000711b00000, 0x0000000711b00000|100%| E|CS|TAMS 0x0000000711a00000, 0x0000000711a00000| Complete 
| 275|0x0000000711b00000, 0x0000000711c00000, 0x0000000711c00000|100%| E|CS|TAMS 0x0000000711b00000, 0x0000000711b00000| Complete 
| 276|0x0000000711c00000, 0x0000000711d00000, 0x0000000711d00000|100%| E|CS|TAMS 0x0000000711c00000, 0x0000000711c00000| Complete 
| 277|0x0000000711d00000, 0x0000000711e00000, 0x0000000711e00000|100%| E|CS|TAMS 0x0000000711d00000, 0x0000000711d00000| Complete 
| 278|0x0000000711e00000, 0x0000000711f00000, 0x0000000711f00000|100%| E|CS|TAMS 0x0000000711e00000, 0x0000000711e00000| Complete 
| 279|0x0000000711f00000, 0x0000000712000000, 0x0000000712000000|100%| E|CS|TAMS 0x0000000711f00000, 0x0000000711f00000| Complete 
| 280|0x0000000712000000, 0x0000000712100000, 0x0000000712100000|100%| E|CS|TAMS 0x0000000712000000, 0x0000000712000000| Complete 
| 281|0x0000000712100000, 0x0000000712200000, 0x0000000712200000|100%| E|CS|TAMS 0x0000000712100000, 0x0000000712100000| Complete 
| 282|0x0000000712200000, 0x0000000712300000, 0x0000000712300000|100%| E|CS|TAMS 0x0000000712200000, 0x0000000712200000| Complete 
| 283|0x0000000712300000, 0x0000000712400000, 0x0000000712400000|100%| E|CS|TAMS 0x0000000712300000, 0x0000000712300000| Complete 
| 284|0x0000000712400000, 0x0000000712500000, 0x0000000712500000|100%| E|CS|TAMS 0x0000000712400000, 0x0000000712400000| Complete 
| 285|0x0000000712500000, 0x0000000712600000, 0x0000000712600000|100%| E|CS|TAMS 0x0000000712500000, 0x0000000712500000| Complete 
| 286|0x0000000712600000, 0x0000000712700000, 0x0000000712700000|100%| E|CS|TAMS 0x0000000712600000, 0x0000000712600000| Complete 
| 287|0x0000000712700000, 0x0000000712800000, 0x0000000712800000|100%| E|CS|TAMS 0x0000000712700000, 0x0000000712700000| Complete 
| 288|0x0000000712800000, 0x0000000712900000, 0x0000000712900000|100%| E|CS|TAMS 0x0000000712800000, 0x0000000712800000| Complete 
| 289|0x0000000712900000, 0x0000000712a00000, 0x0000000712a00000|100%| E|CS|TAMS 0x0000000712900000, 0x0000000712900000| Complete 
| 290|0x0000000712a00000, 0x0000000712b00000, 0x0000000712b00000|100%| E|CS|TAMS 0x0000000712a00000, 0x0000000712a00000| Complete 
| 291|0x0000000712b00000, 0x0000000712c00000, 0x0000000712c00000|100%| E|CS|TAMS 0x0000000712b00000, 0x0000000712b00000| Complete 
| 292|0x0000000712c00000, 0x0000000712d00000, 0x0000000712d00000|100%| E|CS|TAMS 0x0000000712c00000, 0x0000000712c00000| Complete 
| 293|0x0000000712d00000, 0x0000000712e00000, 0x0000000712e00000|100%| E|CS|TAMS 0x0000000712d00000, 0x0000000712d00000| Complete 
| 294|0x0000000712e00000, 0x0000000712f00000, 0x0000000712f00000|100%| E|CS|TAMS 0x0000000712e00000, 0x0000000712e00000| Complete 
| 295|0x0000000712f00000, 0x0000000713000000, 0x0000000713000000|100%| E|CS|TAMS 0x0000000712f00000, 0x0000000712f00000| Complete 
| 296|0x0000000713000000, 0x0000000713100000, 0x0000000713100000|100%| E|CS|TAMS 0x0000000713000000, 0x0000000713000000| Complete 
| 297|0x0000000713100000, 0x0000000713200000, 0x0000000713200000|100%| E|CS|TAMS 0x0000000713100000, 0x0000000713100000| Complete 
| 298|0x0000000713200000, 0x0000000713300000, 0x0000000713300000|100%| E|CS|TAMS 0x0000000713200000, 0x0000000713200000| Complete 
| 299|0x0000000713300000, 0x0000000713400000, 0x0000000713400000|100%| E|CS|TAMS 0x0000000713300000, 0x0000000713300000| Complete 
| 300|0x0000000713400000, 0x0000000713500000, 0x0000000713500000|100%| E|CS|TAMS 0x0000000713400000, 0x0000000713400000| Complete 
| 301|0x0000000713500000, 0x0000000713600000, 0x0000000713600000|100%| E|CS|TAMS 0x0000000713500000, 0x0000000713500000| Complete 
| 302|0x0000000713600000, 0x0000000713700000, 0x0000000713700000|100%| E|CS|TAMS 0x0000000713600000, 0x0000000713600000| Complete 
| 303|0x0000000713700000, 0x0000000713800000, 0x0000000713800000|100%| E|CS|TAMS 0x0000000713700000, 0x0000000713700000| Complete 
| 304|0x0000000713800000, 0x0000000713900000, 0x0000000713900000|100%| E|CS|TAMS 0x0000000713800000, 0x0000000713800000| Complete 
| 305|0x0000000713900000, 0x0000000713a00000, 0x0000000713a00000|100%| E|CS|TAMS 0x0000000713900000, 0x0000000713900000| Complete 
| 306|0x0000000713a00000, 0x0000000713b00000, 0x0000000713b00000|100%| E|CS|TAMS 0x0000000713a00000, 0x0000000713a00000| Complete 
| 307|0x0000000713b00000, 0x0000000713c00000, 0x0000000713c00000|100%| E|CS|TAMS 0x0000000713b00000, 0x0000000713b00000| Complete 

Card table byte_map: [0x0000018e1f5c0000,0x0000018e1fdc0000] _byte_map_base: 0x0000018e1bdbc000

Marking Bits (Prev, Next): (CMBitMap*) 0x0000018e077d24b0, (CMBitMap*) 0x0000018e077d2478
 Prev Bits: [0x0000018e245a0000, 0x0000018e28580000)
 Next Bits: [0x0000018e205c0000, 0x0000018e245a0000)

Polling page: 0x0000018e05540000

Metaspace:

Usage:
  Non-class:     64.01 MB capacity,    62.66 MB ( 98%) used,     1.06 MB (  2%) free+waste,   291.06 KB ( <1%) overhead. 
      Class:      8.63 MB capacity,     7.67 MB ( 89%) used,   841.26 KB ( 10%) free+waste,   137.75 KB (  2%) overhead. 
       Both:     72.63 MB capacity,    70.33 MB ( 97%) used,     1.88 MB (  3%) free+waste,   428.81 KB ( <1%) overhead. 

Virtual space:
  Non-class space:       66.00 MB reserved,      64.17 MB ( 97%) committed 
      Class space:        1.00 GB reserved,       8.75 MB ( <1%) committed 
             Both:        1.06 GB reserved,      72.92 MB (  7%) committed 

Chunk freelists:
   Non-Class:  13.13 KB
       Class:  0 bytes
        Both:  13.13 KB

CodeHeap 'non-profiled nmethods': size=120000Kb used=4531Kb max_used=4531Kb free=115469Kb
 bounds [0x0000018e17560000, 0x0000018e179d0000, 0x0000018e1ea90000]
CodeHeap 'profiled nmethods': size=120000Kb used=17853Kb max_used=17853Kb free=102146Kb
 bounds [0x0000018e10030000, 0x0000018e111b0000, 0x0000018e17560000]
CodeHeap 'non-nmethods': size=5760Kb used=1698Kb max_used=1734Kb free=4062Kb
 bounds [0x0000018e0fa90000, 0x0000018e0fd00000, 0x0000018e10030000]
 total_blobs=11332 nmethods=7161 adapters=1200
 compilation: enabled
              stopped_count=0, restarted_count=0
 full_count=0

Compilation events (10 events):
Event: 25.031 Thread 0x0000018e2b9fe800 7759       3       java.util.Formatter$Flags::parse (176 bytes)
Event: 25.031 Thread 0x0000018e2b9fe800 nmethod 7759 0x0000018e105f1b10 code [0x0000018e105f1d00, 0x0000018e105f2280]
Event: 25.038 Thread 0x0000018e2ba55800 nmethod 7762% 0x0000018e179c9710 code [0x0000018e179c98c0, 0x0000018e179c9eb8]
Event: 25.038 Thread 0x0000018e2ba55800 7763 % !   4       cw::g @ 135 (1297 bytes)
Event: 25.042 Thread 0x0000018e2b9fe800 7764   !   3       ka::gt (242 bytes)
Event: 25.044 Thread 0x0000018e2b9fe800 nmethod 7764 0x0000018e111acf10 code [0x0000018e111ad200, 0x0000018e111ae1e0]
Event: 25.044 Thread 0x0000018e2b9fe800 7765       3       jogamp.opengl.gl4.GL4bcImpl::glBindBuffer (54 bytes)
Event: 25.045 Thread 0x0000018e2b9fe800 nmethod 7765 0x0000018e111ae890 code [0x0000018e111aeb40, 0x0000018e111af7f0]
Event: 25.048 Thread 0x0000018e2b9fe800 7767       1       jogamp.common.util.locks.RecursiveLockImpl01Unfairish$SingleThreadSync::getHoldCount (5 bytes)
Event: 25.048 Thread 0x0000018e2b9fe800 nmethod 7767 0x0000018e179ca610 code [0x0000018e179ca7c0, 0x0000018e179ca8d8]

GC Heap History (10 events):
Event: 7.725 GC heap before
{Heap before GC invocations=4 (full 0):
 garbage-first heap   total 262144K, used 52713K [0x0000000700800000, 0x0000000800000000)
  region size 1024K, 48 young (49152K), 4 survivors (4096K)
 Metaspace       used 33911K, capacity 34549K, committed 34736K, reserved 1079296K
  class space    used 3731K, capacity 3983K, committed 4096K, reserved 1048576K
}
Event: 7.731 GC heap after
{Heap after GC invocations=5 (full 0):
 garbage-first heap   total 262144K, used 10143K [0x0000000700800000, 0x0000000800000000)
  region size 1024K, 5 young (5120K), 5 survivors (5120K)
 Metaspace       used 33911K, capacity 34549K, committed 34736K, reserved 1079296K
  class space    used 3731K, capacity 3983K, committed 4096K, reserved 1048576K
}
Event: 7.777 GC heap before
{Heap before GC invocations=5 (full 0):
 garbage-first heap   total 262144K, used 17311K [0x0000000700800000, 0x0000000800000000)
  region size 1024K, 9 young (9216K), 5 survivors (5120K)
 Metaspace       used 35120K, capacity 35769K, committed 35920K, reserved 1081344K
  class space    used 3767K, capacity 4047K, committed 4096K, reserved 1048576K
}
Event: 7.782 GC heap after
{Heap after GC invocations=6 (full 0):
 garbage-first heap   total 262144K, used 11993K [0x0000000700800000, 0x0000000800000000)
  region size 1024K, 4 young (4096K), 4 survivors (4096K)
 Metaspace       used 35120K, capacity 35769K, committed 35920K, reserved 1081344K
  class space    used 3767K, capacity 4047K, committed 4096K, reserved 1048576K
}
Event: 11.267 GC heap before
{Heap before GC invocations=7 (full 0):
 garbage-first heap   total 262144K, used 106201K [0x0000000700800000, 0x0000000800000000)
  region size 1024K, 96 young (98304K), 4 survivors (4096K)
 Metaspace       used 51143K, capacity 51838K, committed 52016K, reserved 1095680K
  class space    used 5355K, capacity 5646K, committed 5760K, reserved 1048576K
}
Event: 11.302 GC heap after
{Heap after GC invocations=8 (full 0):
 garbage-first heap   total 262144K, used 19635K [0x0000000700800000, 0x0000000800000000)
  region size 1024K, 12 young (12288K), 12 survivors (12288K)
 Metaspace       used 51143K, capacity 51838K, committed 52016K, reserved 1095680K
  class space    used 5355K, capacity 5646K, committed 5760K, reserved 1048576K
}
Event: 14.014 GC heap before
{Heap before GC invocations=9 (full 0):
 garbage-first heap   total 262144K, used 146611K [0x0000000700800000, 0x0000000800000000)
  region size 1024K, 129 young (132096K), 12 survivors (12288K)
 Metaspace       used 62348K, capacity 63745K, committed 64048K, reserved 1105920K
  class space    used 6870K, capacity 7448K, committed 7552K, reserved 1048576K
}
Event: 14.071 GC heap after
{Heap after GC invocations=10 (full 0):
 garbage-first heap   total 262144K, used 56656K [0x0000000700800000, 0x0000000800000000)
  region size 1024K, 17 young (17408K), 17 survivors (17408K)
 Metaspace       used 62348K, capacity 63745K, committed 64048K, reserved 1105920K
  class space    used 6870K, capacity 7448K, committed 7552K, reserved 1048576K
}
Event: 20.154 GC heap before
{Heap before GC invocations=10 (full 0):
 garbage-first heap   total 262144K, used 170320K [0x0000000700800000, 0x0000000800000000)
  region size 1024K, 125 young (128000K), 17 survivors (17408K)
 Metaspace       used 71122K, capacity 73466K, committed 73776K, reserved 1114112K
  class space    used 7785K, capacity 8786K, committed 8832K, reserved 1048576K
}
Event: 20.271 GC heap after
{Heap after GC invocations=11 (full 0):
 garbage-first heap   total 315392K, used 65316K [0x0000000700800000, 0x0000000800000000)
  region size 1024K, 11 young (11264K), 11 survivors (11264K)
 Metaspace       used 71122K, capacity 73466K, committed 73776K, reserved 1114112K
  class space    used 7785K, capacity 8786K, committed 8832K, reserved 1048576K
}

Deoptimization events (10 events):
Event: 24.619 Thread 0x0000018e2d848800 Uncommon trap: reason=profile_predicate action=maybe_recompile pc=0x0000018e179b12bc method=cw.g(II)V @ 899 c2
Event: 24.666 Thread 0x0000018e2d848800 Uncommon trap: reason=profile_predicate action=maybe_recompile pc=0x0000018e179b12bc method=cw.g(II)V @ 899 c2
Event: 24.698 Thread 0x0000018e2d848800 Uncommon trap: reason=profile_predicate action=maybe_recompile pc=0x0000018e179b6f88 method=cw.g(II)V @ 899 c2
Event: 24.738 Thread 0x0000018e2d848800 Uncommon trap: reason=profile_predicate action=maybe_recompile pc=0x0000018e179b6f88 method=cw.g(II)V @ 899 c2
Event: 24.739 Thread 0x0000018e2d848800 Uncommon trap: reason=profile_predicate action=maybe_recompile pc=0x0000018e179b8b64 method=cw.g(II)V @ 1096 c2
Event: 24.778 Thread 0x0000018e2d848800 Uncommon trap: reason=profile_predicate action=maybe_recompile pc=0x0000018e179b12bc method=cw.g(II)V @ 899 c2
Event: 24.778 Thread 0x0000018e2d848800 Uncommon trap: reason=profile_predicate action=maybe_recompile pc=0x0000018e179b8b64 method=cw.g(II)V @ 1096 c2
Event: 25.011 Thread 0x0000018e2d848800 Uncommon trap: reason=profile_predicate action=maybe_recompile pc=0x0000018e179bb710 method=cw.g(II)V @ 937 c2
Event: 25.013 Thread 0x0000018e2d848800 Uncommon trap: reason=profile_predicate action=maybe_recompile pc=0x0000018e179ab148 method=cw.g(II)V @ 1096 c2
Event: 25.023 Thread 0x0000018e2d848800 Uncommon trap: reason=profile_predicate action=maybe_recompile pc=0x0000018e179bb710 method=cw.g(II)V @ 937 c2

Classes redefined (0 events):
No events

Internal exceptions (10 events):
Event: 18.659 Thread 0x0000018e2cae2800 Exception <a 'java/lang/NoSuchMethodError'{0x000000070a7ef5f8}: java.lang.invoke.Invokers$Holder.linkToTargetMethod(Ljava/lang/Object;IIIILjava/lang/Object;Ljava/lang/Object;Ljava/lang/Object;Ljava/lang/Object;)Ljava/lang/Object;> (0x000000070a7ef5f8) thr
Event: 18.666 Thread 0x0000018e2cae2800 Exception <a 'java/lang/NoSuchMethodError'{0x000000070a677dc8}: java.lang.invoke.DelegatingMethodHandle$Holder.reinvoke_L(Ljava/lang/Object;Ljava/lang/Object;IILjava/lang/Object;Ljava/lang/Object;Ljava/lang/Object;Ljava/lang/Object;ILjava/lang/Object;Ljav
Event: 18.670 Thread 0x0000018e2cae2800 Exception <a 'java/lang/NoSuchMethodError'{0x000000070a6e3668}: java.lang.invoke.DirectMethodHandle$Holder.invokeSpecial(Ljava/lang/Object;Ljava/lang/Object;IILjava/lang/Object;Ljava/lang/Object;Ljava/lang/Object;Ljava/lang/Object;ILjava/lang/Object;Ljava
Event: 18.670 Thread 0x0000018e2cae2800 Exception <a 'java/lang/NoSuchMethodError'{0x000000070a6e7830}: java.lang.invoke.DelegatingMethodHandle$Holder.reinvoke_L(Ljava/lang/Object;IILjava/lang/Object;Ljava/lang/Object;Ljava/lang/Object;Ljava/lang/Object;ILjava/lang/Object;Ljava/lang/Object;Ljav
Event: 18.674 Thread 0x0000018e2cae2800 Exception <a 'java/lang/NoSuchMethodError'{0x000000070a53fc40}: java.lang.invoke.DelegatingMethodHandle$Holder.reinvoke_L(Ljava/lang/Object;Ljava/lang/Object;Ljava/lang/Object;Ljava/lang/Object;Ljava/lang/Object;ILjava/lang/Object;Ljava/lang/Object;Ljava/
Event: 18.680 Thread 0x0000018e2cae2800 Exception <a 'java/lang/NoSuchMethodError'{0x000000070a58b418}: java.lang.invoke.DirectMethodHandle$Holder.invokeStatic(Ljava/lang/Object;Ljava/lang/Object;Ljava/lang/Object;Ljava/lang/Object;Ljava/lang/Object;Ljava/lang/Object;Ljava/lang/Object;Ljava/lan
Event: 18.683 Thread 0x0000018e2cae2800 Exception <a 'java/lang/NoSuchMethodError'{0x000000070a5978b0}: java.lang.invoke.DirectMethodHandle$Holder.invokeStatic(Ljava/lang/Object;Ljava/lang/Object;Ljava/lang/Object;Ljava/lang/Object;Ljava/lang/Object;Ljava/lang/Object;Ljava/lang/Object;Ljava/lan
Event: 18.684 Thread 0x0000018e2cae2800 Exception <a 'java/lang/NoSuchMethodError'{0x000000070a5a4130}: java.lang.invoke.DirectMethodHandle$Holder.invokeStatic(Ljava/lang/Object;Ljava/lang/Object;Ljava/lang/Object;Ljava/lang/Object;Ljava/lang/Object;Ljava/lang/Object;Ljava/lang/Object;Ljava/lan
Event: 23.478 Thread 0x0000018e2d848800 Exception <a 'java/lang/NullPointerException'{0x0000000712d89f30}> (0x0000000712d89f30) thrown at [t:/workspace/open/src/hotspot/share/interpreter/linkResolver.cpp, line 1354]
Event: 24.042 Thread 0x0000018e2d848800 Implicit null exception at 0x0000018e1778e19c to 0x0000018e1778e30e

Events (10 events):
Event: 25.005 Thread 0x0000018e3cb0f800 Thread exited: 0x0000018e3cb0f800
Event: 25.011 Thread 0x0000018e2d848800 Uncommon trap: trap_request=0xffffffbe fr.pc=0x0000018e179bb710 relative=0x0000000000001950
Event: 25.011 Thread 0x0000018e2d848800 DEOPT PACKING pc=0x0000018e179bb710 sp=0x00000063ca99f0d0
Event: 25.011 Thread 0x0000018e2d848800 DEOPT UNPACKING pc=0x0000018e0fab8caf sp=0x00000063ca99f070 mode 2
Event: 25.013 Thread 0x0000018e2d848800 Uncommon trap: trap_request=0xffffffbe fr.pc=0x0000018e179ab148 relative=0x0000000000000488
Event: 25.013 Thread 0x0000018e2d848800 DEOPT PACKING pc=0x0000018e179ab148 sp=0x00000063ca99f100
Event: 25.013 Thread 0x0000018e2d848800 DEOPT UNPACKING pc=0x0000018e0fab8caf sp=0x00000063ca99f070 mode 2
Event: 25.023 Thread 0x0000018e2d848800 Uncommon trap: trap_request=0xffffffbe fr.pc=0x0000018e179bb710 relative=0x0000000000001950
Event: 25.023 Thread 0x0000018e2d848800 DEOPT PACKING pc=0x0000018e179bb710 sp=0x00000063ca99f0d0
Event: 25.023 Thread 0x0000018e2d848800 DEOPT UNPACKING pc=0x0000018e0fab8caf sp=0x00000063ca99f070 mode 2


Dynamic libraries:
0x00007ff677e10000 - 0x00007ff677e57000 	C:\Program Files\Java\jdk-11.0.2\bin\java.exe
0x00007ff9f1da0000 - 0x00007ff9f1f90000 	C:\WINDOWS\SYSTEM32\ntdll.dll
0x00007ff9f1c70000 - 0x00007ff9f1d22000 	C:\WINDOWS\System32\KERNEL32.DLL
0x00007ff9efba0000 - 0x00007ff9efe44000 	C:\WINDOWS\System32\KERNELBASE.dll
0x00007ff9f0260000 - 0x00007ff9f0303000 	C:\WINDOWS\System32\ADVAPI32.dll
0x00007ff9efe50000 - 0x00007ff9efeee000 	C:\WINDOWS\System32\msvcrt.dll
0x00007ff9f0010000 - 0x00007ff9f00a7000 	C:\WINDOWS\System32\sechost.dll
0x00007ff9efef0000 - 0x00007ff9f0010000 	C:\WINDOWS\System32\RPCRT4.dll
0x00007ff9f1a70000 - 0x00007ff9f1c04000 	C:\WINDOWS\System32\USER32.dll
0x00007ff9efa10000 - 0x00007ff9efa31000 	C:\WINDOWS\System32\win32u.dll
0x00007ff9f0c60000 - 0x00007ff9f0c86000 	C:\WINDOWS\System32\GDI32.dll
0x00007ff9ef870000 - 0x00007ff9efa06000 	C:\WINDOWS\System32\gdi32full.dll
0x00007ff9ef700000 - 0x00007ff9ef79e000 	C:\WINDOWS\System32\msvcp_win.dll
0x00007ff9efa40000 - 0x00007ff9efb3a000 	C:\WINDOWS\System32\ucrtbase.dll
0x00007ff9e5400000 - 0x00007ff9e5684000 	C:\WINDOWS\WinSxS\amd64_microsoft.windows.common-controls_6595b64144ccf1df_6.0.18362.959_none_e6c7bbbf130c62bb\COMCTL32.dll
0x00007ff9e8a80000 - 0x00007ff9e8a8a000 	C:\WINDOWS\SYSTEM32\VERSION.dll
0x00007ff9f1680000 - 0x00007ff9f19b5000 	C:\WINDOWS\System32\combase.dll
0x00007ff9ef7c0000 - 0x00007ff9ef840000 	C:\WINDOWS\System32\bcryptPrimitives.dll
0x00007ff9f1d30000 - 0x00007ff9f1d5e000 	C:\WINDOWS\System32\IMM32.DLL
0x00007ff9e2b70000 - 0x00007ff9e2b86000 	C:\Program Files\Java\jdk-11.0.2\bin\vcruntime140.dll
0x00007ff9cdf60000 - 0x00007ff9ce00a000 	C:\Program Files\Java\jdk-11.0.2\bin\msvcp140.dll
0x00007ff9b2650000 - 0x00007ff9b3177000 	C:\Program Files\Java\jdk-11.0.2\bin\server\jvm.dll
0x00007ff9f0960000 - 0x00007ff9f0968000 	C:\WINDOWS\System32\PSAPI.DLL
0x00007ff9d5fa0000 - 0x00007ff9d5fa9000 	C:\WINDOWS\SYSTEM32\WSOCK32.dll
0x00007ff9f14e0000 - 0x00007ff9f154f000 	C:\WINDOWS\System32\WS2_32.dll
0x00007ff9eb8c0000 - 0x00007ff9eb8e4000 	C:\WINDOWS\SYSTEM32\WINMM.dll
0x00007ff9eb890000 - 0x00007ff9eb8bd000 	C:\WINDOWS\SYSTEM32\WINMMBASE.dll
0x00007ff9ef6b0000 - 0x00007ff9ef6fa000 	C:\WINDOWS\System32\cfgmgr32.dll
0x00007ff9eecb0000 - 0x00007ff9eecc1000 	C:\WINDOWS\System32\kernel.appcore.dll
0x00007ff9e1a20000 - 0x00007ff9e1a31000 	C:\Program Files\Java\jdk-11.0.2\bin\verify.dll
0x00007ff9d48c0000 - 0x00007ff9d4ab4000 	C:\WINDOWS\SYSTEM32\DBGHELP.DLL
0x00007ff9d3800000 - 0x00007ff9d382a000 	C:\WINDOWS\SYSTEM32\dbgcore.DLL
0x00007ff9d8880000 - 0x00007ff9d88a9000 	C:\Program Files\Java\jdk-11.0.2\bin\java.dll
0x00007ff9cdc50000 - 0x00007ff9cdc7f000 	C:\Program Files\Java\jdk-11.0.2\bin\instrument.dll
0x00007ff9dad60000 - 0x00007ff9dad76000 	C:\Program Files\Java\jdk-11.0.2\bin\zip.dll
0x00007ff9eb960000 - 0x00007ff9eb96a000 	C:\Program Files\Java\jdk-11.0.2\bin\jimage.dll
0x00007ff9f0c90000 - 0x00007ff9f1376000 	C:\WINDOWS\System32\SHELL32.dll
0x00007ff9f19c0000 - 0x00007ff9f1a69000 	C:\WINDOWS\System32\shcore.dll
0x00007ff9eed20000 - 0x00007ff9ef4a2000 	C:\WINDOWS\System32\windows.storage.dll
0x00007ff9eec80000 - 0x00007ff9eeca3000 	C:\WINDOWS\System32\profapi.dll
0x00007ff9eecd0000 - 0x00007ff9eed1a000 	C:\WINDOWS\System32\powrprof.dll
0x00007ff9eec50000 - 0x00007ff9eec60000 	C:\WINDOWS\System32\UMPDC.dll
0x00007ff9f1c10000 - 0x00007ff9f1c62000 	C:\WINDOWS\System32\shlwapi.dll
0x00007ff9ef7a0000 - 0x00007ff9ef7b7000 	C:\WINDOWS\System32\cryptsp.dll
0x00007ff9da3c0000 - 0x00007ff9da3d9000 	C:\Program Files\Java\jdk-11.0.2\bin\net.dll
0x00007ff9e2580000 - 0x00007ff9e2670000 	C:\WINDOWS\SYSTEM32\WINHTTP.dll
0x00007ff9e4ec0000 - 0x00007ff9e5096000 	C:\WINDOWS\SYSTEM32\urlmon.dll
0x00007ff9e4c10000 - 0x00007ff9e4eb6000 	C:\WINDOWS\SYSTEM32\iertutil.dll
0x00007ff9ee5f0000 - 0x00007ff9ee5fc000 	C:\WINDOWS\SYSTEM32\CRYPTBASE.DLL
0x00007ff9ee470000 - 0x00007ff9ee4d7000 	C:\WINDOWS\system32\mswsock.dll
0x00007ff9d9720000 - 0x00007ff9d9733000 	C:\Program Files\Java\jdk-11.0.2\bin\nio.dll
0x00007ff9d92b0000 - 0x00007ff9d92ca000 	C:\Program Files\JetBrains\IntelliJ IDEA 2018.3.4\bin\breakgen64.dll
0x00007ff9d95b0000 - 0x00007ff9d95bd000 	C:\Program Files\Java\jdk-11.0.2\bin\sunmscapi.dll
0x00007ff9ef4b0000 - 0x00007ff9ef5f9000 	C:\WINDOWS\System32\CRYPT32.dll
0x00007ff9eec60000 - 0x00007ff9eec72000 	C:\WINDOWS\System32\MSASN1.dll
0x00007ff9ee6f0000 - 0x00007ff9ee716000 	C:\WINDOWS\SYSTEM32\ncrypt.dll
0x00007ff9ef840000 - 0x00007ff9ef866000 	C:\WINDOWS\System32\bcrypt.dll
0x00007ff9ee6b0000 - 0x00007ff9ee6eb000 	C:\WINDOWS\SYSTEM32\NTASN1.dll
0x00007ff9c8dd0000 - 0x00007ff9c8df7000 	C:\Program Files\Java\jdk-11.0.2\bin\sunec.dll
0x00007ff9edff0000 - 0x00007ff9ee023000 	C:\WINDOWS\system32\rsaenh.dll
0x00007ff9eeb70000 - 0x00007ff9eeb95000 	C:\WINDOWS\SYSTEM32\USERENV.dll
0x00007ff9ee190000 - 0x00007ff9ee1ca000 	C:\WINDOWS\SYSTEM32\IPHLPAPI.DLL
0x00007ff9f0310000 - 0x00007ff9f0318000 	C:\WINDOWS\System32\NSI.dll
0x00007ff9e7ec0000 - 0x00007ff9e7ed6000 	C:\WINDOWS\SYSTEM32\dhcpcsvc6.DLL
0x00007ff9e7730000 - 0x00007ff9e774c000 	C:\WINDOWS\SYSTEM32\dhcpcsvc.DLL
0x00007ff9ee1d0000 - 0x00007ff9ee29b000 	C:\WINDOWS\SYSTEM32\DNSAPI.dll
0x00007ff9b4310000 - 0x00007ff9b44af000 	C:\Program Files\Java\jdk-11.0.2\bin\awt.dll
0x00007ff9f15b0000 - 0x00007ff9f1675000 	C:\WINDOWS\System32\OLEAUT32.dll
0x00007ff9eb9c0000 - 0x00007ff9ebf80000 	C:\WINDOWS\SYSTEM32\d2d1.dll
0x00007ff9ece80000 - 0x00007ff9ecf0f000 	C:\WINDOWS\SYSTEM32\apphelp.dll
0x00007ff9ecf80000 - 0x00007ff9ed019000 	C:\WINDOWS\system32\uxtheme.dll
0x00007ff9f0b20000 - 0x00007ff9f0c55000 	C:\WINDOWS\System32\MSCTF.dll
0x00007ff9f1380000 - 0x00007ff9f14d7000 	C:\WINDOWS\System32\ole32.dll
0x00007ff9ed580000 - 0x00007ff9ed5ad000 	C:\WINDOWS\system32\DWMAPI.DLL
0x00007ff9c0260000 - 0x00007ff9c03b6000 	C:\WINDOWS\system32\opengl32.dll
0x00007ff9d8230000 - 0x00007ff9d825c000 	C:\WINDOWS\SYSTEM32\GLU32.dll
0x00007ff9ed880000 - 0x00007ff9ed8a0000 	C:\WINDOWS\SYSTEM32\dxcore.dll
0x00007ff9e4730000 - 0x00007ff9e48f7000 	C:\WINDOWS\system32\d3d9.dll
0x00007ff9e83e0000 - 0x00007ff9e84cf000 	C:\WINDOWS\System32\DriverStore\FileRepository\nv_dispi.inf_amd64_3fbb9bb1983b9ed9\nvldumdx.dll
0x00007ff9e8a50000 - 0x00007ff9e8a7f000 	C:\WINDOWS\SYSTEM32\cryptnet.dll
0x00007ff9efb40000 - 0x00007ff9efb9c000 	C:\WINDOWS\System32\WINTRUST.DLL
0x00007ff9f00b0000 - 0x00007ff9f00cd000 	C:\WINDOWS\System32\imagehlp.dll
0x00007ff9a8e40000 - 0x00007ff9aa347000 	C:\WINDOWS\System32\DriverStore\FileRepository\nv_dispi.inf_amd64_3fbb9bb1983b9ed9\nvd3dumx.dll
0x00007ff9c4de0000 - 0x00007ff9c50a4000 	C:\WINDOWS\system32\nvspcap64.dll
0x00007ff9edc70000 - 0x00007ff9edca1000 	C:\WINDOWS\SYSTEM32\ntmarta.dll
0x00007ff9ed830000 - 0x00007ff9ed852000 	C:\WINDOWS\SYSTEM32\gpapi.dll
0x00007ff9bf430000 - 0x00007ff9bf4b0000 	C:\Program Files\Java\jdk-11.0.2\bin\freetype.dll
0x00007ff9bda90000 - 0x00007ff9bdaff000 	C:\Program Files\Java\jdk-11.0.2\bin\fontmanager.dll
0x00007ff9dde80000 - 0x00007ff9ddf1e000 	C:\WINDOWS\System32\TextInputFramework.dll
0x00007ff9ecba0000 - 0x00007ff9ecc74000 	C:\WINDOWS\System32\CoreMessaging.dll
0x00007ff9eaa00000 - 0x00007ff9ead2a000 	C:\WINDOWS\System32\CoreUIComponents.dll
0x00007ff9ea860000 - 0x00007ff9ea9b3000 	C:\WINDOWS\SYSTEM32\wintypes.dll
0x00007ff9e5b20000 - 0x00007ff9e5b2a000 	C:\Windows\System32\rasadhlp.dll
0x00007ff9e7250000 - 0x00007ff9e72c7000 	C:\WINDOWS\System32\fwpuclnt.dll
0x00007ff9c0c50000 - 0x00007ff9c0c92000 	C:\Users\Poppro\AppData\Local\Temp\jna--1898676516\jna15190929562947327722.dll
0x00007ff9afa10000 - 0x00007ff9afaac000 	C:\Users\Poppro\AppData\Local\Temp\jna--1898676516\jna14865595492059547192.dll
0x00007ff9b1d80000 - 0x00007ff9b1dff000 	C:\Program Files\Java\jdk-11.0.2\bin\mlib_image.dll
0x00007ff9f0150000 - 0x00007ff9f01f2000 	C:\WINDOWS\System32\clbcatq.dll
0x00007ff9e9fc0000 - 0x00007ff9ea16f000 	C:\WINDOWS\SYSTEM32\WindowsCodecs.dll
0x00007ff9e3160000 - 0x00007ff9e319a000 	C:\WINDOWS\system32\dataexchange.dll
0x00007ff9ebf80000 - 0x00007ff9ec1db000 	C:\WINDOWS\system32\d3d11.dll
0x00007ff9ec650000 - 0x00007ff9ec82d000 	C:\WINDOWS\system32\dcomp.dll
0x00007ff9ed910000 - 0x00007ff9ed9fb000 	C:\WINDOWS\system32\dxgi.dll
0x00007ff9ed040000 - 0x00007ff9ed2a2000 	C:\WINDOWS\system32\twinapi.appcore.dll
0x00007ff9ed490000 - 0x00007ff9ed4b9000 	C:\WINDOWS\system32\RMCLIENT.dll
0x00007ff9c1460000 - 0x00007ff9c1472000 	C:\Program Files\Java\jdk-11.0.2\bin\jsound.dll
0x00007ff9cfc30000 - 0x00007ff9cfcc9000 	C:\WINDOWS\SYSTEM32\DSOUND.dll
0x00007ff9e8870000 - 0x00007ff9e88e2000 	C:\WINDOWS\System32\MMDevApi.dll
0x00007ff9eea50000 - 0x00007ff9eea7a000 	C:\WINDOWS\System32\DEVOBJ.dll
0x00007ff9e7db0000 - 0x00007ff9e7df4000 	C:\WINDOWS\SYSTEM32\wdmaud.drv
0x00007ff9eb1b0000 - 0x00007ff9eb1ba000 	C:\WINDOWS\SYSTEM32\AVRT.dll
0x00007ff9eb8f0000 - 0x00007ff9eb8f9000 	C:\WINDOWS\SYSTEM32\ksuser.dll
0x00007ff9e88f0000 - 0x00007ff9e8a4d000 	C:\WINDOWS\SYSTEM32\AUDIOSES.DLL
0x00007ff9eb580000 - 0x00007ff9eb58d000 	C:\WINDOWS\SYSTEM32\msacm32.drv
0x00007ff9e0cd0000 - 0x00007ff9e0cec000 	C:\WINDOWS\SYSTEM32\MSACM32.dll
0x00007ff9e7da0000 - 0x00007ff9e7daa000 	C:\WINDOWS\SYSTEM32\midimap.dll
0x00007ff9ed2b0000 - 0x00007ff9ed2c4000 	C:\WINDOWS\SYSTEM32\resourcepolicyclient.dll
0x00007ff9dcfb0000 - 0x00007ff9dd101000 	C:\Windows\System32\Windows.UI.dll
0x00007ff9dd680000 - 0x00007ff9dd79b000 	C:\Windows\System32\InputHost.dll
0x00007ff9eb280000 - 0x00007ff9eb370000 	C:\Windows\System32\PROPSYS.dll
0x00007ff9b6c50000 - 0x00007ff9b6c7d000 	C:\Program Files\Java\jdk-11.0.2\bin\javajpeg.dll
0x00007ff9ea3a0000 - 0x00007ff9ea3a9000 	C:\Program Files\Java\jdk-11.0.2\bin\management.dll
0x00007ff9e7ce0000 - 0x00007ff9e7cec000 	C:\Program Files\Java\jdk-11.0.2\bin\management_ext.dll
0x000000006e8c0000 - 0x000000006e8cd000 	C:\Users\Poppro\AppData\Local\Temp\jogamp_0000\file_cache\jln16155134176602851890\jln12216290132481875583\natives\windows-amd64\gluegen_rt.dll
0x00007ff9d75e0000 - 0x00007ff9d75e7000 	C:\Program Files\Java\jdk-11.0.2\bin\jawt.dll
0x000000006a440000 - 0x000000006a44d000 	C:\Users\Poppro\AppData\Local\Temp\jogamp_0000\file_cache\jln16155134176602851890\jln12216290132481875583\natives\windows-amd64\nativewindow_awt.dll
0x00007ff9e9690000 - 0x00007ff9e973e000 	C:\WINDOWS\SYSTEM32\mscms.dll
0x00007ff9e9640000 - 0x00007ff9e9657000 	C:\WINDOWS\SYSTEM32\ColorAdapterClient.dll

dbghelp: loaded successfully - version: 4.0.5 - missing functions: none
symbol engine: initialized successfully - sym options: 0x614 - pdb path: .;C:\Program Files\Java\jdk-11.0.2\bin;C:\WINDOWS\SYSTEM32;C:\WINDOWS\WinSxS\amd64_microsoft.windows.common-controls_6595b64144ccf1df_6.0.18362.959_none_e6c7bbbf130c62bb;C:\Program Files\Java\jdk-11.0.2\bin\server;C:\Program Files\JetBrains\IntelliJ IDEA 2018.3.4\bin;C:\WINDOWS\System32\DriverStore\FileRepository\nv_dispi.inf_amd64_3fbb9bb1983b9ed9;C:\Users\Poppro\AppData\Local\Temp\jna--1898676516;C:\Users\Poppro\AppData\Local\Temp\jogamp_0000\file_cache\jln16155134176602851890\jln12216290132481875583\natives\windows-amd64;C:\Users\Poppro\Anaconda3\Library\bin

VM Arguments:
jvm_args: -ea -javaagent:C:\Program Files\JetBrains\IntelliJ IDEA 2018.3.4\lib\idea_rt.jar=18211:C:\Program Files\JetBrains\IntelliJ IDEA 2018.3.4\bin -Dfile.encoding=UTF-8 
java_command: net.runelite.client.RuneLite --developer-mode
java_class_path (initial): C:\Users\Poppro\Desktop\runelite\runelite-client\target\classes;C:\Users\Poppro\.m2\repository\org\slf4j\slf4j-api\1.7.25\slf4j-api-1.7.25.jar;C:\Users\Poppro\.m2\repository\ch\qos\logback\logback-classic\1.2.3\logback-classic-1.2.3.jar;C:\Users\Poppro\.m2\repository\ch\qos\logback\logback-core\1.2.3\logback-core-1.2.3.jar;C:\Users\Poppro\.m2\repository\net\sf\jopt-simple\jopt-simple\5.0.1\jopt-simple-5.0.1.jar;C:\Users\Poppro\.m2\repository\com\google\guava\guava\23.2-jre\guava-23.2-jre.jar;C:\Users\Poppro\.m2\repository\com\google\inject\guice\4.1.0\guice-4.1.0-no_aop.jar;C:\Users\Poppro\.m2\repository\javax\inject\javax.inject\1\javax.inject-1.jar;C:\Users\Poppro\.m2\repository\aopalliance\aopalliance\1.0\aopalliance-1.0.jar;C:\Users\Poppro\.m2\repository\com\google\code\gson\gson\2.8.5\gson-2.8.5.jar;C:\Users\Poppro\.m2\repository\net\runelite\pushingpixels\substance\8.0.02\substance-8.0.02.jar;C:\Users\Poppro\.m2\repository\net\runelite\pushingpixels\trident\1.5.00\trident-1.5.00.jar;C:\Users\Poppro\.m2\repository\org\apache\commons\commons-text\1.2\commons-text-1.2.jar;C:\Users\Poppro\.m2\repository\org\apache\commons\commons-lang3\3.7\commons-lang3-3.7.jar;C:\Users\Poppro\.m2\repository\net\runelite\jogl\jogl-all\2.4.0-rc-20200429\jogl-all-2.4.0-rc-20200429.jar;C:\Users\Poppro\.m2\repository\net\runelite\jogl\jogl-all\2.4.0-rc-20200429\jogl-all-2.4.0-rc-20200429-natives-windows-amd64.jar;C:\Users\Poppro\.m2\repository\net\runelite\jogl\jogl-all\2.4.0-rc-20200429\jogl-all-2.4.0-rc-20200429-natives-windows-i586.jar;C:\Users\Poppro\.m2\repository\net\runelite\jogl\jogl-all\2.4.0-rc-20200429\jogl-all-2.4.0-rc-20200429-natives-linux-amd64.jar;C:\Users\Poppro\.m2\repository\net\runelite\jogl\jogl-all\2.4.0-rc-20200429\jogl-all-2.4.0-rc-20200429-natives-macosx-universal.jar;C:\Users\Poppro\.m2\repository\net\runelite\gluegen\gluegen-rt\2.4.0-rc-20200429\gluegen-rt-2.4.0-rc-20200429.jar;C:\Users\Poppro\.m2\repository\net\runelite\gluegen\
Launcher Type: SUN_STANDARD

[Global flags]
     intx CICompilerCount                          = 4                                         {product} {ergonomic}
     uint ConcGCThreads                            = 2                                         {product} {ergonomic}
     uint G1ConcRefinementThreads                  = 8                                         {product} {ergonomic}
   size_t G1HeapRegionSize                         = 1048576                                   {product} {ergonomic}
    uintx GCDrainStackTargetSize                   = 64                                        {product} {ergonomic}
   size_t InitialHeapSize                          = 268435456                                 {product} {ergonomic}
   size_t MarkStackSize                            = 4194304                                   {product} {ergonomic}
   size_t MaxHeapSize                              = 4286578688                                {product} {ergonomic}
   size_t MaxNewSize                               = 2571108352                                {product} {ergonomic}
   size_t MinHeapDeltaBytes                        = 1048576                                   {product} {ergonomic}
    uintx NonNMethodCodeHeapSize                   = 5835340                                {pd product} {ergonomic}
    uintx NonProfiledCodeHeapSize                  = 122911450                              {pd product} {ergonomic}
    uintx ProfiledCodeHeapSize                     = 122911450                              {pd product} {ergonomic}
    uintx ReservedCodeCacheSize                    = 251658240                              {pd product} {ergonomic}
     bool SegmentedCodeCache                       = true                                      {product} {ergonomic}
     bool UseCompressedClassPointers               = true                                 {lp64_product} {ergonomic}
     bool UseCompressedOops                        = true                                 {lp64_product} {ergonomic}
     bool UseG1GC                                  = true                                      {product} {ergonomic}
     bool UseLargePagesIndividualAllocation        = false                                  {pd product} {ergonomic}

Logging:
Log output configuration:
 #0: stdout all=warning uptime,level,tags
 #1: stderr all=off uptime,level,tags

Environment Variables:
PATH=C:\Program Files\NVIDIA GPU Computing Toolkit\CUDA\v9.0\bin;C:\Program Files\NVIDIA GPU Computing Toolkit\CUDA\v9.0\libnvvp;C:\Program Files (x86)\Common Files\Oracle\Java\javapath;C:\WINDOWS\system32;C:\WINDOWS;C:\WINDOWS\System32\Wbem;C:\WINDOWS\System32\WindowsPowerShell\v1.0\;C:\WINDOWS\System32\OpenSSH\;C:\Program Files\Git\cmd;C:\Program Files\PuTTY\;C:\Program Files\CMake\bin;C:\Program Files\nodejs\;C:\Program Files (x86)\NVIDIA Corporation\PhysX\Common;C:\Program Files\NVIDIA Corporation\NVIDIA NvDLISR;C:\Program Files\Amazon\AWSCLI\bin\;C:\WINDOWS\system32;C:\WINDOWS;C:\WINDOWS\System32\Wbem;C:\WINDOWS\System32\WindowsPowerShell\v1.0\;C:\WINDOWS\System32\OpenSSH\;C:\Program Files\NVIDIA GPU Computing Toolkit\CUDA\v9.0;C:\Users\Poppro\Anaconda3;C:\Users\Poppro\Anaconda3\Library\mingw-w64\bin;C:\Users\Poppro\Anaconda3\Library\usr\bin;C:\Users\Poppro\Anaconda3\Library\bin;C:\Users\Poppro\Anaconda3\Scripts;C:\Users\Poppro\AppData\Local\Programs\Python\Python37-32\Scripts\;C:\Users\Poppro\AppData\Local\Programs\Python\Python37-32\;C:\Users\Poppro\AppData\Local\Microsoft\WindowsApps;C:\Users\Poppro\AppData\Local\atom\bin;C:\Users\Poppro\AppData\Roaming\npm;C:\Users\Poppro\AppData\Local\Microsoft\WindowsApps;C:\Program Files (x86)\Nmap
USERNAME=Poppro
OS=Windows_NT
PROCESSOR_IDENTIFIER=AMD64 Family 21 Model 2 Stepping 0, AuthenticAMD



---------------  S Y S T E M  ---------------

OS: Windows 10 , 64 bit Build 18362 (10.0.18362.959)

CPU:total 8 (initial active 8) (8 cores per cpu, 1 threads per core) family 21 model 2 stepping 0, cmov, cx8, fxsr, mmx, sse, sse2, sse3, ssse3, sse4.1, sse4.2, popcnt, avx, aes, clmul, mmxext, 3dnowpref, lzcnt, sse4a, tsc, tscinvbit, tscinv, bmi1, fma

Memory: 4k page, system-wide physical 16344M (3875M free)
TotalPageFile size 23644M (AvailPageFile size 3013M)
current process WorkingSet (physical memory assigned to process): 534M, peak: 544M
current process commit charge ("private bytes"): 1195M, peak: 1204M

vm_info: Java HotSpot(TM) 64-Bit Server VM (11.0.2+9-LTS) for windows-amd64 JRE (11.0.2+9-LTS), built on Jan 18 2019 05:24:10 by "mach5one" with MS VC++ 15.5 (VS2017)

END.
